Seq	Host	Starttime	JobRuntime	Send	Receive	Exitval	Signal	Command
1	:	1522436645.586	    10.677	0	0	124	0	cd /home/guilhermel/Programs/tf_faun/Benchs/MiBench/automotive-basicmath && timeout --signal=TERM 10s time ./automotive-basicmath.exe  < /dev/stdin > /dev/null
2	:	1522436645.588	    10.679	0	0	124	0	cd /home/guilhermel/Programs/tf_faun/Benchs/MiBench/automotive-bitcount && timeout --signal=TERM 10s time ./automotive-bitcount.exe  1125000  < /dev/stdin > /dev/null
3	:	1522436645.591	    10.680	0	0	124	0	cd /home/guilhermel/Programs/tf_faun/Benchs/MiBench/automotive-susan && timeout --signal=TERM 10s time ./automotive-susan.exe  input_large.pgm Output/output_large.smoothing.pgm -s  < /dev/stdin > /dev/null
4	:	1522436645.593	    10.684	0	0	124	0	cd /home/guilhermel/Programs/tf_faun/Benchs/MiBench/consumer-jpeg && timeout --signal=TERM 10s time ./consumer-jpeg.exe  -dct int -ppm -outfile Output/output_large_decode.ppm input_large.jpg  < /dev/stdin > /dev/null
5	:	1522436645.598	   120.450	0	0	124	0	cd /home/guilhermel/Programs/tf_faun/Benchs/ASC_Sequoia/AMGmk && timeout --signal=TERM 2m time ./AMGmk.exe  < /dev/stdin > /dev/null
6	:	1522436645.600	   120.451	0	0	124	0	cd /home/guilhermel/Programs/tf_faun/Benchs/ASC_Sequoia/CrystalMk && timeout --signal=TERM 2m time ./CrystalMK.exe  < /dev/stdin > /dev/null
7	:	1522436645.603	   120.450	0	0	124	0	cd /home/guilhermel/Programs/tf_faun/Benchs/ASC_Sequoia/IRSmk && timeout --signal=TERM 2m time ./IRSmk.exe  irsmk_input  < /dev/stdin > /dev/null
8	:	1522436645.606	   120.450	0	0	124	0	cd /home/guilhermel/Programs/tf_faun/Benchs/BenchmarkGame/fannkuch && timeout --signal=TERM 2m time ./fannkuch.exe   < /dev/stdin > /dev/null
9	:	1522436645.608	   120.453	0	0	124	0	cd /home/guilhermel/Programs/tf_faun/Benchs/BenchmarkGame/n-body && timeout --signal=TERM 2m time ./nbody.exe   < /dev/stdin > /dev/null
10	:	1522436645.612	   120.453	0	0	124	0	cd /home/guilhermel/Programs/tf_faun/Benchs/BenchmarkGame/nsieve-bits && timeout --signal=TERM 2m time ./nsieve-bits.exe   < /dev/stdin > /dev/null
11	:	1522436645.616	   120.460	0	0	124	0	cd /home/guilhermel/Programs/tf_faun/Benchs/BenchmarkGame/partialsums && timeout --signal=TERM 2m time ./partialsums.exe   < /dev/stdin > /dev/null
12	:	1522436656.268	   120.799	0	0	124	0	cd /home/guilhermel/Programs/tf_faun/Benchs/BenchmarkGame/puzzle && timeout --signal=TERM 2m time ./puzzle.exe   < /dev/stdin > /dev/null
13	:	1522436656.272	   120.799	0	0	124	0	cd /home/guilhermel/Programs/tf_faun/Benchs/BenchmarkGame/recursive && timeout --signal=TERM 2m time ./recursive.exe   < /dev/stdin > /dev/null
14	:	1522436656.277	   120.798	0	0	124	0	cd /home/guilhermel/Programs/tf_faun/Benchs/BenchmarkGame/spectral-norm && timeout --signal=TERM 2m time ./spectral-norm.exe   < /dev/stdin > /dev/null
15	:	1522436656.280	   120.799	0	0	124	0	cd /home/guilhermel/Programs/tf_faun/Benchs/BitBench/drop3 && timeout --signal=TERM 2m time ./drop3.exe  input-file  < /dev/stdin > /dev/null
16	:	1522436766.051	   120.705	0	0	124	0	cd /home/guilhermel/Programs/tf_faun/Benchs/BitBench/five11 && timeout --signal=TERM 2m time ./five11.exe  input-file  < /dev/stdin > /dev/null
17	:	1522436766.054	   120.709	0	0	124	0	cd /home/guilhermel/Programs/tf_faun/Benchs/BitBench/uudecode && timeout --signal=TERM 2m time ./uudecode.exe  input-file  < /dev/stdin > /dev/null
18	:	1522436766.057	   120.710	0	0	124	0	cd /home/guilhermel/Programs/tf_faun/Benchs/BitBench/uuencode && timeout --signal=TERM 2m time ./uuencode.exe  input  < /dev/stdin > /dev/null
19	:	1522436766.061	   120.708	0	0	124	0	cd /home/guilhermel/Programs/tf_faun/Benchs/CoyoteBench/almabench && timeout --signal=TERM 2m time ./almabench.exe   < /dev/stdin > /dev/null
20	:	1522436766.065	   120.708	0	0	124	0	cd /home/guilhermel/Programs/tf_faun/Benchs/CoyoteBench/huffbench && timeout --signal=TERM 2m time ./huffbench.exe   < /dev/stdin > /dev/null
21	:	1522436766.076	   120.702	0	0	124	0	cd /home/guilhermel/Programs/tf_faun/Benchs/CoyoteBench/lpbench && timeout --signal=TERM 2m time ./lpbench.exe   < /dev/stdin > /dev/null
22	:	1522436766.090	   120.694	0	0	124	0	cd /home/guilhermel/Programs/tf_faun/Benchs/DOE_ProxyApps_C/miniAMR && timeout --signal=TERM 2m time ./miniAMR.exe  --nx 8 --ny 8 --nz 8 --num_tsteps 100  < /dev/stdin > /dev/null
31	:	1522436886.778	     0.551	0	0	0	0	cd /home/guilhermel/Programs/tf_faun/Benchs/McGill/exptree && timeout --signal=TERM 2m time ./exptree.exe   < /dev/stdin > /dev/null
23	:	1522436777.071	   120.646	0	0	124	0	cd /home/guilhermel/Programs/tf_faun/Benchs/DOE_ProxyApps_C/miniGMG && timeout --signal=TERM 2m time ./miniGMG.exe  6  2 2 2  1 1 1  < /dev/stdin > /dev/null
24	:	1522436777.075	   120.648	0	0	124	0	cd /home/guilhermel/Programs/tf_faun/Benchs/DOE_ProxyApps_C/Pathfinder && timeout --signal=TERM 2m time ./Pathfinder.exe  -x medsmall1.adj_list  < /dev/stdin > /dev/null
25	:	1522436777.079	   120.648	0	0	124	0	cd /home/guilhermel/Programs/tf_faun/Benchs/DOE_ProxyApps_C/RSBench && timeout --signal=TERM 2m time ./RSBench.exe  -s small -l 100000 -p 1000 -w 1000  < /dev/stdin > /dev/null
26	:	1522436777.082	   120.648	0	0	124	0	cd /home/guilhermel/Programs/tf_faun/Benchs/DOE_ProxyApps_C/SimpleMOC && timeout --signal=TERM 2m time ./SimpleMOC.exe  -i default.in  < /dev/stdin > /dev/null
37	:	1522436897.731	    72.972	0	0	0	0	cd /home/guilhermel/Programs/tf_faun/Benchs/MiBench/consumer-jpeg && timeout --signal=TERM 2m time ./consumer-jpeg.exe  -dct int -ppm -outfile Output/output_large_decode.ppm input_large.jpg  < /dev/stdin > /dev/null
27	:	1522436886.763	   120.790	0	0	124	0	cd /home/guilhermel/Programs/tf_faun/Benchs/DOE_ProxyApps_C/XSBench && timeout --signal=TERM 2m time ./XSBench.exe  -s small -g 1250 -l 1000000  < /dev/stdin > /dev/null
28	:	1522436886.767	   120.791	0	0	124	0	cd /home/guilhermel/Programs/tf_faun/Benchs/Dhrystone/dry && timeout --signal=TERM 2m time ./dry.exe   < /dev/stdin > /dev/null
29	:	1522436886.770	   120.796	0	0	124	0	cd /home/guilhermel/Programs/tf_faun/Benchs/Dhrystone/fldry && timeout --signal=TERM 2m time ./fldry.exe   < /dev/stdin > /dev/null
30	:	1522436886.774	   120.796	0	0	124	0	cd /home/guilhermel/Programs/tf_faun/Benchs/McGill/chomp && timeout --signal=TERM 2m time ./chomp.exe   < /dev/stdin > /dev/null
32	:	1522436886.783	   120.792	0	0	124	0	cd /home/guilhermel/Programs/tf_faun/Benchs/McGill/misr && timeout --signal=TERM 2m time ./misr.exe   < /dev/stdin > /dev/null
33	:	1522436886.788	   120.792	0	0	124	0	cd /home/guilhermel/Programs/tf_faun/Benchs/McGill/queens && timeout --signal=TERM 2m time ./queens.exe   < /dev/stdin > /dev/null
34	:	1522436887.334	   120.256	0	0	124	0	cd /home/guilhermel/Programs/tf_faun/Benchs/MiBench/automotive-basicmath && timeout --signal=TERM 2m time ./automotive-basicmath.exe  < /dev/stdin > /dev/null
42	:	1522437007.570	     0.039	0	0	0	0	cd /home/guilhermel/Programs/tf_faun/Benchs/MiBench/security-blowfish && timeout --signal=TERM 2m time ./security-blowfish.exe  d output_large.enc output_large.asc 1234567890abcdeffedcba0987654321  < /dev/stdin > /dev/null
41	:	1522437007.566	     7.246	0	0	0	0	cd /home/guilhermel/Programs/tf_faun/Benchs/MiBench/office-stringsearch && timeout --signal=TERM 2m time ./office-stringsearch.exe  < /dev/stdin > /dev/null
35	:	1522436897.723	   120.299	0	0	124	0	cd /home/guilhermel/Programs/tf_faun/Benchs/MiBench/automotive-bitcount && timeout --signal=TERM 2m time ./automotive-bitcount.exe  1125000  < /dev/stdin > /dev/null
36	:	1522436897.727	   120.301	0	0	124	0	cd /home/guilhermel/Programs/tf_faun/Benchs/MiBench/automotive-susan && timeout --signal=TERM 2m time ./automotive-susan.exe  input_large.pgm Output/output_large.smoothing.pgm -s  < /dev/stdin > /dev/null
38	:	1522436897.735	   120.297	0	0	124	0	cd /home/guilhermel/Programs/tf_faun/Benchs/MiBench/consumer-lame && timeout --signal=TERM 2m time ./consumer-lame.exe  large.wav Output/output_large.mp3  < /dev/stdin > /dev/null
40	:	1522437007.558	    39.029	0	0	0	0	cd /home/guilhermel/Programs/tf_faun/Benchs/MiBench/network-patricia && timeout --signal=TERM 2m time ./network-patricia.exe  large.udp  < /dev/stdin > /dev/null
46	:	1522437007.610	    67.575	0	0	0	0	cd /home/guilhermel/Programs/tf_faun/Benchs/MiBench/telecomm-FFT && timeout --signal=TERM 2m time ./telecomm-FFT.exe  8 32768 -i  < /dev/stdin > /dev/null
39	:	1522436970.707	   120.935	0	0	124	0	cd /home/guilhermel/Programs/tf_faun/Benchs/MiBench/network-dijkstra && timeout --signal=TERM 2m time ./network-dijkstra.exe  input.dat  < /dev/stdin > /dev/null
43	:	1522437007.575	   120.303	0	0	124	0	cd /home/guilhermel/Programs/tf_faun/Benchs/MiBench/security-rijndael && timeout --signal=TERM 2m time ./security-rijndael.exe  input_large.asc large.enc e 1234567890abcdeffedcba09876543211234567890abcdeffedcba0987654321  < /dev/stdin > /dev/null
44	:	1522437007.581	   120.302	0	0	124	0	cd /home/guilhermel/Programs/tf_faun/Benchs/MiBench/security-sha && timeout --signal=TERM 2m time ./security-sha.exe  input_large.asc  < /dev/stdin > /dev/null
45	:	1522437007.591	   120.296	0	0	124	0	cd /home/guilhermel/Programs/tf_faun/Benchs/MiBench/telecomm-CRC32 && timeout --signal=TERM 2m time ./telecomm-CRC32.exe  large.pcm  < /dev/stdin > /dev/null
47	:	1522437007.618	   120.274	0	0	124	0	cd /home/guilhermel/Programs/tf_faun/Benchs/Misc/dt && timeout --signal=TERM 2m time ./dt.exe   < /dev/stdin > /dev/null
48	:	1522437014.831	   121.007	0	0	124	0	cd /home/guilhermel/Programs/tf_faun/Benchs/Misc/evalloop && timeout --signal=TERM 2m time ./evalloop.exe   < /dev/stdin > /dev/null
49	:	1522437018.028	   120.326	0	0	124	0	cd /home/guilhermel/Programs/tf_faun/Benchs/Misc/fbench && timeout --signal=TERM 2m time ./fbench.exe   < /dev/stdin > /dev/null
50	:	1522437018.032	   120.327	0	0	124	0	cd /home/guilhermel/Programs/tf_faun/Benchs/Misc/ffbench && timeout --signal=TERM 2m time ./ffbench.exe   < /dev/stdin > /dev/null
51	:	1522437018.037	   120.328	0	0	124	0	cd /home/guilhermel/Programs/tf_faun/Benchs/Misc/flops && timeout --signal=TERM 2m time ./flops.exe   < /dev/stdin > /dev/null
52	:	1522437046.593	   120.707	0	0	124	0	cd /home/guilhermel/Programs/tf_faun/Benchs/Misc/flops-1 && timeout --signal=TERM 2m time ./flops-1.exe   < /dev/stdin > /dev/null
53	:	1522437075.190	   120.026	0	0	124	0	cd /home/guilhermel/Programs/tf_faun/Benchs/Misc/flops-2 && timeout --signal=TERM 2m time ./flops-2.exe   < /dev/stdin > /dev/null
54	:	1522437091.648	   120.040	0	0	124	0	cd /home/guilhermel/Programs/tf_faun/Benchs/Misc/flops-3 && timeout --signal=TERM 2m time ./flops-3.exe   < /dev/stdin > /dev/null
55	:	1522437127.884	   120.281	0	0	124	0	cd /home/guilhermel/Programs/tf_faun/Benchs/Misc/flops-4 && timeout --signal=TERM 2m time ./flops-4.exe   < /dev/stdin > /dev/null
56	:	1522437127.888	   120.283	0	0	124	0	cd /home/guilhermel/Programs/tf_faun/Benchs/Misc/flops-5 && timeout --signal=TERM 2m time ./flops-5.exe   < /dev/stdin > /dev/null
57	:	1522437127.893	   120.285	0	0	124	0	cd /home/guilhermel/Programs/tf_faun/Benchs/Misc/flops-6 && timeout --signal=TERM 2m time ./flops-6.exe   < /dev/stdin > /dev/null
58	:	1522437127.897	   120.286	0	0	124	0	cd /home/guilhermel/Programs/tf_faun/Benchs/Misc/flops-7 && timeout --signal=TERM 2m time ./flops-7.exe   < /dev/stdin > /dev/null
59	:	1522437135.842	   120.378	0	0	124	0	cd /home/guilhermel/Programs/tf_faun/Benchs/Misc/flops-8 && timeout --signal=TERM 2m time ./flops-8.exe   < /dev/stdin > /dev/null
70	:	1522437256.227	     0.509	0	0	0	0	cd /home/guilhermel/Programs/tf_faun/Benchs/Misc/revertBits && timeout --signal=TERM 2m time ./revertBits.exe   < /dev/stdin > /dev/null
60	:	1522437138.360	   120.096	0	0	124	0	cd /home/guilhermel/Programs/tf_faun/Benchs/Misc/fp-convert && timeout --signal=TERM 2m time ./fp-convert.exe   < /dev/stdin > /dev/null
61	:	1522437138.365	   120.096	0	0	124	0	cd /home/guilhermel/Programs/tf_faun/Benchs/Misc/himenobmtxpa && timeout --signal=TERM 2m time ./himenobmtxpa.exe   < /dev/stdin > /dev/null
62	:	1522437138.369	   120.098	0	0	124	0	cd /home/guilhermel/Programs/tf_faun/Benchs/Misc/lowercase && timeout --signal=TERM 2m time ./lowercase.exe   < /dev/stdin > /dev/null
63	:	1522437167.305	   120.016	0	0	124	0	cd /home/guilhermel/Programs/tf_faun/Benchs/Misc/mandel && timeout --signal=TERM 2m time ./mandel.exe   < /dev/stdin > /dev/null
64	:	1522437195.222	   120.264	0	0	124	0	cd /home/guilhermel/Programs/tf_faun/Benchs/Misc/mandel-2 && timeout --signal=TERM 2m time ./mandel-2.exe   < /dev/stdin > /dev/null
65	:	1522437211.695	   120.404	0	0	124	0	cd /home/guilhermel/Programs/tf_faun/Benchs/Misc/matmul_f64_4x4 && timeout --signal=TERM 2m time ./matmul_f64_4x4.exe   < /dev/stdin > /dev/null
74	:	1522437258.472	    78.769	0	0	0	0	cd /home/guilhermel/Programs/tf_faun/Benchs/Shootout/ackermann && timeout --signal=TERM 2m time ./ackermann.exe   < /dev/stdin > /dev/null
66	:	1522437248.172	   120.815	0	0	124	0	cd /home/guilhermel/Programs/tf_faun/Benchs/Misc/oourafft && timeout --signal=TERM 2m time ./oourafft.exe   < /dev/stdin > /dev/null
67	:	1522437248.178	   120.816	0	0	124	0	cd /home/guilhermel/Programs/tf_faun/Benchs/Misc/perlin && timeout --signal=TERM 2m time ./perlin.exe   < /dev/stdin > /dev/null
68	:	1522437248.182	   120.818	0	0	124	0	cd /home/guilhermel/Programs/tf_faun/Benchs/Misc/pi && timeout --signal=TERM 2m time ./pi.exe   < /dev/stdin > /dev/null
69	:	1522437248.199	   120.806	0	0	124	0	cd /home/guilhermel/Programs/tf_faun/Benchs/Misc/ReedSolomon && timeout --signal=TERM 2m time ./ReedSolomon.exe   < /dev/stdin > /dev/null
79	:	1522437368.995	     0.015	0	0	0	0	cd /home/guilhermel/Programs/tf_faun/Benchs/Shootout/hello && timeout --signal=TERM 2m time ./hello.exe   < /dev/stdin > /dev/null
71	:	1522437256.744	   120.153	0	0	124	0	cd /home/guilhermel/Programs/tf_faun/Benchs/Misc/richards_benchmark && timeout --signal=TERM 2m time ./richards_benchmark.exe   < /dev/stdin > /dev/null
72	:	1522437258.462	   120.099	0	0	124	0	cd /home/guilhermel/Programs/tf_faun/Benchs/Misc/salsa20 && timeout --signal=TERM 2m time ./salsa20.exe   < /dev/stdin > /dev/null
73	:	1522437258.467	   120.099	0	0	124	0	cd /home/guilhermel/Programs/tf_faun/Benchs/Misc/whetstone && timeout --signal=TERM 2m time ./whetstone.exe   < /dev/stdin > /dev/null
75	:	1522437287.327	   120.344	0	0	124	0	cd /home/guilhermel/Programs/tf_faun/Benchs/Shootout/ary3 && timeout --signal=TERM 2m time ./ary3.exe   < /dev/stdin > /dev/null
76	:	1522437315.491	   120.601	0	0	124	0	cd /home/guilhermel/Programs/tf_faun/Benchs/Shootout/fib2 && timeout --signal=TERM 2m time ./fib2.exe   < /dev/stdin > /dev/null
77	:	1522437332.105	   120.746	0	0	124	0	cd /home/guilhermel/Programs/tf_faun/Benchs/Shootout/hash && timeout --signal=TERM 2m time ./hash.exe   < /dev/stdin > /dev/null
78	:	1522437337.246	   120.806	0	0	124	0	cd /home/guilhermel/Programs/tf_faun/Benchs/Shootout/heapsort && timeout --signal=TERM 2m time ./heapsort.exe   < /dev/stdin > /dev/null
90	:	1522437458.058	    14.385	0	0	0	0	cd /home/guilhermel/Programs/tf_faun/Benchs/Stanford/IntMM && timeout --signal=TERM 2m time ./IntMM.exe   < /dev/stdin > /dev/null
80	:	1522437369.000	   120.496	0	0	124	0	cd /home/guilhermel/Programs/tf_faun/Benchs/Shootout/lists && timeout --signal=TERM 2m time ./lists.exe   < /dev/stdin > /dev/null
81	:	1522437369.005	   120.497	0	0	124	0	cd /home/guilhermel/Programs/tf_faun/Benchs/Shootout/matrix && timeout --signal=TERM 2m time ./matrix.exe   < /dev/stdin > /dev/null
82	:	1522437369.010	   120.499	0	0	124	0	cd /home/guilhermel/Programs/tf_faun/Benchs/Shootout/methcall && timeout --signal=TERM 2m time ./methcall.exe   < /dev/stdin > /dev/null
83	:	1522437369.015	   120.500	0	0	124	0	cd /home/guilhermel/Programs/tf_faun/Benchs/Shootout/nestedloop && timeout --signal=TERM 2m time ./nestedloop.exe   < /dev/stdin > /dev/null
91	:	1522437472.450	    17.086	0	0	0	0	cd /home/guilhermel/Programs/tf_faun/Benchs/Stanford/Oscar && timeout --signal=TERM 2m time ./Oscar.exe   < /dev/stdin > /dev/null
84	:	1522437376.902	   120.585	0	0	124	0	cd /home/guilhermel/Programs/tf_faun/Benchs/Shootout/objinst && timeout --signal=TERM 2m time ./objinst.exe   < /dev/stdin > /dev/null
85	:	1522437378.567	   120.063	0	0	124	0	cd /home/guilhermel/Programs/tf_faun/Benchs/Shootout/random && timeout --signal=TERM 2m time ./random.exe   < /dev/stdin > /dev/null
86	:	1522437378.572	   120.063	0	0	124	0	cd /home/guilhermel/Programs/tf_faun/Benchs/Shootout/sieve && timeout --signal=TERM 2m time ./sieve.exe   < /dev/stdin > /dev/null
95	:	1522437489.537	    15.177	0	0	0	0	cd /home/guilhermel/Programs/tf_faun/Benchs/Stanford/RealMM && timeout --signal=TERM 2m time ./RealMM.exe   < /dev/stdin > /dev/null
87	:	1522437407.676	   120.426	0	0	124	0	cd /home/guilhermel/Programs/tf_faun/Benchs/Shootout/strcat && timeout --signal=TERM 2m time ./strcat.exe   < /dev/stdin > /dev/null
100	:	1522437504.720	    28.142	0	0	0	0	cd /home/guilhermel/Programs/tf_faun/Benchs/mediabench/adpcm/rawcaudio && timeout --signal=TERM 2m time ./adpcm-rawcaudio.exe  <  ../data/clinton.pcm  > /dev/null
101	:	1522437528.109	    19.759	0	0	0	0	cd /home/guilhermel/Programs/tf_faun/Benchs/mediabench/adpcm/rawdaudio && timeout --signal=TERM 2m time ./adpcm-rawdaudio.exe  <  ../data/clinton.adpcm  > /dev/null
88	:	1522437436.098	   120.817	0	0	124	0	cd /home/guilhermel/Programs/tf_faun/Benchs/Stanford/Bubblesort && timeout --signal=TERM 2m time ./Bubblesort.exe   < /dev/stdin > /dev/null
89	:	1522437452.871	   120.802	0	0	124	0	cd /home/guilhermel/Programs/tf_faun/Benchs/Stanford/FloatMM && timeout --signal=TERM 2m time ./FloatMM.exe   < /dev/stdin > /dev/null
103	:	1522437547.874	    39.506	0	0	0	0	cd /home/guilhermel/Programs/tf_faun/Benchs/mediabench/jpeg/jpeg-6a && timeout --signal=TERM 2m time ./g721.exe  -dct int -progressive -opt ../data/testimg.ppm  < /dev/stdin > /dev/null
106	:	1522437587.385	     0.532	0	0	139	0	cd /home/guilhermel/Programs/tf_faun/Benchs/cpu2006/400.perlbench/rbc && timeout --signal=TERM 2m time ./perlbench.exe -I../data/all/input/lib ../data/all/input/diffmail.pl < /dev/stdin > /dev/null
92	:	1522437489.503	   120.773	0	0	124	0	cd /home/guilhermel/Programs/tf_faun/Benchs/Stanford/Puzzle && timeout --signal=TERM 2m time ./Puzzle.exe   < /dev/stdin > /dev/null
93	:	1522437489.509	   120.773	0	0	124	0	cd /home/guilhermel/Programs/tf_faun/Benchs/Stanford/Queens && timeout --signal=TERM 2m time ./Queens.exe   < /dev/stdin > /dev/null
94	:	1522437489.516	   120.770	0	0	124	0	cd /home/guilhermel/Programs/tf_faun/Benchs/Stanford/Quicksort && timeout --signal=TERM 2m time ./Quicksort.exe   < /dev/stdin > /dev/null
96	:	1522437489.542	   120.750	0	0	124	0	cd /home/guilhermel/Programs/tf_faun/Benchs/Stanford/Towers && timeout --signal=TERM 2m time ./Towers.exe   < /dev/stdin > /dev/null
109	:	1522437610.286	     0.010	0	0	0	0	cd /home/guilhermel/Programs/tf_faun/Benchs/cpu2006/433.milc/rbc && timeout --signal=TERM 2m time ./milc.exe  ../data/test/input/su3imp.in  < /dev/stdin > /dev/null
97	:	1522437497.493	   120.754	0	0	124	0	cd /home/guilhermel/Programs/tf_faun/Benchs/Stanford/Treesort && timeout --signal=TERM 2m time ./Treesort.exe   < /dev/stdin > /dev/null
98	:	1522437498.636	   120.161	0	0	124	0	cd /home/guilhermel/Programs/tf_faun/Benchs/Fhourstones && timeout --signal=TERM 2m time ./Fhourstones.exe  <  input  > /dev/null
99	:	1522437498.641	   120.161	0	0	124	0	cd /home/guilhermel/Programs/tf_faun/Benchs/Linpack && timeout --signal=TERM 2m time ./Linpack.exe   < /dev/stdin > /dev/null
113	:	1522437618.255	     0.552	0	0	44	0	cd /home/guilhermel/Programs/tf_faun/Benchs/cpu2006/464.h264ref/rbc && timeout --signal=TERM 2m time ./h264ref.exe  1397 8  < /dev/stdin > /dev/null
102	:	1522437532.869	   121.016	0	0	124	0	cd /home/guilhermel/Programs/tf_faun/Benchs/mediabench/g721/g721encode && timeout --signal=TERM 2m time ./g721.exe  <  ../data/clinton.pcm  > /dev/null
104	:	1522437556.923	   120.894	0	0	124	0	cd /home/guilhermel/Programs/tf_faun/Benchs/mediabench/gsm/toast && timeout --signal=TERM 2m time ./gsm.exe  -c ../data/clinton.pcm  < /dev/stdin > /dev/null
105	:	1522437573.680	   120.618	0	0	124	0	cd /home/guilhermel/Programs/tf_faun/Benchs/mediabench/mpeg2/mpeg2dec && timeout --signal=TERM 2m time ./mpeg2.exe  -b ../data/mei16v2.m2v -r -f -o0 tmp  < /dev/stdin > /dev/null
107	:	1522437587.930	   120.886	0	0	124	0	cd /home/guilhermel/Programs/tf_faun/Benchs/cpu2006/401.bzip2/rbc && timeout --signal=TERM 2m time ./bzip2.exe  ../data/ref/input/input.source 5  < /dev/stdin > /dev/null
108	:	1522437610.281	   120.845	0	0	124	0	cd /home/guilhermel/Programs/tf_faun/Benchs/cpu2006/429.mcf/rbc && timeout --signal=TERM 2m time ./mcf.exe  ../data/ref/input/inp.in  < /dev/stdin > /dev/null
110	:	1522437610.291	   120.840	0	0	124	0	cd /home/guilhermel/Programs/tf_faun/Benchs/cpu2006/456.hmmer/rbc && timeout --signal=TERM 2m time ./hmmer.exe  --fixed 0 --mean 425 --num 85000 --sd 300 --seed 0 ../data/train/input/leng100.hmm  < /dev/stdin > /dev/null
111	:	1522437610.297	   120.838	0	0	124	0	cd /home/guilhermel/Programs/tf_faun/Benchs/cpu2006/458.sjeng/rbc && timeout --signal=TERM 2m time ./sjeng.exe  test  < /dev/stdin > /dev/null
112	:	1522437610.302	   120.835	0	0	124	0	cd /home/guilhermel/Programs/tf_faun/Benchs/cpu2006/462.libquantum/rbc && timeout --signal=TERM 2m time ./libquantum.exe  1397 8  < /dev/stdin > /dev/null
123	:	1522437731.138	     0.003	0	0	1	0	cd /home/guilhermel/Programs/tf_faun/Benchs/Ptrdist/anagram && timeout --signal=TERM 2m time ./anagram.exe  words 2  < input.OUT > /dev/null
114	:	1522437618.802	   120.358	0	0	124	0	cd /home/guilhermel/Programs/tf_faun/Benchs/cpu2006/470.lbm/rbc && timeout --signal=TERM 2m time ./lbm.exe  20 reference.dat 0 1 ../data/test/input/100_100_130_cf_a.of  < /dev/stdin > /dev/null
115	:	1522437618.808	   120.357	0	0	124	0	cd /home/guilhermel/Programs/tf_faun/Benchs/ASCI_Purple && timeout --signal=TERM 2m time ./smg2000.exe  -n 30 15 30 -c 0.1 1.0 10.0  < /dev/stdin > /dev/null
116	:	1522437618.813	   120.357	0	0	124	0	cd /home/guilhermel/Programs/tf_faun/Benchs/Fhourstones_31 && timeout --signal=TERM 2m time ./Fhourstones_31.exe  <  inputs  > /dev/null
117	:	1522437653.896	   120.277	0	0	124	0	cd /home/guilhermel/Programs/tf_faun/Benchs/SciMark2-C && timeout --signal=TERM 2m time ./SciMark2-C.exe   < /dev/stdin > /dev/null
118	:	1522437677.826	   120.092	0	0	124	0	cd /home/guilhermel/Programs/tf_faun/Benchs/sim && timeout --signal=TERM 2m time ./sim.exe  8 tob.38-44 liv.42-48  < /dev/stdin > /dev/null
119	:	1522437694.302	   120.685	0	0	124	0	cd /home/guilhermel/Programs/tf_faun/Benchs/mafft && timeout --signal=TERM 2m time ./mafft.exe  -b 62 -g 0.100 -f 2.00 -h 0.100 -L  <  pyruvate_decarboxylase.fasta  > /dev/null
120	:	1522437708.822	   120.621	0	0	124	0	cd /home/guilhermel/Programs/tf_faun/Benchs/tramp3d-v4 && timeout --signal=TERM 2m time ./tramp3d-v4.exe  --cartvis 1.0 0.0 --rhomin 1e-8 -n 4 --domain 32 32 32 < /dev/stdin > /dev/null
121	:	1522437731.130	   120.352	0	0	124	0	cd /home/guilhermel/Programs/tf_faun/Benchs/llubenchmark && timeout --signal=TERM 2m time ./llu.exe -i 6000 < /dev/stdin > /dev/null
122	:	1522437731.135	   120.352	0	0	124	0	cd /home/guilhermel/Programs/tf_faun/Benchs/nbench && timeout --signal=TERM 2m time ./nbench.exe  < /dev/stdin > /dev/null
124	:	1522437731.142	   120.348	0	0	124	0	cd /home/guilhermel/Programs/tf_faun/Benchs/Ptrdist/bc && timeout --signal=TERM 2m time ./bc.exe   < primes.b > /dev/null
125	:	1522437731.145	   120.365	0	0	124	0	cd /home/guilhermel/Programs/tf_faun/Benchs/Ptrdist/ft && timeout --signal=TERM 2m time ./ft.exe  1500 100000  < /dev/stdin > /dev/null
126	:	1522437739.166	   120.443	0	0	124	0	cd /home/guilhermel/Programs/tf_faun/Benchs/Ptrdist/ks && timeout --signal=TERM 2m time ./ks.exe  KL-4.in  < /dev/stdin > /dev/null
127	:	1522437739.170	   120.444	0	0	124	0	cd /home/guilhermel/Programs/tf_faun/Benchs/Ptrdist/yacr2 && timeout --signal=TERM 2m time ./yacr2.exe  input2.in  < /dev/stdin > /dev/null
128	:	1522437739.173	   120.444	0	0	124	0	cd /home/guilhermel/Programs/tf_faun/Benchs/Trimaran/enc-3des && timeout --signal=TERM 2m time ./enc-3des.exe 100 < /dev/stdin > /dev/null
129	:	1522437774.177	   120.407	0	0	124	0	cd /home/guilhermel/Programs/tf_faun/Benchs/Trimaran/enc-md5 && timeout --signal=TERM 2m time ./enc-md5.exe 10 < /dev/stdin > /dev/null
130	:	1522437797.923	   120.686	0	0	124	0	cd /home/guilhermel/Programs/tf_faun/Benchs/Trimaran/enc-pc1 && timeout --signal=TERM 2m time ./enc-pc1.exe 5000000 < /dev/stdin > /dev/null
131	:	1522437814.992	   120.247	0	0	124	0	cd /home/guilhermel/Programs/tf_faun/Benchs/Trimaran/enc-rc4 && timeout --signal=TERM 2m time ./enc-rc4.exe 200000 < /dev/stdin > /dev/null
132	:	1522437829.448	   121.003	0	0	124	0	cd /home/guilhermel/Programs/tf_faun/Benchs/Trimaran/netbench-crc && timeout --signal=TERM 2m time ./netbench-crc.exe 12000 < /dev/stdin > /dev/null
133	:	1522437851.487	   120.105	0	0	124	0	cd /home/guilhermel/Programs/tf_faun/Benchs/Trimaran/netbench-url && timeout --signal=TERM 2m time ./netbench-url.exe medium_inputs 900 < /dev/stdin > /dev/null
134	:	1522437851.491	   120.107	0	0	124	0	cd /home/guilhermel/Programs/tf_faun/Benchs/TSVC/ControlFlow-dbl && timeout --signal=TERM 2m time ./ControlFlow-dbl.exe  2325 14  < /dev/stdin > /dev/null
135	:	1522437851.510	   120.091	0	0	124	0	cd /home/guilhermel/Programs/tf_faun/Benchs/TSVC/ControlFlow-flt && timeout --signal=TERM 2m time ./ControlFlow-flt.exe  2325 5  < /dev/stdin > /dev/null
136	:	1522437851.514	   120.094	0	0	124	0	cd /home/guilhermel/Programs/tf_faun/Benchs/TSVC/ControlLoops-dbl && timeout --signal=TERM 2m time ./ControlLoops-dbl.exe  1640 14  < /dev/stdin > /dev/null
137	:	1522437859.613	   120.384	0	0	124	0	cd /home/guilhermel/Programs/tf_faun/Benchs/TSVC/ControlLoops-flt && timeout --signal=TERM 2m time ./ControlLoops-flt.exe  1640 5  < /dev/stdin > /dev/null
138	:	1522437859.617	   120.383	0	0	124	0	cd /home/guilhermel/Programs/tf_faun/Benchs/TSVC/CrossingThresholds-dbl && timeout --signal=TERM 2m time ./CrossingThresholds-dbl.exe  5880 14  < /dev/stdin > /dev/null
139	:	1522437859.620	   120.385	0	0	124	0	cd /home/guilhermel/Programs/tf_faun/Benchs/TSVC/CrossingThresholds-flt && timeout --signal=TERM 2m time ./CrossingThresholds-flt.exe  5880 5  < /dev/stdin > /dev/null
140	:	1522437894.590	   120.569	0	0	124	0	cd /home/guilhermel/Programs/tf_faun/Benchs/TSVC/Equivalencing-dbl && timeout --signal=TERM 2m time ./Equivalencing-dbl.exe  3125 14  < /dev/stdin > /dev/null
141	:	1522437918.630	   120.669	0	0	124	0	cd /home/guilhermel/Programs/tf_faun/Benchs/TSVC/Equivalencing-flt && timeout --signal=TERM 2m time ./Equivalencing-flt.exe  3125 5  < /dev/stdin > /dev/null
142	:	1522437935.259	   120.667	0	0	124	0	cd /home/guilhermel/Programs/tf_faun/Benchs/TSVC/Expansion-dbl && timeout --signal=TERM 2m time ./Expansion-dbl.exe  4160 14  < /dev/stdin > /dev/null
143	:	1522437950.456	   120.120	0	0	124	0	cd /home/guilhermel/Programs/tf_faun/Benchs/TSVC/Expansion-flt && timeout --signal=TERM 2m time ./Expansion-flt.exe  4160 5  < /dev/stdin > /dev/null
144	:	1522437971.597	   120.460	0	0	124	0	cd /home/guilhermel/Programs/tf_faun/Benchs/TSVC/GlobalDataFlow-dbl && timeout --signal=TERM 2m time ./GlobalDataFlow-dbl.exe  3450 14  < /dev/stdin > /dev/null
145	:	1522437971.601	   120.460	0	0	124	0	cd /home/guilhermel/Programs/tf_faun/Benchs/TSVC/GlobalDataFlow-flt && timeout --signal=TERM 2m time ./GlobalDataFlow-flt.exe  3450 5  < /dev/stdin > /dev/null
146	:	1522437971.607	   120.458	0	0	124	0	cd /home/guilhermel/Programs/tf_faun/Benchs/TSVC/IndirectAddressing-dbl && timeout --signal=TERM 2m time ./IndirectAddressing-dbl.exe  12500 14  < /dev/stdin > /dev/null
147	:	1522437971.611	   120.460	0	0	124	0	cd /home/guilhermel/Programs/tf_faun/Benchs/TSVC/IndirectAddressing-flt && timeout --signal=TERM 2m time ./IndirectAddressing-flt.exe  12500 5  < /dev/stdin > /dev/null
148	:	1522437980.001	   120.967	0	0	124	0	cd /home/guilhermel/Programs/tf_faun/Benchs/TSVC/InductionVariable-dbl && timeout --signal=TERM 2m time ./InductionVariable-dbl.exe  9100 14  < /dev/stdin > /dev/null
149	:	1522437980.005	   120.966	0	0	124	0	cd /home/guilhermel/Programs/tf_faun/Benchs/TSVC/InductionVariable-flt && timeout --signal=TERM 2m time ./InductionVariable-flt.exe  9100 5  < /dev/stdin > /dev/null
150	:	1522437980.008	   120.969	0	0	124	0	cd /home/guilhermel/Programs/tf_faun/Benchs/TSVC/LinearDependence-dbl && timeout --signal=TERM 2m time ./LinearDependence-dbl.exe  3570 14  < /dev/stdin > /dev/null
151	:	1522438015.163	   120.609	0	0	124	0	cd /home/guilhermel/Programs/tf_faun/Benchs/TSVC/LinearDependence-flt && timeout --signal=TERM 2m time ./LinearDependence-flt.exe  3570 5  < /dev/stdin > /dev/null
152	:	1522438039.304	   120.419	0	0	124	0	cd /home/guilhermel/Programs/tf_faun/Benchs/TSVC/LoopRerolling-dbl && timeout --signal=TERM 2m time ./LoopRerolling-dbl.exe  5260 14  < /dev/stdin > /dev/null
153	:	1522438055.931	   121.013	0	0	124	0	cd /home/guilhermel/Programs/tf_faun/Benchs/TSVC/LoopRerolling-flt && timeout --signal=TERM 2m time ./LoopRerolling-flt.exe  5260 5  < /dev/stdin > /dev/null
154	:	1522438070.582	   120.953	0	0	124	0	cd /home/guilhermel/Programs/tf_faun/Benchs/TSVC/LoopRestructuring-dbl && timeout --signal=TERM 2m time ./LoopRestructuring-dbl.exe  4350 14  < /dev/stdin > /dev/null
155	:	1522438092.062	   120.648	0	0	124	0	cd /home/guilhermel/Programs/tf_faun/Benchs/TSVC/LoopRestructuring-flt && timeout --signal=TERM 2m time ./LoopRestructuring-flt.exe  4350 5  < /dev/stdin > /dev/null
156	:	1522438092.066	   120.648	0	0	124	0	cd /home/guilhermel/Programs/tf_faun/Benchs/TSVC/NodeSplitting-dbl && timeout --signal=TERM 2m time ./NodeSplitting-dbl.exe  10000 14  < /dev/stdin > /dev/null
157	:	1522438092.071	   120.648	0	0	124	0	cd /home/guilhermel/Programs/tf_faun/Benchs/TSVC/NodeSplitting-flt && timeout --signal=TERM 2m time ./NodeSplitting-flt.exe  10000 5  < /dev/stdin > /dev/null
158	:	1522438092.075	   120.649	0	0	124	0	cd /home/guilhermel/Programs/tf_faun/Benchs/TSVC/Packing-dbl && timeout --signal=TERM 2m time ./Packing-dbl.exe  50000 14  < /dev/stdin > /dev/null
159	:	1522438100.972	   120.965	0	0	124	0	cd /home/guilhermel/Programs/tf_faun/Benchs/TSVC/Packing-flt && timeout --signal=TERM 2m time ./Packing-flt.exe  50000 5  < /dev/stdin > /dev/null
160	:	1522438100.976	   120.967	0	0	124	0	cd /home/guilhermel/Programs/tf_faun/Benchs/TSVC/Recurrences-dbl && timeout --signal=TERM 2m time ./Recurrences-dbl.exe  20000 14  < /dev/stdin > /dev/null
161	:	1522438100.980	   120.967	0	0	124	0	cd /home/guilhermel/Programs/tf_faun/Benchs/TSVC/Recurrences-flt && timeout --signal=TERM 2m time ./Recurrences-flt.exe  20000 5  < /dev/stdin > /dev/null
162	:	1522438135.777	   120.434	0	0	124	0	cd /home/guilhermel/Programs/tf_faun/Benchs/TSVC/Reductions-dbl && timeout --signal=TERM 2m time ./Reductions-dbl.exe  1670 14  < /dev/stdin > /dev/null
163	:	1522438159.728	   120.708	0	0	124	0	cd /home/guilhermel/Programs/tf_faun/Benchs/TSVC/Reductions-flt && timeout --signal=TERM 2m time ./Reductions-flt.exe  1670 5  < /dev/stdin > /dev/null
164	:	1522438176.950	   120.251	0	0	124	0	cd /home/guilhermel/Programs/tf_faun/Benchs/TSVC/Searching-dbl && timeout --signal=TERM 2m time ./Searching-dbl.exe  80000 14  < /dev/stdin > /dev/null
165	:	1522438191.542	   120.967	0	0	124	0	cd /home/guilhermel/Programs/tf_faun/Benchs/TSVC/Searching-flt && timeout --signal=TERM 2m time ./Searching-flt.exe  80000 5  < /dev/stdin > /dev/null
166	:	1522438212.715	   120.726	0	0	124	0	cd /home/guilhermel/Programs/tf_faun/Benchs/TSVC/StatementReordering-dbl && timeout --signal=TERM 2m time ./StatementReordering-dbl.exe  20000 14  < /dev/stdin > /dev/null
167	:	1522438212.720	   120.726	0	0	124	0	cd /home/guilhermel/Programs/tf_faun/Benchs/TSVC/StatementReordering-flt && timeout --signal=TERM 2m time ./StatementReordering-flt.exe  20000 5  < /dev/stdin > /dev/null
168	:	1522438212.724	   120.727	0	0	124	0	cd /home/guilhermel/Programs/tf_faun/Benchs/TSVC/Symbolics-dbl && timeout --signal=TERM 2m time ./Symbolics-dbl.exe  9090 14  < /dev/stdin > /dev/null
169	:	1522438212.731	   120.726	0	0	124	0	cd /home/guilhermel/Programs/tf_faun/Benchs/TSVC/Symbolics-flt && timeout --signal=TERM 2m time ./Symbolics-flt.exe  9090 5  < /dev/stdin > /dev/null
170	:	1522438221.943	   120.476	0	0	124	0	cd /home/guilhermel/Programs/tf_faun/Benchs/PAQ8p && timeout --signal=TERM 2m time ./PAQ8p.exe  -1 small.in  < /dev/stdin > /dev/null
171	:	1522438221.948	   120.476	0	0	124	0	cd /home/guilhermel/Programs/tf_faun/Benchs/NPB-serial/dc && timeout --signal=TERM 2m time ./dc.exe  10000000 ADC.par  < /dev/stdin > /dev/null
172	:	1522438221.954	   120.476	0	0	124	0	cd /home/guilhermel/Programs/tf_faun/Benchs/NPB-serial/is && timeout --signal=TERM 2m time ./is.exe  < /dev/stdin > /dev/null
173	:	1522438256.218	   120.641	0	0	124	0	cd /home/guilhermel/Programs/tf_faun/Benchs/VersaBench/8b10b && timeout --signal=TERM 2m time ./8b10b.exe /home/guilhermel/Programs/tf_faun/Benchs/VersaBench/8b10b/input 2000 < /dev/stdin > /dev/null
174	:	1522438280.441	   120.779	0	0	124	0	cd /home/guilhermel/Programs/tf_faun/Benchs/VersaBench/beamformer && timeout --signal=TERM 2m time ./beamformer.exe -i 140 < /dev/stdin > /dev/null
175	:	1522438297.207	   120.793	0	0	124	0	cd /home/guilhermel/Programs/tf_faun/Benchs/VersaBench/bmm && timeout --signal=TERM 2m time ./bmm.exe 1024 64 < /dev/stdin > /dev/null
176	:	1522438312.515	   120.269	0	0	124	0	cd /home/guilhermel/Programs/tf_faun/Benchs/VersaBench/dbms && timeout --signal=TERM 2m time ./dbms.exe -i /home/guilhermel/Programs/tf_faun/Benchs/VersaBench/dbms/dbms.ref.in < /dev/stdin > /dev/null
177	:	1522438333.447	   121.009	0	0	124	0	cd /home/guilhermel/Programs/tf_faun/Benchs/VersaBench/ecbdes && timeout --signal=TERM 2m time ./ecbdes.exe 16 < /dev/stdin > /dev/null
178	:	1522438333.452	   121.009	0	0	124	0	cd /home/guilhermel/Programs/tf_faun/Benchs/FreeBench/analyzer && timeout --signal=TERM 2m time ./analyzer.exe /home/guilhermel/Programs/tf_faun/Benchs/FreeBench/analyzer/test.in < /dev/stdin > /dev/null
179	:	1522438333.457	   121.010	0	0	124	0	cd /home/guilhermel/Programs/tf_faun/Benchs/FreeBench/distray && timeout --signal=TERM 2m time ./distray.exe /home/guilhermel/Programs/tf_faun/Benchs/FreeBench/distray/test.in < /dev/stdin > /dev/null
180	:	1522438333.462	   121.011	0	0	124	0	cd /home/guilhermel/Programs/tf_faun/Benchs/FreeBench/fourinarow && timeout --signal=TERM 2m time ./fourinarow.exe /home/guilhermel/Programs/tf_faun/Benchs/FreeBench/fourinarow/test.in < /dev/stdin > /dev/null
188	:	1522438454.462	     3.189	0	0	0	0	cd /home/guilhermel/Programs/tf_faun/Benchs/MallocBench/make && timeout --signal=TERM 2m time ./make.exe -n -f /home/guilhermel/Programs/tf_faun/Benchs/MallocBench/make/INPUT/GNUmakefile.make USEROPT=BWGC VPATH=/home/guilhermel/Programs/tf_faun/Benchs/MallocBench/make < /dev/stdin > /dev/null
181	:	1522438342.425	   120.013	0	0	124	0	cd /home/guilhermel/Programs/tf_faun/Benchs/FreeBench/mason && timeout --signal=TERM 2m time ./mason.exe /home/guilhermel/Programs/tf_faun/Benchs/FreeBench/mason/test.in < /dev/stdin > /dev/null
182	:	1522438342.430	   120.013	0	0	124	0	cd /home/guilhermel/Programs/tf_faun/Benchs/FreeBench/neural && timeout --signal=TERM 2m time ./neural.exe /home/guilhermel/Programs/tf_faun/Benchs/FreeBench/neural/test.in < /dev/stdin > /dev/null
183	:	1522438342.435	   120.013	0	0	124	0	cd /home/guilhermel/Programs/tf_faun/Benchs/FreeBench/pcompress2 && timeout --signal=TERM 2m time ./pcompress2.exe /home/guilhermel/Programs/tf_faun/Benchs/FreeBench/pcompress2/test.in < /dev/stdin > /dev/null
190	:	1522438454.473	    11.440	0	0	0	0	cd /home/guilhermel/Programs/tf_faun/Benchs/McCat/03-testtrie && timeout --signal=TERM 2m time ./03-testtrie.exe /home/guilhermel/Programs/tf_faun/Benchs/McCat/03-testtrie/testtrie.in2 < /dev/stdin > /dev/null
196	:	1522438465.919	     1.314	0	0	0	0	cd /home/guilhermel/Programs/tf_faun/Benchs/McCat/15-trie && timeout --signal=TERM 2m time ./15-trie.exe  trie.in1  < /dev/stdin > /dev/null
184	:	1522438376.866	   120.847	0	0	124	0	cd /home/guilhermel/Programs/tf_faun/Benchs/FreeBench/pifft && timeout --signal=TERM 2m time ./pifft.exe /home/guilhermel/Programs/tf_faun/Benchs/FreeBench/pifft/test.in < /dev/stdin > /dev/null
198	:	1522438497.719	     0.501	0	0	139	0	cd /home/guilhermel/Programs/tf_faun/Benchs/McCat/18-imp && timeout --signal=TERM 2m time ./18-imp.exe  sg01.imp  < /dev/stdin > /dev/null
192	:	1522438457.657	    41.850	0	0	0	0	cd /home/guilhermel/Programs/tf_faun/Benchs/McCat/05-eks && timeout --signal=TERM 2m time ./05-eks.exe  < /dev/stdin > /dev/null
185	:	1522438401.227	   120.762	0	0	124	0	cd /home/guilhermel/Programs/tf_faun/Benchs/MallocBench/cfrac && timeout --signal=TERM 2m time ./cfrac.exe 41757646344123832613190542166099121 < /dev/stdin > /dev/null
186	:	1522438418.006	   120.764	0	0	124	0	cd /home/guilhermel/Programs/tf_faun/Benchs/MallocBench/espresso && timeout --signal=TERM 2m time ./espresso.exe -t /home/guilhermel/Programs/tf_faun/Benchs/MallocBench/espresso/INPUT/largest.espresso < /dev/stdin > /dev/null
187	:	1522438432.790	   120.769	0	0	124	0	cd /home/guilhermel/Programs/tf_faun/Benchs/MallocBench/gs && timeout --signal=TERM 2m time ./gs.exe -DNODISPLAY /home/guilhermel/Programs/tf_faun/Benchs/MallocBench/gs/INPUT/large.ps < /dev/stdin > /dev/null
189	:	1522438454.467	   120.769	0	0	124	0	cd /home/guilhermel/Programs/tf_faun/Benchs/McCat/01-qbsort && timeout --signal=TERM 2m time ./01-qbsort.exe 1000 < /home/guilhermel/Programs/tf_faun/Benchs/McCat/01-qbsort/benchmark.in3 > /dev/null
191	:	1522438454.480	   120.763	0	0	124	0	cd /home/guilhermel/Programs/tf_faun/Benchs/McCat/04-bisect && timeout --signal=TERM 2m time ./04-bisect.exe  < /home/guilhermel/Programs/tf_faun/Benchs/McCat/04-bisect/bisect_test.in > /dev/null
193	:	1522438462.443	   120.769	0	0	124	0	cd /home/guilhermel/Programs/tf_faun/Benchs/McCat/08-main && timeout --signal=TERM 2m time ./08-main.exe  < /dev/stdin > /dev/null
194	:	1522438462.448	   120.771	0	0	124	0	cd /home/guilhermel/Programs/tf_faun/Benchs/McCat/09-vor && timeout --signal=TERM 2m time ./09-vor.exe  < vor.in3 > /dev/null
195	:	1522438462.454	   120.769	0	0	124	0	cd /home/guilhermel/Programs/tf_faun/Benchs/McCat/12-IOtest && timeout --signal=TERM 2m time ./12-IOtest.exe  < /dev/stdin > /dev/null
197	:	1522438467.239	   120.803	0	0	124	0	cd /home/guilhermel/Programs/tf_faun/Benchs/McCat/17-bintr && timeout --signal=TERM 2m time ./17-bintr.exe  <  bnchmrk.in1  > /dev/null
209	:	1522438588.048	     9.867	0	0	0	0	cd /home/guilhermel/Programs/tf_faun/Benchs/Prolangs-C/agrep && timeout --signal=TERM 2m time ./agrep.exe -2 int InstructionCombining.cpp < /dev/stdin > /dev/null
210	:	1522438597.921	     0.529	0	0	0	0	cd /home/guilhermel/Programs/tf_faun/Benchs/Prolangs-C/allroots && timeout --signal=TERM 2m time ./allroots.exe  < /dev/stdin > /dev/null
211	:	1522438598.455	     0.292	0	0	1	0	cd /home/guilhermel/Programs/tf_faun/Benchs/Prolangs-C/archie-client && timeout --signal=TERM 2m time ./archie-client.exe  < /dev/stdin > /dev/null
212	:	1522438598.752	     0.159	0	0	0	0	cd /home/guilhermel/Programs/tf_faun/Benchs/Prolangs-C/assembler && timeout --signal=TERM 2m time ./assembler.exe assem.lst < /dev/stdin > /dev/null
213	:	1522438598.918	     4.010	0	0	0	0	cd /home/guilhermel/Programs/tf_faun/Benchs/Prolangs-C/bison && timeout --signal=TERM 2m time ./bison.exe parse.y.in -v < /dev/stdin > /dev/null
214	:	1522438602.947	     1.134	0	0	0	0	cd /home/guilhermel/Programs/tf_faun/Benchs/Prolangs-C/cdecl && timeout --signal=TERM 2m time ./cdecl.exe  < testset > /dev/null
215	:	1522438604.089	     0.178	0	0	0	0	cd /home/guilhermel/Programs/tf_faun/Benchs/Prolangs-C/compiler && timeout --signal=TERM 2m time ./compiler.exe  < /dev/stdin > /dev/null
216	:	1522438604.273	     0.098	0	0	0	0	cd /home/guilhermel/Programs/tf_faun/Benchs/Prolangs-C/fixoutput && timeout --signal=TERM 2m time ./fixoutput.exe  < /dev/stdin > /dev/null
217	:	1522438604.378	     0.055	0	0	1	0	cd /home/guilhermel/Programs/tf_faun/Benchs/Prolangs-C/football && timeout --signal=TERM 2m time ./football.exe  < /dev/stdin > /dev/null
199	:	1522438498.227	   120.089	0	0	124	0	cd /home/guilhermel/Programs/tf_faun/Benchs/Olden/bh && timeout --signal=TERM 2m time ./bh.exe 20000 20 < /dev/stdin > /dev/null
219	:	1522438618.323	     0.506	0	0	0	0	cd /home/guilhermel/Programs/tf_faun/Benchs/Prolangs-C/loader && timeout --signal=TERM 2m time ./loader.exe  < /dev/stdin > /dev/null
220	:	1522438618.835	     0.277	0	0	0	0	cd /home/guilhermel/Programs/tf_faun/Benchs/Prolangs-C/plot2fig && timeout --signal=TERM 2m time ./plot2fig.exe  < /dev/stdin > /dev/null
221	:	1522438619.119	     0.154	0	0	0	0	cd /home/guilhermel/Programs/tf_faun/Benchs/Prolangs-C/simulator && timeout --signal=TERM 2m time ./simulator.exe  < /dev/stdin > /dev/null
222	:	1522438619.279	     0.085	0	0	0	0	cd /home/guilhermel/Programs/tf_faun/Benchs/Prolangs-C/TimberWolfMC && timeout --signal=TERM 2m time ./TimberWolfMC.exe  < /dev/stdin > /dev/null
223	:	1522438619.370	     0.046	0	0	0	0	cd /home/guilhermel/Programs/tf_faun/Benchs/Prolangs-C/unix-smail && timeout --signal=TERM 2m time ./unix-smail.exe -v ALL < main.c > /dev/null
224	:	1522438619.422	     0.026	0	0	0	0	cd /home/guilhermel/Programs/tf_faun/Benchs/Prolangs-C/unix-tbl && timeout --signal=TERM 2m time ./unix-tbl.exe  < /dev/stdin > /dev/null
200	:	1522438499.514	   120.021	0	0	124	0	cd /home/guilhermel/Programs/tf_faun/Benchs/Olden/bisort && timeout --signal=TERM 2m time ./bisort.exe 700000 < /dev/stdin > /dev/null
201	:	1522438521.994	   120.427	0	0	124	0	cd /home/guilhermel/Programs/tf_faun/Benchs/Olden/em3d && timeout --signal=TERM 2m time ./em3d.exe 256 250 35 < /dev/stdin > /dev/null
202	:	1522438538.776	   120.575	0	0	124	0	cd /home/guilhermel/Programs/tf_faun/Benchs/Olden/health && timeout --signal=TERM 2m time ./health.exe 9 20 1 < /dev/stdin > /dev/null
203	:	1522438553.564	   120.203	0	0	124	0	cd /home/guilhermel/Programs/tf_faun/Benchs/Olden/mst && timeout --signal=TERM 2m time ./mst.exe 1000 < /dev/stdin > /dev/null
204	:	1522438575.242	   120.684	0	0	124	0	cd /home/guilhermel/Programs/tf_faun/Benchs/Olden/perimeter && timeout --signal=TERM 2m time ./perimeter.exe 10 < /dev/stdin > /dev/null
205	:	1522438575.247	   120.679	0	0	124	0	cd /home/guilhermel/Programs/tf_faun/Benchs/Olden/power && timeout --signal=TERM 2m time ./power.exe  < /dev/stdin > /dev/null
206	:	1522438583.219	   120.669	0	0	124	0	cd /home/guilhermel/Programs/tf_faun/Benchs/Olden/treeadd && timeout --signal=TERM 2m time ./treeadd.exe 20 < /dev/stdin > /dev/null
207	:	1522438583.223	   120.665	0	0	124	0	cd /home/guilhermel/Programs/tf_faun/Benchs/Olden/tsp && timeout --signal=TERM 2m time ./tsp.exe 1024000 < /dev/stdin > /dev/null
208	:	1522438583.243	   120.645	0	0	124	0	cd /home/guilhermel/Programs/tf_faun/Benchs/Olden/voronoi && timeout --signal=TERM 2m time ./voronoi.exe 100000 20 32 7 < /dev/stdin > /dev/null
218	:	1522438604.439	   120.463	0	0	124	0	cd /home/guilhermel/Programs/tf_faun/Benchs/Prolangs-C/gnugo && timeout --signal=TERM 2m time ./gnugo.exe  < stdin > /dev/null
