Seq	Host	Starttime	JobRuntime	Send	Receive	Exitval	Signal	Command
7	:	1522439777.257	   195.776	0	0	0	0	cd /home/guilhermel/Programs/tf_faun/Benchs/BenchmarkGame/partialsums && timeout --signal=TERM 4m time ./partialsums.exe   < /dev/stdin > /dev/null
1	:	1522439777.242	   240.223	0	0	124	0	cd /home/guilhermel/Programs/tf_faun/Benchs/ASC_Sequoia/AMGmk && timeout --signal=TERM 4m time ./AMGmk.exe  < /dev/stdin > /dev/null
2	:	1522439777.245	   240.225	0	0	124	0	cd /home/guilhermel/Programs/tf_faun/Benchs/ASC_Sequoia/CrystalMk && timeout --signal=TERM 4m time ./CrystalMK.exe  < /dev/stdin > /dev/null
3	:	1522439777.247	   240.226	0	0	124	0	cd /home/guilhermel/Programs/tf_faun/Benchs/ASC_Sequoia/IRSmk && timeout --signal=TERM 4m time ./IRSmk.exe  irsmk_input  < /dev/stdin > /dev/null
4	:	1522439777.250	   240.227	0	0	124	0	cd /home/guilhermel/Programs/tf_faun/Benchs/BenchmarkGame/fannkuch && timeout --signal=TERM 4m time ./fannkuch.exe   < /dev/stdin > /dev/null
5	:	1522439777.252	   240.230	0	0	124	0	cd /home/guilhermel/Programs/tf_faun/Benchs/BenchmarkGame/n-body && timeout --signal=TERM 4m time ./nbody.exe   < /dev/stdin > /dev/null
6	:	1522439777.254	   240.240	0	0	124	0	cd /home/guilhermel/Programs/tf_faun/Benchs/BenchmarkGame/nsieve-bits && timeout --signal=TERM 4m time ./nsieve-bits.exe   < /dev/stdin > /dev/null
8	:	1522439777.260	   240.240	0	0	124	0	cd /home/guilhermel/Programs/tf_faun/Benchs/BenchmarkGame/puzzle && timeout --signal=TERM 4m time ./puzzle.exe   < /dev/stdin > /dev/null
9	:	1522439777.263	   240.242	0	0	124	0	cd /home/guilhermel/Programs/tf_faun/Benchs/BenchmarkGame/recursive && timeout --signal=TERM 4m time ./recursive.exe   < /dev/stdin > /dev/null
10	:	1522439777.266	   240.244	0	0	124	0	cd /home/guilhermel/Programs/tf_faun/Benchs/BenchmarkGame/spectral-norm && timeout --signal=TERM 4m time ./spectral-norm.exe   < /dev/stdin > /dev/null
11	:	1522439777.269	   240.247	0	0	124	0	cd /home/guilhermel/Programs/tf_faun/Benchs/BitBench/drop3 && timeout --signal=TERM 4m time ./drop3.exe  input-file  < /dev/stdin > /dev/null
12	:	1522439973.039	   240.351	0	0	124	0	cd /home/guilhermel/Programs/tf_faun/Benchs/BitBench/five11 && timeout --signal=TERM 4m time ./five11.exe  input-file  < /dev/stdin > /dev/null
13	:	1522440017.470	   240.670	0	0	124	0	cd /home/guilhermel/Programs/tf_faun/Benchs/BitBench/uudecode && timeout --signal=TERM 4m time ./uudecode.exe  input-file  < /dev/stdin > /dev/null
14	:	1522440017.474	   240.668	0	0	124	0	cd /home/guilhermel/Programs/tf_faun/Benchs/BitBench/uuencode && timeout --signal=TERM 4m time ./uuencode.exe  input  < /dev/stdin > /dev/null
15	:	1522440017.478	   240.667	0	0	124	0	cd /home/guilhermel/Programs/tf_faun/Benchs/CoyoteBench/almabench && timeout --signal=TERM 4m time ./almabench.exe   < /dev/stdin > /dev/null
16	:	1522440017.482	   240.666	0	0	124	0	cd /home/guilhermel/Programs/tf_faun/Benchs/CoyoteBench/huffbench && timeout --signal=TERM 4m time ./huffbench.exe   < /dev/stdin > /dev/null
17	:	1522440017.493	   240.661	0	0	124	0	cd /home/guilhermel/Programs/tf_faun/Benchs/CoyoteBench/lpbench && timeout --signal=TERM 4m time ./lpbench.exe   < /dev/stdin > /dev/null
18	:	1522440017.500	   240.657	0	0	124	0	cd /home/guilhermel/Programs/tf_faun/Benchs/DOE_ProxyApps_C/miniAMR && timeout --signal=TERM 4m time ./miniAMR.exe  --nx 8 --ny 8 --nz 8 --num_tsteps 100  < /dev/stdin > /dev/null
19	:	1522440017.505	   240.654	0	0	124	0	cd /home/guilhermel/Programs/tf_faun/Benchs/DOE_ProxyApps_C/miniGMG && timeout --signal=TERM 4m time ./miniGMG.exe  6  2 2 2  1 1 1  < /dev/stdin > /dev/null
20	:	1522440017.511	   240.653	0	0	124	0	cd /home/guilhermel/Programs/tf_faun/Benchs/DOE_ProxyApps_C/Pathfinder && timeout --signal=TERM 4m time ./Pathfinder.exe  -x medsmall1.adj_list  < /dev/stdin > /dev/null
21	:	1522440017.517	   240.651	0	0	124	0	cd /home/guilhermel/Programs/tf_faun/Benchs/DOE_ProxyApps_C/RSBench && timeout --signal=TERM 4m time ./RSBench.exe  -s small -l 100000 -p 1000 -w 1000  < /dev/stdin > /dev/null
22	:	1522440017.524	   240.648	0	0	124	0	cd /home/guilhermel/Programs/tf_faun/Benchs/DOE_ProxyApps_C/SimpleMOC && timeout --signal=TERM 4m time ./SimpleMOC.exe  -i default.in  < /dev/stdin > /dev/null
27	:	1522440258.153	     0.023	0	0	0	0	cd /home/guilhermel/Programs/tf_faun/Benchs/McGill/exptree && timeout --signal=TERM 4m time ./exptree.exe   < /dev/stdin > /dev/null
33	:	1522440258.176	    71.606	0	0	0	0	cd /home/guilhermel/Programs/tf_faun/Benchs/MiBench/consumer-jpeg && timeout --signal=TERM 4m time ./consumer-jpeg.exe  -dct int -ppm -outfile Output/output_large_decode.ppm input_large.jpg  < /dev/stdin > /dev/null
30	:	1522440258.163	   142.400	0	0	0	0	cd /home/guilhermel/Programs/tf_faun/Benchs/MiBench/automotive-basicmath && timeout --signal=TERM 4m time ./automotive-basicmath.exe  < /dev/stdin > /dev/null
36	:	1522440400.569	    37.920	0	0	0	0	cd /home/guilhermel/Programs/tf_faun/Benchs/MiBench/network-patricia && timeout --signal=TERM 4m time ./network-patricia.exe  large.udp  < /dev/stdin > /dev/null
37	:	1522440438.494	     7.871	0	0	0	0	cd /home/guilhermel/Programs/tf_faun/Benchs/MiBench/office-stringsearch && timeout --signal=TERM 4m time ./office-stringsearch.exe  < /dev/stdin > /dev/null
38	:	1522440446.372	     0.536	0	0	0	0	cd /home/guilhermel/Programs/tf_faun/Benchs/MiBench/security-blowfish && timeout --signal=TERM 4m time ./security-blowfish.exe  d output_large.enc output_large.asc 1234567890abcdeffedcba0987654321  < /dev/stdin > /dev/null
23	:	1522440213.397	   240.756	0	0	124	0	cd /home/guilhermel/Programs/tf_faun/Benchs/DOE_ProxyApps_C/XSBench && timeout --signal=TERM 4m time ./XSBench.exe  -s small -g 1250 -l 1000000  < /dev/stdin > /dev/null
24	:	1522440258.143	   240.065	0	0	124	0	cd /home/guilhermel/Programs/tf_faun/Benchs/Dhrystone/dry && timeout --signal=TERM 4m time ./dry.exe   < /dev/stdin > /dev/null
25	:	1522440258.146	   240.065	0	0	124	0	cd /home/guilhermel/Programs/tf_faun/Benchs/Dhrystone/fldry && timeout --signal=TERM 4m time ./fldry.exe   < /dev/stdin > /dev/null
26	:	1522440258.148	   240.065	0	0	124	0	cd /home/guilhermel/Programs/tf_faun/Benchs/McGill/chomp && timeout --signal=TERM 4m time ./chomp.exe   < /dev/stdin > /dev/null
28	:	1522440258.156	   240.062	0	0	124	0	cd /home/guilhermel/Programs/tf_faun/Benchs/McGill/misr && timeout --signal=TERM 4m time ./misr.exe   < /dev/stdin > /dev/null
29	:	1522440258.159	   240.062	0	0	124	0	cd /home/guilhermel/Programs/tf_faun/Benchs/McGill/queens && timeout --signal=TERM 4m time ./queens.exe   < /dev/stdin > /dev/null
31	:	1522440258.168	   240.056	0	0	124	0	cd /home/guilhermel/Programs/tf_faun/Benchs/MiBench/automotive-bitcount && timeout --signal=TERM 4m time ./automotive-bitcount.exe  1125000  < /dev/stdin > /dev/null
32	:	1522440258.172	   240.057	0	0	124	0	cd /home/guilhermel/Programs/tf_faun/Benchs/MiBench/automotive-susan && timeout --signal=TERM 4m time ./automotive-susan.exe  input_large.pgm Output/output_large.smoothing.pgm -s  < /dev/stdin > /dev/null
34	:	1522440258.180	   240.072	0	0	124	0	cd /home/guilhermel/Programs/tf_faun/Benchs/MiBench/consumer-lame && timeout --signal=TERM 4m time ./consumer-lame.exe  large.wav Output/output_large.mp3  < /dev/stdin > /dev/null
42	:	1522440498.214	    68.006	0	0	0	0	cd /home/guilhermel/Programs/tf_faun/Benchs/MiBench/telecomm-FFT && timeout --signal=TERM 4m time ./telecomm-FFT.exe  8 32768 -i  < /dev/stdin > /dev/null
35	:	1522440329.787	   240.544	0	0	124	0	cd /home/guilhermel/Programs/tf_faun/Benchs/MiBench/network-dijkstra && timeout --signal=TERM 4m time ./network-dijkstra.exe  input.dat  < /dev/stdin > /dev/null
39	:	1522440446.914	   204.593	0	0	0	0	cd /home/guilhermel/Programs/tf_faun/Benchs/MiBench/security-rijndael && timeout --signal=TERM 4m time ./security-rijndael.exe  input_large.asc large.enc e 1234567890abcdeffedcba09876543211234567890abcdeffedcba0987654321  < /dev/stdin > /dev/null
40	:	1522440454.157	   241.027	0	0	124	0	cd /home/guilhermel/Programs/tf_faun/Benchs/MiBench/security-sha && timeout --signal=TERM 4m time ./security-sha.exe  input_large.asc  < /dev/stdin > /dev/null
41	:	1522440498.211	   240.091	0	0	124	0	cd /home/guilhermel/Programs/tf_faun/Benchs/MiBench/telecomm-CRC32 && timeout --signal=TERM 4m time ./telecomm-CRC32.exe  large.pcm  < /dev/stdin > /dev/null
43	:	1522440498.217	   240.089	0	0	124	0	cd /home/guilhermel/Programs/tf_faun/Benchs/Misc/dt && timeout --signal=TERM 4m time ./dt.exe   < /dev/stdin > /dev/null
44	:	1522440498.221	   240.091	0	0	124	0	cd /home/guilhermel/Programs/tf_faun/Benchs/Misc/evalloop && timeout --signal=TERM 4m time ./evalloop.exe   < /dev/stdin > /dev/null
45	:	1522440498.225	   240.092	0	0	124	0	cd /home/guilhermel/Programs/tf_faun/Benchs/Misc/fbench && timeout --signal=TERM 4m time ./fbench.exe   < /dev/stdin > /dev/null
46	:	1522440498.229	   240.092	0	0	124	0	cd /home/guilhermel/Programs/tf_faun/Benchs/Misc/ffbench && timeout --signal=TERM 4m time ./ffbench.exe   < /dev/stdin > /dev/null
47	:	1522440498.252	   240.074	0	0	124	0	cd /home/guilhermel/Programs/tf_faun/Benchs/Misc/flops && timeout --signal=TERM 4m time ./flops.exe   < /dev/stdin > /dev/null
48	:	1522440498.262	   240.070	0	0	124	0	cd /home/guilhermel/Programs/tf_faun/Benchs/Misc/flops-1 && timeout --signal=TERM 4m time ./flops-1.exe   < /dev/stdin > /dev/null
49	:	1522440566.225	   240.916	0	0	124	0	cd /home/guilhermel/Programs/tf_faun/Benchs/Misc/flops-2 && timeout --signal=TERM 4m time ./flops-2.exe   < /dev/stdin > /dev/null
50	:	1522440570.336	   240.776	0	0	124	0	cd /home/guilhermel/Programs/tf_faun/Benchs/Misc/flops-3 && timeout --signal=TERM 4m time ./flops-3.exe   < /dev/stdin > /dev/null
51	:	1522440651.513	   240.927	0	0	124	0	cd /home/guilhermel/Programs/tf_faun/Benchs/Misc/flops-4 && timeout --signal=TERM 4m time ./flops-4.exe   < /dev/stdin > /dev/null
52	:	1522440695.191	   240.020	0	0	124	0	cd /home/guilhermel/Programs/tf_faun/Benchs/Misc/flops-5 && timeout --signal=TERM 4m time ./flops-5.exe   < /dev/stdin > /dev/null
53	:	1522440738.307	   240.597	0	0	124	0	cd /home/guilhermel/Programs/tf_faun/Benchs/Misc/flops-6 && timeout --signal=TERM 4m time ./flops-6.exe   < /dev/stdin > /dev/null
54	:	1522440738.312	   240.596	0	0	124	0	cd /home/guilhermel/Programs/tf_faun/Benchs/Misc/flops-7 && timeout --signal=TERM 4m time ./flops-7.exe   < /dev/stdin > /dev/null
55	:	1522440738.317	   240.597	0	0	124	0	cd /home/guilhermel/Programs/tf_faun/Benchs/Misc/flops-8 && timeout --signal=TERM 4m time ./flops-8.exe   < /dev/stdin > /dev/null
56	:	1522440738.322	   240.601	0	0	124	0	cd /home/guilhermel/Programs/tf_faun/Benchs/Misc/fp-convert && timeout --signal=TERM 4m time ./fp-convert.exe   < /dev/stdin > /dev/null
57	:	1522440738.327	   240.601	0	0	124	0	cd /home/guilhermel/Programs/tf_faun/Benchs/Misc/himenobmtxpa && timeout --signal=TERM 4m time ./himenobmtxpa.exe   < /dev/stdin > /dev/null
58	:	1522440738.333	   240.601	0	0	124	0	cd /home/guilhermel/Programs/tf_faun/Benchs/Misc/lowercase && timeout --signal=TERM 4m time ./lowercase.exe   < /dev/stdin > /dev/null
59	:	1522440738.371	   240.569	0	0	124	0	cd /home/guilhermel/Programs/tf_faun/Benchs/Misc/mandel && timeout --signal=TERM 4m time ./mandel.exe   < /dev/stdin > /dev/null
66	:	1522440978.924	     0.026	0	0	0	0	cd /home/guilhermel/Programs/tf_faun/Benchs/Misc/revertBits && timeout --signal=TERM 4m time ./revertBits.exe   < /dev/stdin > /dev/null
60	:	1522440807.146	   240.996	0	0	124	0	cd /home/guilhermel/Programs/tf_faun/Benchs/Misc/mandel-2 && timeout --signal=TERM 4m time ./mandel-2.exe   < /dev/stdin > /dev/null
61	:	1522440811.118	   240.364	0	0	124	0	cd /home/guilhermel/Programs/tf_faun/Benchs/Misc/matmul_f64_4x4 && timeout --signal=TERM 4m time ./matmul_f64_4x4.exe   < /dev/stdin > /dev/null
70	:	1522440978.949	    77.569	0	0	0	0	cd /home/guilhermel/Programs/tf_faun/Benchs/Shootout/ackermann && timeout --signal=TERM 4m time ./ackermann.exe   < /dev/stdin > /dev/null
62	:	1522440892.447	   240.197	0	0	124	0	cd /home/guilhermel/Programs/tf_faun/Benchs/Misc/oourafft && timeout --signal=TERM 4m time ./oourafft.exe   < /dev/stdin > /dev/null
75	:	1522441132.651	     0.506	0	0	0	0	cd /home/guilhermel/Programs/tf_faun/Benchs/Shootout/hello && timeout --signal=TERM 4m time ./hello.exe   < /dev/stdin > /dev/null
63	:	1522440935.217	   240.538	0	0	124	0	cd /home/guilhermel/Programs/tf_faun/Benchs/Misc/perlin && timeout --signal=TERM 4m time ./perlin.exe   < /dev/stdin > /dev/null
64	:	1522440978.909	   240.927	0	0	124	0	cd /home/guilhermel/Programs/tf_faun/Benchs/Misc/pi && timeout --signal=TERM 4m time ./pi.exe   < /dev/stdin > /dev/null
65	:	1522440978.914	   240.927	0	0	124	0	cd /home/guilhermel/Programs/tf_faun/Benchs/Misc/ReedSolomon && timeout --signal=TERM 4m time ./ReedSolomon.exe   < /dev/stdin > /dev/null
67	:	1522440978.929	   240.920	0	0	124	0	cd /home/guilhermel/Programs/tf_faun/Benchs/Misc/richards_benchmark && timeout --signal=TERM 4m time ./richards_benchmark.exe   < /dev/stdin > /dev/null
68	:	1522440978.934	   240.921	0	0	124	0	cd /home/guilhermel/Programs/tf_faun/Benchs/Misc/salsa20 && timeout --signal=TERM 4m time ./salsa20.exe   < /dev/stdin > /dev/null
69	:	1522440978.941	   240.921	0	0	124	0	cd /home/guilhermel/Programs/tf_faun/Benchs/Misc/whetstone && timeout --signal=TERM 4m time ./whetstone.exe   < /dev/stdin > /dev/null
71	:	1522440978.957	   240.914	0	0	124	0	cd /home/guilhermel/Programs/tf_faun/Benchs/Shootout/ary3 && timeout --signal=TERM 4m time ./ary3.exe   < /dev/stdin > /dev/null
72	:	1522441048.148	   240.723	0	0	124	0	cd /home/guilhermel/Programs/tf_faun/Benchs/Shootout/fib2 && timeout --signal=TERM 4m time ./fib2.exe   < /dev/stdin > /dev/null
73	:	1522441051.488	   240.448	0	0	124	0	cd /home/guilhermel/Programs/tf_faun/Benchs/Shootout/hash && timeout --signal=TERM 4m time ./hash.exe   < /dev/stdin > /dev/null
74	:	1522441056.524	   240.031	0	0	124	0	cd /home/guilhermel/Programs/tf_faun/Benchs/Shootout/heapsort && timeout --signal=TERM 4m time ./heapsort.exe   < /dev/stdin > /dev/null
86	:	1522441296.560	    15.046	0	0	0	0	cd /home/guilhermel/Programs/tf_faun/Benchs/Stanford/IntMM && timeout --signal=TERM 4m time ./IntMM.exe   < /dev/stdin > /dev/null
87	:	1522441311.612	    17.844	0	0	0	0	cd /home/guilhermel/Programs/tf_faun/Benchs/Stanford/Oscar && timeout --signal=TERM 4m time ./Oscar.exe   < /dev/stdin > /dev/null
76	:	1522441133.163	   240.857	0	0	124	0	cd /home/guilhermel/Programs/tf_faun/Benchs/Shootout/lists && timeout --signal=TERM 4m time ./lists.exe   < /dev/stdin > /dev/null
83	:	1522441219.881	   193.427	0	0	0	0	cd /home/guilhermel/Programs/tf_faun/Benchs/Shootout/strcat && timeout --signal=TERM 4m time ./strcat.exe   < /dev/stdin > /dev/null
77	:	1522441175.761	   240.720	0	0	124	0	cd /home/guilhermel/Programs/tf_faun/Benchs/Shootout/matrix && timeout --signal=TERM 4m time ./matrix.exe   < /dev/stdin > /dev/null
91	:	1522441416.486	    15.320	0	0	0	0	cd /home/guilhermel/Programs/tf_faun/Benchs/Stanford/RealMM && timeout --signal=TERM 4m time ./RealMM.exe   < /dev/stdin > /dev/null
78	:	1522441219.842	   240.328	0	0	124	0	cd /home/guilhermel/Programs/tf_faun/Benchs/Shootout/methcall && timeout --signal=TERM 4m time ./methcall.exe   < /dev/stdin > /dev/null
79	:	1522441219.849	   240.327	0	0	124	0	cd /home/guilhermel/Programs/tf_faun/Benchs/Shootout/nestedloop && timeout --signal=TERM 4m time ./nestedloop.exe   < /dev/stdin > /dev/null
80	:	1522441219.855	   240.325	0	0	124	0	cd /home/guilhermel/Programs/tf_faun/Benchs/Shootout/objinst && timeout --signal=TERM 4m time ./objinst.exe   < /dev/stdin > /dev/null
81	:	1522441219.862	   240.324	0	0	124	0	cd /home/guilhermel/Programs/tf_faun/Benchs/Shootout/random && timeout --signal=TERM 4m time ./random.exe   < /dev/stdin > /dev/null
82	:	1522441219.871	   240.319	0	0	124	0	cd /home/guilhermel/Programs/tf_faun/Benchs/Shootout/sieve && timeout --signal=TERM 4m time ./sieve.exe   < /dev/stdin > /dev/null
97	:	1522441460.197	    19.404	0	0	0	0	cd /home/guilhermel/Programs/tf_faun/Benchs/mediabench/adpcm/rawdaudio && timeout --signal=TERM 4m time ./adpcm-rawdaudio.exe  <  ../data/clinton.adpcm  > /dev/null
96	:	1522441460.191	    28.302	0	0	0	0	cd /home/guilhermel/Programs/tf_faun/Benchs/mediabench/adpcm/rawcaudio && timeout --signal=TERM 4m time ./adpcm-rawcaudio.exe  <  ../data/clinton.pcm  > /dev/null
84	:	1522441288.878	   240.789	0	0	124	0	cd /home/guilhermel/Programs/tf_faun/Benchs/Stanford/Bubblesort && timeout --signal=TERM 4m time ./Bubblesort.exe   < /dev/stdin > /dev/null
99	:	1522441488.498	    41.175	0	0	0	0	cd /home/guilhermel/Programs/tf_faun/Benchs/mediabench/jpeg/jpeg-6a && timeout --signal=TERM 4m time ./g721.exe  -dct int -progressive -opt ../data/testimg.ppm  < /dev/stdin > /dev/null
85	:	1522441291.942	   240.226	0	0	124	0	cd /home/guilhermel/Programs/tf_faun/Benchs/Stanford/FloatMM && timeout --signal=TERM 4m time ./FloatMM.exe   < /dev/stdin > /dev/null
102	:	1522441532.175	     0.393	0	0	139	0	cd /home/guilhermel/Programs/tf_faun/Benchs/cpu2006/400.perlbench/rbc && timeout --signal=TERM 4m time ./perlbench.exe -I../data/all/input/lib ../data/all/input/diffmail.pl < /dev/stdin > /dev/null
89	:	1522441374.027	   168.406	0	0	0	0	cd /home/guilhermel/Programs/tf_faun/Benchs/Stanford/Queens && timeout --signal=TERM 4m time ./Queens.exe   < /dev/stdin > /dev/null
88	:	1522441329.462	   240.519	0	0	124	0	cd /home/guilhermel/Programs/tf_faun/Benchs/Stanford/Puzzle && timeout --signal=TERM 4m time ./Puzzle.exe   < /dev/stdin > /dev/null
105	:	1522441569.987	     0.532	0	0	0	0	cd /home/guilhermel/Programs/tf_faun/Benchs/cpu2006/433.milc/rbc && timeout --signal=TERM 4m time ./milc.exe  ../data/test/input/su3imp.in  < /dev/stdin > /dev/null
90	:	1522441413.314	   166.427	0	0	0	0	cd /home/guilhermel/Programs/tf_faun/Benchs/Stanford/Quicksort && timeout --signal=TERM 4m time ./Quicksort.exe   < /dev/stdin > /dev/null
93	:	1522441460.175	   203.350	0	0	0	0	cd /home/guilhermel/Programs/tf_faun/Benchs/Stanford/Treesort && timeout --signal=TERM 4m time ./Treesort.exe   < /dev/stdin > /dev/null
92	:	1522441431.814	   240.025	0	0	124	0	cd /home/guilhermel/Programs/tf_faun/Benchs/Stanford/Towers && timeout --signal=TERM 4m time ./Towers.exe   < /dev/stdin > /dev/null
109	:	1522441671.845	     0.527	0	0	44	0	cd /home/guilhermel/Programs/tf_faun/Benchs/cpu2006/464.h264ref/rbc && timeout --signal=TERM 4m time ./h264ref.exe  1397 8  < /dev/stdin > /dev/null
94	:	1522441460.180	   240.375	0	0	124	0	cd /home/guilhermel/Programs/tf_faun/Benchs/Fhourstones && timeout --signal=TERM 4m time ./Fhourstones.exe  <  input  > /dev/null
95	:	1522441460.186	   240.377	0	0	124	0	cd /home/guilhermel/Programs/tf_faun/Benchs/Linpack && timeout --signal=TERM 4m time ./Linpack.exe   < /dev/stdin > /dev/null
98	:	1522441479.607	   240.673	0	0	124	0	cd /home/guilhermel/Programs/tf_faun/Benchs/mediabench/g721/g721encode && timeout --signal=TERM 4m time ./g721.exe  <  ../data/clinton.pcm  > /dev/null
100	:	1522441529.672	   240.754	0	0	124	0	cd /home/guilhermel/Programs/tf_faun/Benchs/mediabench/gsm/toast && timeout --signal=TERM 4m time ./gsm.exe  -c ../data/clinton.pcm  < /dev/stdin > /dev/null
101	:	1522441529.678	   240.753	0	0	124	0	cd /home/guilhermel/Programs/tf_faun/Benchs/mediabench/mpeg2/mpeg2dec && timeout --signal=TERM 4m time ./mpeg2.exe  -b ../data/mei16v2.m2v -r -f -o0 tmp  < /dev/stdin > /dev/null
103	:	1522441532.574	   240.291	0	0	124	0	cd /home/guilhermel/Programs/tf_faun/Benchs/cpu2006/401.bzip2/rbc && timeout --signal=TERM 4m time ./bzip2.exe  ../data/ref/input/input.source 5  < /dev/stdin > /dev/null
104	:	1522441542.438	   240.806	0	0	124	0	cd /home/guilhermel/Programs/tf_faun/Benchs/cpu2006/429.mcf/rbc && timeout --signal=TERM 4m time ./mcf.exe  ../data/ref/input/inp.in  < /dev/stdin > /dev/null
106	:	1522441570.539	   240.257	0	0	124	0	cd /home/guilhermel/Programs/tf_faun/Benchs/cpu2006/456.hmmer/rbc && timeout --signal=TERM 4m time ./hmmer.exe  --fixed 0 --mean 425 --num 85000 --sd 300 --seed 0 ../data/train/input/leng100.hmm  < /dev/stdin > /dev/null
107	:	1522441579.747	   240.256	0	0	124	0	cd /home/guilhermel/Programs/tf_faun/Benchs/cpu2006/458.sjeng/rbc && timeout --signal=TERM 4m time ./sjeng.exe  test  < /dev/stdin > /dev/null
119	:	1522441820.009	     0.519	0	0	1	0	cd /home/guilhermel/Programs/tf_faun/Benchs/Ptrdist/anagram && timeout --signal=TERM 4m time ./anagram.exe  words 2  < input.OUT > /dev/null
108	:	1522441663.531	   240.841	0	0	124	0	cd /home/guilhermel/Programs/tf_faun/Benchs/cpu2006/462.libquantum/rbc && timeout --signal=TERM 4m time ./libquantum.exe  1397 8  < /dev/stdin > /dev/null
110	:	1522441672.394	   240.292	0	0	124	0	cd /home/guilhermel/Programs/tf_faun/Benchs/cpu2006/470.lbm/rbc && timeout --signal=TERM 4m time ./lbm.exe  20 reference.dat 0 1 ../data/test/input/100_100_130_cf_a.of  < /dev/stdin > /dev/null
111	:	1522441700.564	   240.798	0	0	124	0	cd /home/guilhermel/Programs/tf_faun/Benchs/ASCI_Purple && timeout --signal=TERM 4m time ./smg2000.exe  -n 30 15 30 -c 0.1 1.0 10.0  < /dev/stdin > /dev/null
112	:	1522441700.584	   240.781	0	0	124	0	cd /home/guilhermel/Programs/tf_faun/Benchs/Fhourstones_31 && timeout --signal=TERM 4m time ./Fhourstones_31.exe  <  inputs  > /dev/null
113	:	1522441720.320	   240.968	0	0	124	0	cd /home/guilhermel/Programs/tf_faun/Benchs/SciMark2-C && timeout --signal=TERM 4m time ./SciMark2-C.exe   < /dev/stdin > /dev/null
114	:	1522441770.432	   240.644	0	0	124	0	cd /home/guilhermel/Programs/tf_faun/Benchs/sim && timeout --signal=TERM 4m time ./sim.exe  8 tob.38-44 liv.42-48  < /dev/stdin > /dev/null
115	:	1522441770.436	   240.644	0	0	124	0	cd /home/guilhermel/Programs/tf_faun/Benchs/mafft && timeout --signal=TERM 4m time ./mafft.exe  -b 62 -g 0.100 -f 2.00 -h 0.100 -L  <  pyruvate_decarboxylase.fasta  > /dev/null
116	:	1522441772.870	   240.709	0	0	124	0	cd /home/guilhermel/Programs/tf_faun/Benchs/tramp3d-v4 && timeout --signal=TERM 4m time ./tramp3d-v4.exe  --cartvis 1.0 0.0 --rhomin 1e-8 -n 4 --domain 32 32 32 < /dev/stdin > /dev/null
117	:	1522441783.250	   240.683	0	0	124	0	cd /home/guilhermel/Programs/tf_faun/Benchs/llubenchmark && timeout --signal=TERM 4m time ./llu.exe -i 6000 < /dev/stdin > /dev/null
118	:	1522441810.802	   240.833	0	0	124	0	cd /home/guilhermel/Programs/tf_faun/Benchs/nbench && timeout --signal=TERM 4m time ./nbench.exe  < /dev/stdin > /dev/null
120	:	1522441820.533	   240.558	0	0	124	0	cd /home/guilhermel/Programs/tf_faun/Benchs/Ptrdist/bc && timeout --signal=TERM 4m time ./bc.exe   < primes.b > /dev/null
121	:	1522441904.377	   240.689	0	0	124	0	cd /home/guilhermel/Programs/tf_faun/Benchs/Ptrdist/ft && timeout --signal=TERM 4m time ./ft.exe  1500 100000  < /dev/stdin > /dev/null
122	:	1522441912.692	   240.336	0	0	124	0	cd /home/guilhermel/Programs/tf_faun/Benchs/Ptrdist/ks && timeout --signal=TERM 4m time ./ks.exe  KL-4.in  < /dev/stdin > /dev/null
123	:	1522441941.366	   240.215	0	0	124	0	cd /home/guilhermel/Programs/tf_faun/Benchs/Ptrdist/yacr2 && timeout --signal=TERM 4m time ./yacr2.exe  input2.in  < /dev/stdin > /dev/null
124	:	1522441941.370	   240.216	0	0	124	0	cd /home/guilhermel/Programs/tf_faun/Benchs/Trimaran/enc-3des && timeout --signal=TERM 4m time ./enc-3des.exe 100 < /dev/stdin > /dev/null
125	:	1522441961.292	   240.279	0	0	124	0	cd /home/guilhermel/Programs/tf_faun/Benchs/Trimaran/enc-md5 && timeout --signal=TERM 4m time ./enc-md5.exe 10 < /dev/stdin > /dev/null
126	:	1522442011.080	   240.788	0	0	124	0	cd /home/guilhermel/Programs/tf_faun/Benchs/Trimaran/enc-pc1 && timeout --signal=TERM 4m time ./enc-pc1.exe 5000000 < /dev/stdin > /dev/null
127	:	1522442011.086	   240.786	0	0	124	0	cd /home/guilhermel/Programs/tf_faun/Benchs/Trimaran/enc-rc4 && timeout --signal=TERM 4m time ./enc-rc4.exe 200000 < /dev/stdin > /dev/null
128	:	1522442013.584	   240.681	0	0	124	0	cd /home/guilhermel/Programs/tf_faun/Benchs/Trimaran/netbench-crc && timeout --signal=TERM 4m time ./netbench-crc.exe 12000 < /dev/stdin > /dev/null
129	:	1522442023.938	   240.536	0	0	124	0	cd /home/guilhermel/Programs/tf_faun/Benchs/Trimaran/netbench-url && timeout --signal=TERM 4m time ./netbench-url.exe medium_inputs 900 < /dev/stdin > /dev/null
130	:	1522442051.641	   240.970	0	0	124	0	cd /home/guilhermel/Programs/tf_faun/Benchs/TSVC/ControlFlow-dbl && timeout --signal=TERM 4m time ./ControlFlow-dbl.exe  2325 14  < /dev/stdin > /dev/null
131	:	1522442061.096	   240.568	0	0	124	0	cd /home/guilhermel/Programs/tf_faun/Benchs/TSVC/ControlFlow-flt && timeout --signal=TERM 4m time ./ControlFlow-flt.exe  2325 5  < /dev/stdin > /dev/null
132	:	1522442145.071	   240.063	0	0	124	0	cd /home/guilhermel/Programs/tf_faun/Benchs/TSVC/ControlLoops-dbl && timeout --signal=TERM 4m time ./ControlLoops-dbl.exe  1640 14  < /dev/stdin > /dev/null
133	:	1522442153.033	   240.490	0	0	124	0	cd /home/guilhermel/Programs/tf_faun/Benchs/TSVC/ControlLoops-flt && timeout --signal=TERM 4m time ./ControlLoops-flt.exe  1640 5  < /dev/stdin > /dev/null
134	:	1522442181.586	   240.921	0	0	124	0	cd /home/guilhermel/Programs/tf_faun/Benchs/TSVC/CrossingThresholds-dbl && timeout --signal=TERM 4m time ./CrossingThresholds-dbl.exe  5880 14  < /dev/stdin > /dev/null
135	:	1522442181.590	   240.923	0	0	124	0	cd /home/guilhermel/Programs/tf_faun/Benchs/TSVC/CrossingThresholds-flt && timeout --signal=TERM 4m time ./CrossingThresholds-flt.exe  5880 5  < /dev/stdin > /dev/null
136	:	1522442201.577	   240.027	0	0	124	0	cd /home/guilhermel/Programs/tf_faun/Benchs/TSVC/Equivalencing-dbl && timeout --signal=TERM 4m time ./Equivalencing-dbl.exe  3125 14  < /dev/stdin > /dev/null
137	:	1522442251.873	   241.068	0	0	124	0	cd /home/guilhermel/Programs/tf_faun/Benchs/TSVC/Equivalencing-flt && timeout --signal=TERM 4m time ./Equivalencing-flt.exe  3125 5  < /dev/stdin > /dev/null
138	:	1522442251.877	   241.069	0	0	124	0	cd /home/guilhermel/Programs/tf_faun/Benchs/TSVC/Expansion-dbl && timeout --signal=TERM 4m time ./Expansion-dbl.exe  4160 14  < /dev/stdin > /dev/null
139	:	1522442254.271	   240.482	0	0	124	0	cd /home/guilhermel/Programs/tf_faun/Benchs/TSVC/Expansion-flt && timeout --signal=TERM 4m time ./Expansion-flt.exe  4160 5  < /dev/stdin > /dev/null
140	:	1522442264.479	   240.052	0	0	124	0	cd /home/guilhermel/Programs/tf_faun/Benchs/TSVC/GlobalDataFlow-dbl && timeout --signal=TERM 4m time ./GlobalDataFlow-dbl.exe  3450 14  < /dev/stdin > /dev/null
141	:	1522442292.616	   240.877	0	0	124	0	cd /home/guilhermel/Programs/tf_faun/Benchs/TSVC/GlobalDataFlow-flt && timeout --signal=TERM 4m time ./GlobalDataFlow-flt.exe  3450 5  < /dev/stdin > /dev/null
142	:	1522442301.669	   240.788	0	0	124	0	cd /home/guilhermel/Programs/tf_faun/Benchs/TSVC/IndirectAddressing-dbl && timeout --signal=TERM 4m time ./IndirectAddressing-dbl.exe  12500 14  < /dev/stdin > /dev/null
143	:	1522442385.140	   240.986	0	0	124	0	cd /home/guilhermel/Programs/tf_faun/Benchs/TSVC/IndirectAddressing-flt && timeout --signal=TERM 4m time ./IndirectAddressing-flt.exe  12500 5  < /dev/stdin > /dev/null
144	:	1522442393.530	   240.631	0	0	124	0	cd /home/guilhermel/Programs/tf_faun/Benchs/TSVC/InductionVariable-dbl && timeout --signal=TERM 4m time ./InductionVariable-dbl.exe  9100 14  < /dev/stdin > /dev/null
145	:	1522442422.513	   240.454	0	0	124	0	cd /home/guilhermel/Programs/tf_faun/Benchs/TSVC/InductionVariable-flt && timeout --signal=TERM 4m time ./InductionVariable-flt.exe  9100 5  < /dev/stdin > /dev/null
146	:	1522442422.518	   240.456	0	0	124	0	cd /home/guilhermel/Programs/tf_faun/Benchs/TSVC/LinearDependence-dbl && timeout --signal=TERM 4m time ./LinearDependence-dbl.exe  3570 14  < /dev/stdin > /dev/null
147	:	1522442441.608	   240.411	0	0	124	0	cd /home/guilhermel/Programs/tf_faun/Benchs/TSVC/LinearDependence-flt && timeout --signal=TERM 4m time ./LinearDependence-flt.exe  3570 5  < /dev/stdin > /dev/null
148	:	1522442492.947	   240.884	0	0	124	0	cd /home/guilhermel/Programs/tf_faun/Benchs/TSVC/LoopRerolling-dbl && timeout --signal=TERM 4m time ./LoopRerolling-dbl.exe  5260 14  < /dev/stdin > /dev/null
149	:	1522442492.952	   240.884	0	0	124	0	cd /home/guilhermel/Programs/tf_faun/Benchs/TSVC/LoopRerolling-flt && timeout --signal=TERM 4m time ./LoopRerolling-flt.exe  5260 5  < /dev/stdin > /dev/null
150	:	1522442494.759	   240.175	0	0	124	0	cd /home/guilhermel/Programs/tf_faun/Benchs/TSVC/LoopRestructuring-dbl && timeout --signal=TERM 4m time ./LoopRestructuring-dbl.exe  4350 14  < /dev/stdin > /dev/null
151	:	1522442504.537	   240.275	0	0	124	0	cd /home/guilhermel/Programs/tf_faun/Benchs/TSVC/LoopRestructuring-flt && timeout --signal=TERM 4m time ./LoopRestructuring-flt.exe  4350 5  < /dev/stdin > /dev/null
152	:	1522442533.499	   240.761	0	0	124	0	cd /home/guilhermel/Programs/tf_faun/Benchs/TSVC/NodeSplitting-dbl && timeout --signal=TERM 4m time ./NodeSplitting-dbl.exe  10000 14  < /dev/stdin > /dev/null
153	:	1522442542.462	   240.935	0	0	124	0	cd /home/guilhermel/Programs/tf_faun/Benchs/TSVC/NodeSplitting-flt && timeout --signal=TERM 4m time ./NodeSplitting-flt.exe  10000 5  < /dev/stdin > /dev/null
154	:	1522442626.132	   240.393	0	0	124	0	cd /home/guilhermel/Programs/tf_faun/Benchs/TSVC/Packing-dbl && timeout --signal=TERM 4m time ./Packing-dbl.exe  50000 14  < /dev/stdin > /dev/null
155	:	1522442634.167	   240.248	0	0	124	0	cd /home/guilhermel/Programs/tf_faun/Benchs/TSVC/Packing-flt && timeout --signal=TERM 4m time ./Packing-flt.exe  50000 5  < /dev/stdin > /dev/null
156	:	1522442662.974	   240.643	0	0	124	0	cd /home/guilhermel/Programs/tf_faun/Benchs/TSVC/Recurrences-dbl && timeout --signal=TERM 4m time ./Recurrences-dbl.exe  20000 14  < /dev/stdin > /dev/null
157	:	1522442662.979	   240.643	0	0	124	0	cd /home/guilhermel/Programs/tf_faun/Benchs/TSVC/Recurrences-flt && timeout --signal=TERM 4m time ./Recurrences-flt.exe  20000 5  < /dev/stdin > /dev/null
158	:	1522442682.039	   240.845	0	0	124	0	cd /home/guilhermel/Programs/tf_faun/Benchs/TSVC/Reductions-dbl && timeout --signal=TERM 4m time ./Reductions-dbl.exe  1670 14  < /dev/stdin > /dev/null
159	:	1522442733.837	   240.838	0	0	124	0	cd /home/guilhermel/Programs/tf_faun/Benchs/TSVC/Reductions-flt && timeout --signal=TERM 4m time ./Reductions-flt.exe  1670 5  < /dev/stdin > /dev/null
160	:	1522442733.844	   240.849	0	0	124	0	cd /home/guilhermel/Programs/tf_faun/Benchs/TSVC/Searching-dbl && timeout --signal=TERM 4m time ./Searching-dbl.exe  80000 14  < /dev/stdin > /dev/null
161	:	1522442734.940	   240.305	0	0	124	0	cd /home/guilhermel/Programs/tf_faun/Benchs/TSVC/Searching-flt && timeout --signal=TERM 4m time ./Searching-flt.exe  80000 5  < /dev/stdin > /dev/null
162	:	1522442744.819	   240.927	0	0	124	0	cd /home/guilhermel/Programs/tf_faun/Benchs/TSVC/StatementReordering-dbl && timeout --signal=TERM 4m time ./StatementReordering-dbl.exe  20000 14  < /dev/stdin > /dev/null
163	:	1522442774.267	   240.703	0	0	124	0	cd /home/guilhermel/Programs/tf_faun/Benchs/TSVC/StatementReordering-flt && timeout --signal=TERM 4m time ./StatementReordering-flt.exe  20000 5  < /dev/stdin > /dev/null
164	:	1522442783.402	   240.614	0	0	124	0	cd /home/guilhermel/Programs/tf_faun/Benchs/TSVC/Symbolics-dbl && timeout --signal=TERM 4m time ./Symbolics-dbl.exe  9090 14  < /dev/stdin > /dev/null
165	:	1522442866.530	   240.887	0	0	124	0	cd /home/guilhermel/Programs/tf_faun/Benchs/TSVC/Symbolics-flt && timeout --signal=TERM 4m time ./Symbolics-flt.exe  9090 5  < /dev/stdin > /dev/null
166	:	1522442874.422	   240.072	0	0	124	0	cd /home/guilhermel/Programs/tf_faun/Benchs/PAQ8p && timeout --signal=TERM 4m time ./PAQ8p.exe  -1 small.in  < /dev/stdin > /dev/null
167	:	1522442903.623	   240.845	0	0	124	0	cd /home/guilhermel/Programs/tf_faun/Benchs/NPB-serial/dc && timeout --signal=TERM 4m time ./dc.exe  10000000 ADC.par  < /dev/stdin > /dev/null
168	:	1522442903.628	   240.845	0	0	124	0	cd /home/guilhermel/Programs/tf_faun/Benchs/NPB-serial/is && timeout --signal=TERM 4m time ./is.exe  < /dev/stdin > /dev/null
169	:	1522442922.890	   240.226	0	0	124	0	cd /home/guilhermel/Programs/tf_faun/Benchs/VersaBench/8b10b && timeout --signal=TERM 4m time ./8b10b.exe /home/guilhermel/Programs/tf_faun/Benchs/VersaBench/8b10b/input 2000 < /dev/stdin > /dev/null
170	:	1522442974.694	   240.690	0	0	124	0	cd /home/guilhermel/Programs/tf_faun/Benchs/VersaBench/beamformer && timeout --signal=TERM 4m time ./beamformer.exe -i 140 < /dev/stdin > /dev/null
171	:	1522442974.699	   240.690	0	0	124	0	cd /home/guilhermel/Programs/tf_faun/Benchs/VersaBench/bmm && timeout --signal=TERM 4m time ./bmm.exe 1024 64 < /dev/stdin > /dev/null
172	:	1522442975.252	   240.141	0	0	124	0	cd /home/guilhermel/Programs/tf_faun/Benchs/VersaBench/dbms && timeout --signal=TERM 4m time ./dbms.exe -i /home/guilhermel/Programs/tf_faun/Benchs/VersaBench/dbms/dbms.ref.in < /dev/stdin > /dev/null
173	:	1522442985.751	   240.742	0	0	124	0	cd /home/guilhermel/Programs/tf_faun/Benchs/VersaBench/ecbdes && timeout --signal=TERM 4m time ./ecbdes.exe 16 < /dev/stdin > /dev/null
184	:	1522443226.500	     3.115	0	0	0	0	cd /home/guilhermel/Programs/tf_faun/Benchs/MallocBench/make && timeout --signal=TERM 4m time ./make.exe -n -f /home/guilhermel/Programs/tf_faun/Benchs/MallocBench/make/INPUT/GNUmakefile.make USEROPT=BWGC VPATH=/home/guilhermel/Programs/tf_faun/Benchs/MallocBench/make < /dev/stdin > /dev/null
174	:	1522443014.976	   240.399	0	0	124	0	cd /home/guilhermel/Programs/tf_faun/Benchs/FreeBench/analyzer && timeout --signal=TERM 4m time ./analyzer.exe /home/guilhermel/Programs/tf_faun/Benchs/FreeBench/analyzer/test.in < /dev/stdin > /dev/null
175	:	1522443024.035	   240.559	0	0	124	0	cd /home/guilhermel/Programs/tf_faun/Benchs/FreeBench/distray && timeout --signal=TERM 4m time ./distray.exe /home/guilhermel/Programs/tf_faun/Benchs/FreeBench/distray/test.in < /dev/stdin > /dev/null
186	:	1522443255.382	    11.630	0	0	0	0	cd /home/guilhermel/Programs/tf_faun/Benchs/McCat/03-testtrie && timeout --signal=TERM 4m time ./03-testtrie.exe /home/guilhermel/Programs/tf_faun/Benchs/McCat/03-testtrie/testtrie.in2 < /dev/stdin > /dev/null
188	:	1522443267.018	    41.752	0	0	0	0	cd /home/guilhermel/Programs/tf_faun/Benchs/McCat/05-eks && timeout --signal=TERM 4m time ./05-eks.exe  < /dev/stdin > /dev/null
176	:	1522443107.423	   240.315	0	0	124	0	cd /home/guilhermel/Programs/tf_faun/Benchs/FreeBench/fourinarow && timeout --signal=TERM 4m time ./fourinarow.exe /home/guilhermel/Programs/tf_faun/Benchs/FreeBench/fourinarow/test.in < /dev/stdin > /dev/null
177	:	1522443114.501	   240.315	0	0	124	0	cd /home/guilhermel/Programs/tf_faun/Benchs/FreeBench/mason && timeout --signal=TERM 4m time ./mason.exe /home/guilhermel/Programs/tf_faun/Benchs/FreeBench/mason/test.in < /dev/stdin > /dev/null
178	:	1522443144.473	   240.340	0	0	124	0	cd /home/guilhermel/Programs/tf_faun/Benchs/FreeBench/neural && timeout --signal=TERM 4m time ./neural.exe /home/guilhermel/Programs/tf_faun/Benchs/FreeBench/neural/test.in < /dev/stdin > /dev/null
179	:	1522443144.479	   240.355	0	0	124	0	cd /home/guilhermel/Programs/tf_faun/Benchs/FreeBench/pcompress2 && timeout --signal=TERM 4m time ./pcompress2.exe /home/guilhermel/Programs/tf_faun/Benchs/FreeBench/pcompress2/test.in < /dev/stdin > /dev/null
192	:	1522443384.835	     1.059	0	0	0	0	cd /home/guilhermel/Programs/tf_faun/Benchs/McCat/15-trie && timeout --signal=TERM 4m time ./15-trie.exe  trie.in1  < /dev/stdin > /dev/null
194	:	1522443385.900	     0.303	0	0	139	0	cd /home/guilhermel/Programs/tf_faun/Benchs/McCat/18-imp && timeout --signal=TERM 4m time ./18-imp.exe  sg01.imp  < /dev/stdin > /dev/null
180	:	1522443163.123	   240.834	0	0	124	0	cd /home/guilhermel/Programs/tf_faun/Benchs/FreeBench/pifft && timeout --signal=TERM 4m time ./pifft.exe /home/guilhermel/Programs/tf_faun/Benchs/FreeBench/pifft/test.in < /dev/stdin > /dev/null
185	:	1522443229.634	   184.546	0	0	0	0	cd /home/guilhermel/Programs/tf_faun/Benchs/McCat/01-qbsort && timeout --signal=TERM 4m time ./01-qbsort.exe 1000 < /home/guilhermel/Programs/tf_faun/Benchs/McCat/01-qbsort/benchmark.in3 > /dev/null
181	:	1522443215.389	   240.242	0	0	124	0	cd /home/guilhermel/Programs/tf_faun/Benchs/MallocBench/cfrac && timeout --signal=TERM 4m time ./cfrac.exe 41757646344123832613190542166099121 < /dev/stdin > /dev/null
182	:	1522443215.394	   240.241	0	0	124	0	cd /home/guilhermel/Programs/tf_faun/Benchs/MallocBench/espresso && timeout --signal=TERM 4m time ./espresso.exe -t /home/guilhermel/Programs/tf_faun/Benchs/MallocBench/espresso/INPUT/largest.espresso < /dev/stdin > /dev/null
183	:	1522443215.401	   240.240	0	0	124	0	cd /home/guilhermel/Programs/tf_faun/Benchs/MallocBench/gs && timeout --signal=TERM 4m time ./gs.exe -DNODISPLAY /home/guilhermel/Programs/tf_faun/Benchs/MallocBench/gs/INPUT/large.ps < /dev/stdin > /dev/null
187	:	1522443264.601	   240.783	0	0	124	0	cd /home/guilhermel/Programs/tf_faun/Benchs/McCat/04-bisect && timeout --signal=TERM 4m time ./04-bisect.exe  < /home/guilhermel/Programs/tf_faun/Benchs/McCat/04-bisect/bisect_test.in > /dev/null
189	:	1522443308.776	   209.644	0	0	0	0	cd /home/guilhermel/Programs/tf_faun/Benchs/McCat/08-main && timeout --signal=TERM 4m time ./08-main.exe  < /dev/stdin > /dev/null
190	:	1522443347.744	   240.480	0	0	124	0	cd /home/guilhermel/Programs/tf_faun/Benchs/McCat/09-vor && timeout --signal=TERM 4m time ./09-vor.exe  < vor.in3 > /dev/null
191	:	1522443354.831	   240.661	0	0	124	0	cd /home/guilhermel/Programs/tf_faun/Benchs/McCat/12-IOtest && timeout --signal=TERM 4m time ./12-IOtest.exe  < /dev/stdin > /dev/null
193	:	1522443384.840	   240.397	0	0	124	0	cd /home/guilhermel/Programs/tf_faun/Benchs/McCat/17-bintr && timeout --signal=TERM 4m time ./17-bintr.exe  <  bnchmrk.in1  > /dev/null
195	:	1522443386.210	   240.113	0	0	124	0	cd /home/guilhermel/Programs/tf_faun/Benchs/Olden/bh && timeout --signal=TERM 4m time ./bh.exe 20000 20 < /dev/stdin > /dev/null
206	:	1522443626.330	     0.312	0	0	0	0	cd /home/guilhermel/Programs/tf_faun/Benchs/Prolangs-C/allroots && timeout --signal=TERM 4m time ./allroots.exe  < /dev/stdin > /dev/null
207	:	1522443626.648	     0.171	0	0	1	0	cd /home/guilhermel/Programs/tf_faun/Benchs/Prolangs-C/archie-client && timeout --signal=TERM 4m time ./archie-client.exe  < /dev/stdin > /dev/null
208	:	1522443626.825	     0.093	0	0	0	0	cd /home/guilhermel/Programs/tf_faun/Benchs/Prolangs-C/assembler && timeout --signal=TERM 4m time ./assembler.exe assem.lst < /dev/stdin > /dev/null
209	:	1522443626.925	     3.706	0	0	0	0	cd /home/guilhermel/Programs/tf_faun/Benchs/Prolangs-C/bison && timeout --signal=TERM 4m time ./bison.exe parse.y.in -v < /dev/stdin > /dev/null
210	:	1522443630.637	     0.980	0	0	0	0	cd /home/guilhermel/Programs/tf_faun/Benchs/Prolangs-C/cdecl && timeout --signal=TERM 4m time ./cdecl.exe  < testset > /dev/null
211	:	1522443631.623	     0.155	0	0	0	0	cd /home/guilhermel/Programs/tf_faun/Benchs/Prolangs-C/compiler && timeout --signal=TERM 4m time ./compiler.exe  < /dev/stdin > /dev/null
212	:	1522443631.784	     0.085	0	0	0	0	cd /home/guilhermel/Programs/tf_faun/Benchs/Prolangs-C/fixoutput && timeout --signal=TERM 4m time ./fixoutput.exe  < /dev/stdin > /dev/null
213	:	1522443631.876	     0.047	0	0	1	0	cd /home/guilhermel/Programs/tf_faun/Benchs/Prolangs-C/football && timeout --signal=TERM 4m time ./football.exe  < /dev/stdin > /dev/null
205	:	1522443625.242	    10.143	0	0	0	0	cd /home/guilhermel/Programs/tf_faun/Benchs/Prolangs-C/agrep && timeout --signal=TERM 4m time ./agrep.exe -2 int InstructionCombining.cpp < /dev/stdin > /dev/null
215	:	1522443635.392	     0.186	0	0	0	0	cd /home/guilhermel/Programs/tf_faun/Benchs/Prolangs-C/loader && timeout --signal=TERM 4m time ./loader.exe  < /dev/stdin > /dev/null
216	:	1522443635.583	     0.101	0	0	0	0	cd /home/guilhermel/Programs/tf_faun/Benchs/Prolangs-C/plot2fig && timeout --signal=TERM 4m time ./plot2fig.exe  < /dev/stdin > /dev/null
217	:	1522443635.691	     0.056	0	0	0	0	cd /home/guilhermel/Programs/tf_faun/Benchs/Prolangs-C/simulator && timeout --signal=TERM 4m time ./simulator.exe  < /dev/stdin > /dev/null
218	:	1522443635.754	     0.031	0	0	0	0	cd /home/guilhermel/Programs/tf_faun/Benchs/Prolangs-C/TimberWolfMC && timeout --signal=TERM 4m time ./TimberWolfMC.exe  < /dev/stdin > /dev/null
219	:	1522443635.792	     0.016	0	0	0	0	cd /home/guilhermel/Programs/tf_faun/Benchs/Prolangs-C/unix-smail && timeout --signal=TERM 4m time ./unix-smail.exe -v ALL < main.c > /dev/null
220	:	1522443635.815	     0.008	0	0	0	0	cd /home/guilhermel/Programs/tf_faun/Benchs/Prolangs-C/unix-tbl && timeout --signal=TERM 4m time ./unix-tbl.exe  < /dev/stdin > /dev/null
196	:	1522443403.963	   240.641	0	0	124	0	cd /home/guilhermel/Programs/tf_faun/Benchs/Olden/bisort && timeout --signal=TERM 4m time ./bisort.exe 700000 < /dev/stdin > /dev/null
197	:	1522443414.185	   240.570	0	0	124	0	cd /home/guilhermel/Programs/tf_faun/Benchs/Olden/em3d && timeout --signal=TERM 4m time ./em3d.exe 256 250 35 < /dev/stdin > /dev/null
198	:	1522443455.636	   240.538	0	0	124	0	cd /home/guilhermel/Programs/tf_faun/Benchs/Olden/health && timeout --signal=TERM 4m time ./health.exe 9 20 1 < /dev/stdin > /dev/null
199	:	1522443455.642	   240.532	0	0	124	0	cd /home/guilhermel/Programs/tf_faun/Benchs/Olden/mst && timeout --signal=TERM 4m time ./mst.exe 1000 < /dev/stdin > /dev/null
200	:	1522443455.647	   240.527	0	0	124	0	cd /home/guilhermel/Programs/tf_faun/Benchs/Olden/perimeter && timeout --signal=TERM 4m time ./perimeter.exe 10 < /dev/stdin > /dev/null
201	:	1522443505.391	   240.024	0	0	124	0	cd /home/guilhermel/Programs/tf_faun/Benchs/Olden/power && timeout --signal=TERM 4m time ./power.exe  < /dev/stdin > /dev/null
202	:	1522443518.426	   240.608	0	0	124	0	cd /home/guilhermel/Programs/tf_faun/Benchs/Olden/treeadd && timeout --signal=TERM 4m time ./treeadd.exe 20 < /dev/stdin > /dev/null
203	:	1522443588.231	   240.788	0	0	124	0	cd /home/guilhermel/Programs/tf_faun/Benchs/Olden/tsp && timeout --signal=TERM 4m time ./tsp.exe 1024000 < /dev/stdin > /dev/null
204	:	1522443595.498	   240.423	0	0	124	0	cd /home/guilhermel/Programs/tf_faun/Benchs/Olden/voronoi && timeout --signal=TERM 4m time ./voronoi.exe 100000 20 32 7 < /dev/stdin > /dev/null
214	:	1522443631.929	   240.965	0	0	124	0	cd /home/guilhermel/Programs/tf_faun/Benchs/Prolangs-C/gnugo && timeout --signal=TERM 4m time ./gnugo.exe  < stdin > /dev/null
