Seq	Host	Starttime	JobRuntime	Send	Receive	Exitval	Signal	Command
7	:	1522451925.514	   199.029	0	0	0	0	cd /home/guilhermel/Programs/tf_faun/Benchs/BenchmarkGame/partialsums && timeout --signal=TERM 6m time ./partialsums.exe   < /dev/stdin > /dev/null
1	:	1522451925.500	   360.605	0	0	124	0	cd /home/guilhermel/Programs/tf_faun/Benchs/ASC_Sequoia/AMGmk && timeout --signal=TERM 6m time ./AMGmk.exe  < /dev/stdin > /dev/null
2	:	1522451925.502	   360.606	0	0	124	0	cd /home/guilhermel/Programs/tf_faun/Benchs/ASC_Sequoia/CrystalMk && timeout --signal=TERM 6m time ./CrystalMK.exe  < /dev/stdin > /dev/null
3	:	1522451925.504	   360.608	0	0	124	0	cd /home/guilhermel/Programs/tf_faun/Benchs/ASC_Sequoia/IRSmk && timeout --signal=TERM 6m time ./IRSmk.exe  irsmk_input  < /dev/stdin > /dev/null
4	:	1522451925.506	   360.611	0	0	124	0	cd /home/guilhermel/Programs/tf_faun/Benchs/BenchmarkGame/fannkuch && timeout --signal=TERM 6m time ./fannkuch.exe   < /dev/stdin > /dev/null
5	:	1522451925.509	   360.612	0	0	124	0	cd /home/guilhermel/Programs/tf_faun/Benchs/BenchmarkGame/n-body && timeout --signal=TERM 6m time ./nbody.exe   < /dev/stdin > /dev/null
6	:	1522451925.511	   360.616	0	0	124	0	cd /home/guilhermel/Programs/tf_faun/Benchs/BenchmarkGame/nsieve-bits && timeout --signal=TERM 6m time ./nsieve-bits.exe   < /dev/stdin > /dev/null
8	:	1522451925.517	   360.615	0	0	124	0	cd /home/guilhermel/Programs/tf_faun/Benchs/BenchmarkGame/puzzle && timeout --signal=TERM 6m time ./puzzle.exe   < /dev/stdin > /dev/null
9	:	1522451925.519	   360.621	0	0	124	0	cd /home/guilhermel/Programs/tf_faun/Benchs/BenchmarkGame/recursive && timeout --signal=TERM 6m time ./recursive.exe   < /dev/stdin > /dev/null
10	:	1522451925.528	   360.617	0	0	124	0	cd /home/guilhermel/Programs/tf_faun/Benchs/BenchmarkGame/spectral-norm && timeout --signal=TERM 6m time ./spectral-norm.exe   < /dev/stdin > /dev/null
11	:	1522452124.549	   360.466	0	0	124	0	cd /home/guilhermel/Programs/tf_faun/Benchs/BitBench/drop3 && timeout --signal=TERM 6m time ./drop3.exe  input-file  < /dev/stdin > /dev/null
12	:	1522452286.109	   360.595	0	0	124	0	cd /home/guilhermel/Programs/tf_faun/Benchs/BitBench/five11 && timeout --signal=TERM 6m time ./five11.exe  input-file  < /dev/stdin > /dev/null
13	:	1522452286.113	   360.596	0	0	124	0	cd /home/guilhermel/Programs/tf_faun/Benchs/BitBench/uudecode && timeout --signal=TERM 6m time ./uudecode.exe  input-file  < /dev/stdin > /dev/null
14	:	1522452286.117	   360.595	0	0	124	0	cd /home/guilhermel/Programs/tf_faun/Benchs/BitBench/uuencode && timeout --signal=TERM 6m time ./uuencode.exe  input  < /dev/stdin > /dev/null
15	:	1522452286.122	   360.595	0	0	124	0	cd /home/guilhermel/Programs/tf_faun/Benchs/CoyoteBench/almabench && timeout --signal=TERM 6m time ./almabench.exe   < /dev/stdin > /dev/null
16	:	1522452286.127	   360.594	0	0	124	0	cd /home/guilhermel/Programs/tf_faun/Benchs/CoyoteBench/huffbench && timeout --signal=TERM 6m time ./huffbench.exe   < /dev/stdin > /dev/null
17	:	1522452286.133	   360.594	0	0	124	0	cd /home/guilhermel/Programs/tf_faun/Benchs/CoyoteBench/lpbench && timeout --signal=TERM 6m time ./lpbench.exe   < /dev/stdin > /dev/null
18	:	1522452286.140	   360.592	0	0	124	0	cd /home/guilhermel/Programs/tf_faun/Benchs/DOE_ProxyApps_C/miniAMR && timeout --signal=TERM 6m time ./miniAMR.exe  --nx 8 --ny 8 --nz 8 --num_tsteps 100  < /dev/stdin > /dev/null
19	:	1522452286.146	   360.590	0	0	124	0	cd /home/guilhermel/Programs/tf_faun/Benchs/DOE_ProxyApps_C/miniGMG && timeout --signal=TERM 6m time ./miniGMG.exe  6  2 2 2  1 1 1  < /dev/stdin > /dev/null
20	:	1522452286.156	   360.588	0	0	124	0	cd /home/guilhermel/Programs/tf_faun/Benchs/DOE_ProxyApps_C/Pathfinder && timeout --signal=TERM 6m time ./Pathfinder.exe  -x medsmall1.adj_list  < /dev/stdin > /dev/null
27	:	1522452646.731	     0.019	0	0	0	0	cd /home/guilhermel/Programs/tf_faun/Benchs/McGill/exptree && timeout --signal=TERM 6m time ./exptree.exe   < /dev/stdin > /dev/null
30	:	1522452646.750	   141.198	0	0	0	0	cd /home/guilhermel/Programs/tf_faun/Benchs/MiBench/automotive-basicmath && timeout --signal=TERM 6m time ./automotive-basicmath.exe  < /dev/stdin > /dev/null
21	:	1522452485.054	   360.337	0	0	124	0	cd /home/guilhermel/Programs/tf_faun/Benchs/DOE_ProxyApps_C/RSBench && timeout --signal=TERM 6m time ./RSBench.exe  -s small -l 100000 -p 1000 -w 1000  < /dev/stdin > /dev/null
33	:	1522452845.397	    67.958	0	0	0	0	cd /home/guilhermel/Programs/tf_faun/Benchs/MiBench/consumer-jpeg && timeout --signal=TERM 6m time ./consumer-jpeg.exe  -dct int -ppm -outfile Output/output_large_decode.ppm input_large.jpg  < /dev/stdin > /dev/null
22	:	1522452646.709	   360.382	0	0	124	0	cd /home/guilhermel/Programs/tf_faun/Benchs/DOE_ProxyApps_C/SimpleMOC && timeout --signal=TERM 6m time ./SimpleMOC.exe  -i default.in  < /dev/stdin > /dev/null
23	:	1522452646.713	   360.382	0	0	124	0	cd /home/guilhermel/Programs/tf_faun/Benchs/DOE_ProxyApps_C/XSBench && timeout --signal=TERM 6m time ./XSBench.exe  -s small -g 1250 -l 1000000  < /dev/stdin > /dev/null
24	:	1522452646.717	   360.382	0	0	124	0	cd /home/guilhermel/Programs/tf_faun/Benchs/Dhrystone/dry && timeout --signal=TERM 6m time ./dry.exe   < /dev/stdin > /dev/null
25	:	1522452646.722	   360.382	0	0	124	0	cd /home/guilhermel/Programs/tf_faun/Benchs/Dhrystone/fldry && timeout --signal=TERM 6m time ./fldry.exe   < /dev/stdin > /dev/null
26	:	1522452646.727	   360.381	0	0	124	0	cd /home/guilhermel/Programs/tf_faun/Benchs/McGill/chomp && timeout --signal=TERM 6m time ./chomp.exe   < /dev/stdin > /dev/null
28	:	1522452646.736	   360.376	0	0	124	0	cd /home/guilhermel/Programs/tf_faun/Benchs/McGill/misr && timeout --signal=TERM 6m time ./misr.exe   < /dev/stdin > /dev/null
29	:	1522452646.745	   360.374	0	0	124	0	cd /home/guilhermel/Programs/tf_faun/Benchs/McGill/queens && timeout --signal=TERM 6m time ./queens.exe   < /dev/stdin > /dev/null
31	:	1522452646.755	   360.370	0	0	124	0	cd /home/guilhermel/Programs/tf_faun/Benchs/MiBench/automotive-bitcount && timeout --signal=TERM 6m time ./automotive-bitcount.exe  1125000  < /dev/stdin > /dev/null
38	:	1522453007.108	     0.023	0	0	0	0	cd /home/guilhermel/Programs/tf_faun/Benchs/MiBench/security-blowfish && timeout --signal=TERM 6m time ./security-blowfish.exe  d output_large.enc output_large.asc 1234567890abcdeffedcba0987654321  < /dev/stdin > /dev/null
37	:	1522453007.103	     7.216	0	0	0	0	cd /home/guilhermel/Programs/tf_faun/Benchs/MiBench/office-stringsearch && timeout --signal=TERM 6m time ./office-stringsearch.exe  < /dev/stdin > /dev/null
36	:	1522453007.100	    37.659	0	0	0	0	cd /home/guilhermel/Programs/tf_faun/Benchs/MiBench/network-patricia && timeout --signal=TERM 6m time ./network-patricia.exe  large.udp  < /dev/stdin > /dev/null
42	:	1522453007.132	    66.391	0	0	0	0	cd /home/guilhermel/Programs/tf_faun/Benchs/MiBench/telecomm-FFT && timeout --signal=TERM 6m time ./telecomm-FFT.exe  8 32768 -i  < /dev/stdin > /dev/null
32	:	1522452787.955	   361.000	0	0	124	0	cd /home/guilhermel/Programs/tf_faun/Benchs/MiBench/automotive-susan && timeout --signal=TERM 6m time ./automotive-susan.exe  input_large.pgm Output/output_large.smoothing.pgm -s  < /dev/stdin > /dev/null
39	:	1522453007.112	   207.016	0	0	0	0	cd /home/guilhermel/Programs/tf_faun/Benchs/MiBench/security-rijndael && timeout --signal=TERM 6m time ./security-rijndael.exe  input_large.asc large.enc e 1234567890abcdeffedcba09876543211234567890abcdeffedcba0987654321  < /dev/stdin > /dev/null
35	:	1522453007.096	   256.401	0	0	0	0	cd /home/guilhermel/Programs/tf_faun/Benchs/MiBench/network-dijkstra && timeout --signal=TERM 6m time ./network-dijkstra.exe  input.dat  < /dev/stdin > /dev/null
34	:	1522452913.361	   360.250	0	0	124	0	cd /home/guilhermel/Programs/tf_faun/Benchs/MiBench/consumer-lame && timeout --signal=TERM 6m time ./consumer-lame.exe  large.wav Output/output_large.mp3  < /dev/stdin > /dev/null
40	:	1522453007.119	   360.243	0	0	124	0	cd /home/guilhermel/Programs/tf_faun/Benchs/MiBench/security-sha && timeout --signal=TERM 6m time ./security-sha.exe  input_large.asc  < /dev/stdin > /dev/null
41	:	1522453007.126	   360.243	0	0	124	0	cd /home/guilhermel/Programs/tf_faun/Benchs/MiBench/telecomm-CRC32 && timeout --signal=TERM 6m time ./telecomm-CRC32.exe  large.pcm  < /dev/stdin > /dev/null
43	:	1522453007.137	   360.236	0	0	124	0	cd /home/guilhermel/Programs/tf_faun/Benchs/Misc/dt && timeout --signal=TERM 6m time ./dt.exe   < /dev/stdin > /dev/null
44	:	1522453014.325	   360.113	0	0	124	0	cd /home/guilhermel/Programs/tf_faun/Benchs/Misc/evalloop && timeout --signal=TERM 6m time ./evalloop.exe   < /dev/stdin > /dev/null
45	:	1522453044.765	   360.609	0	0	124	0	cd /home/guilhermel/Programs/tf_faun/Benchs/Misc/fbench && timeout --signal=TERM 6m time ./fbench.exe   < /dev/stdin > /dev/null
46	:	1522453073.543	   360.105	0	0	124	0	cd /home/guilhermel/Programs/tf_faun/Benchs/Misc/ffbench && timeout --signal=TERM 6m time ./ffbench.exe   < /dev/stdin > /dev/null
47	:	1522453148.960	   360.911	0	0	124	0	cd /home/guilhermel/Programs/tf_faun/Benchs/Misc/flops && timeout --signal=TERM 6m time ./flops.exe   < /dev/stdin > /dev/null
48	:	1522453214.135	   360.842	0	0	124	0	cd /home/guilhermel/Programs/tf_faun/Benchs/Misc/flops-1 && timeout --signal=TERM 6m time ./flops-1.exe   < /dev/stdin > /dev/null
49	:	1522453263.503	   360.986	0	0	124	0	cd /home/guilhermel/Programs/tf_faun/Benchs/Misc/flops-2 && timeout --signal=TERM 6m time ./flops-2.exe   < /dev/stdin > /dev/null
50	:	1522453273.619	   360.328	0	0	124	0	cd /home/guilhermel/Programs/tf_faun/Benchs/Misc/flops-3 && timeout --signal=TERM 6m time ./flops-3.exe   < /dev/stdin > /dev/null
51	:	1522453367.369	   360.802	0	0	124	0	cd /home/guilhermel/Programs/tf_faun/Benchs/Misc/flops-4 && timeout --signal=TERM 6m time ./flops-4.exe   < /dev/stdin > /dev/null
52	:	1522453367.373	   360.803	0	0	124	0	cd /home/guilhermel/Programs/tf_faun/Benchs/Misc/flops-5 && timeout --signal=TERM 6m time ./flops-5.exe   < /dev/stdin > /dev/null
53	:	1522453367.379	   360.802	0	0	124	0	cd /home/guilhermel/Programs/tf_faun/Benchs/Misc/flops-6 && timeout --signal=TERM 6m time ./flops-6.exe   < /dev/stdin > /dev/null
54	:	1522453374.459	   360.665	0	0	124	0	cd /home/guilhermel/Programs/tf_faun/Benchs/Misc/flops-7 && timeout --signal=TERM 6m time ./flops-7.exe   < /dev/stdin > /dev/null
55	:	1522453405.380	   360.473	0	0	124	0	cd /home/guilhermel/Programs/tf_faun/Benchs/Misc/flops-8 && timeout --signal=TERM 6m time ./flops-8.exe   < /dev/stdin > /dev/null
56	:	1522453433.653	   360.562	0	0	124	0	cd /home/guilhermel/Programs/tf_faun/Benchs/Misc/fp-convert && timeout --signal=TERM 6m time ./fp-convert.exe   < /dev/stdin > /dev/null
66	:	1522453794.221	     0.528	0	0	0	0	cd /home/guilhermel/Programs/tf_faun/Benchs/Misc/revertBits && timeout --signal=TERM 6m time ./revertBits.exe   < /dev/stdin > /dev/null
57	:	1522453509.891	   360.116	0	0	124	0	cd /home/guilhermel/Programs/tf_faun/Benchs/Misc/himenobmtxpa && timeout --signal=TERM 6m time ./himenobmtxpa.exe   < /dev/stdin > /dev/null
58	:	1522453574.983	   360.894	0	0	124	0	cd /home/guilhermel/Programs/tf_faun/Benchs/Misc/lowercase && timeout --signal=TERM 6m time ./lowercase.exe   < /dev/stdin > /dev/null
59	:	1522453624.507	   360.411	0	0	124	0	cd /home/guilhermel/Programs/tf_faun/Benchs/Misc/mandel && timeout --signal=TERM 6m time ./mandel.exe   < /dev/stdin > /dev/null
60	:	1522453633.967	   361.015	0	0	124	0	cd /home/guilhermel/Programs/tf_faun/Benchs/Misc/mandel-2 && timeout --signal=TERM 6m time ./mandel-2.exe   < /dev/stdin > /dev/null
70	:	1522453984.923	    79.253	0	0	0	0	cd /home/guilhermel/Programs/tf_faun/Benchs/Shootout/ackermann && timeout --signal=TERM 6m time ./ackermann.exe   < /dev/stdin > /dev/null
61	:	1522453728.176	   360.344	0	0	124	0	cd /home/guilhermel/Programs/tf_faun/Benchs/Misc/matmul_f64_4x4 && timeout --signal=TERM 6m time ./matmul_f64_4x4.exe   < /dev/stdin > /dev/null
62	:	1522453728.180	   360.346	0	0	124	0	cd /home/guilhermel/Programs/tf_faun/Benchs/Misc/oourafft && timeout --signal=TERM 6m time ./oourafft.exe   < /dev/stdin > /dev/null
63	:	1522453728.185	   360.347	0	0	124	0	cd /home/guilhermel/Programs/tf_faun/Benchs/Misc/perlin && timeout --signal=TERM 6m time ./perlin.exe   < /dev/stdin > /dev/null
75	:	1522454088.538	     0.532	0	0	0	0	cd /home/guilhermel/Programs/tf_faun/Benchs/Shootout/hello && timeout --signal=TERM 6m time ./hello.exe   < /dev/stdin > /dev/null
64	:	1522453735.155	   360.197	0	0	124	0	cd /home/guilhermel/Programs/tf_faun/Benchs/Misc/pi && timeout --signal=TERM 6m time ./pi.exe   < /dev/stdin > /dev/null
65	:	1522453765.860	   360.663	0	0	124	0	cd /home/guilhermel/Programs/tf_faun/Benchs/Misc/ReedSolomon && timeout --signal=TERM 6m time ./ReedSolomon.exe   < /dev/stdin > /dev/null
67	:	1522453794.754	   360.134	0	0	124	0	cd /home/guilhermel/Programs/tf_faun/Benchs/Misc/richards_benchmark && timeout --signal=TERM 6m time ./richards_benchmark.exe   < /dev/stdin > /dev/null
68	:	1522453870.027	   360.835	0	0	124	0	cd /home/guilhermel/Programs/tf_faun/Benchs/Misc/salsa20 && timeout --signal=TERM 6m time ./salsa20.exe   < /dev/stdin > /dev/null
69	:	1522453935.883	   360.990	0	0	124	0	cd /home/guilhermel/Programs/tf_faun/Benchs/Misc/whetstone && timeout --signal=TERM 6m time ./whetstone.exe   < /dev/stdin > /dev/null
71	:	1522453994.988	   360.245	0	0	124	0	cd /home/guilhermel/Programs/tf_faun/Benchs/Shootout/ary3 && timeout --signal=TERM 6m time ./ary3.exe   < /dev/stdin > /dev/null
72	:	1522454064.183	   361.028	0	0	124	0	cd /home/guilhermel/Programs/tf_faun/Benchs/Shootout/fib2 && timeout --signal=TERM 6m time ./fib2.exe   < /dev/stdin > /dev/null
73	:	1522454088.527	   360.025	0	0	124	0	cd /home/guilhermel/Programs/tf_faun/Benchs/Shootout/hash && timeout --signal=TERM 6m time ./hash.exe   < /dev/stdin > /dev/null
74	:	1522454088.532	   360.024	0	0	124	0	cd /home/guilhermel/Programs/tf_faun/Benchs/Shootout/heapsort && timeout --signal=TERM 6m time ./heapsort.exe   < /dev/stdin > /dev/null
76	:	1522454089.091	   360.541	0	0	124	0	cd /home/guilhermel/Programs/tf_faun/Benchs/Shootout/lists && timeout --signal=TERM 6m time ./lists.exe   < /dev/stdin > /dev/null
77	:	1522454095.358	   360.009	0	0	124	0	cd /home/guilhermel/Programs/tf_faun/Benchs/Shootout/matrix && timeout --signal=TERM 6m time ./matrix.exe   < /dev/stdin > /dev/null
86	:	1522454449.651	    15.848	0	0	0	0	cd /home/guilhermel/Programs/tf_faun/Benchs/Stanford/IntMM && timeout --signal=TERM 6m time ./IntMM.exe   < /dev/stdin > /dev/null
87	:	1522454455.375	    17.085	0	0	0	0	cd /home/guilhermel/Programs/tf_faun/Benchs/Stanford/Oscar && timeout --signal=TERM 6m time ./Oscar.exe   < /dev/stdin > /dev/null
78	:	1522454126.529	   360.395	0	0	124	0	cd /home/guilhermel/Programs/tf_faun/Benchs/Shootout/methcall && timeout --signal=TERM 6m time ./methcall.exe   < /dev/stdin > /dev/null
79	:	1522454154.894	   360.399	0	0	124	0	cd /home/guilhermel/Programs/tf_faun/Benchs/Shootout/nestedloop && timeout --signal=TERM 6m time ./nestedloop.exe   < /dev/stdin > /dev/null
91	:	1522454515.299	    15.295	0	0	0	0	cd /home/guilhermel/Programs/tf_faun/Benchs/Stanford/RealMM && timeout --signal=TERM 6m time ./RealMM.exe   < /dev/stdin > /dev/null
80	:	1522454230.868	   360.736	0	0	124	0	cd /home/guilhermel/Programs/tf_faun/Benchs/Shootout/objinst && timeout --signal=TERM 6m time ./objinst.exe   < /dev/stdin > /dev/null
83	:	1522454425.231	   195.762	0	0	0	0	cd /home/guilhermel/Programs/tf_faun/Benchs/Shootout/strcat && timeout --signal=TERM 6m time ./strcat.exe   < /dev/stdin > /dev/null
89	:	1522454472.478	   170.376	0	0	0	0	cd /home/guilhermel/Programs/tf_faun/Benchs/Stanford/Queens && timeout --signal=TERM 6m time ./Queens.exe   < /dev/stdin > /dev/null
81	:	1522454296.879	   360.136	0	0	124	0	cd /home/guilhermel/Programs/tf_faun/Benchs/Shootout/random && timeout --signal=TERM 6m time ./random.exe   < /dev/stdin > /dev/null
90	:	1522454486.930	   171.161	0	0	0	0	cd /home/guilhermel/Programs/tf_faun/Benchs/Stanford/Quicksort && timeout --signal=TERM 6m time ./Quicksort.exe   < /dev/stdin > /dev/null
97	:	1522454658.098	    20.335	0	0	0	0	cd /home/guilhermel/Programs/tf_faun/Benchs/mediabench/adpcm/rawdaudio && timeout --signal=TERM 6m time ./adpcm-rawdaudio.exe  <  ../data/clinton.adpcm  > /dev/null
96	:	1522454657.020	    27.508	0	0	0	0	cd /home/guilhermel/Programs/tf_faun/Benchs/mediabench/adpcm/rawcaudio && timeout --signal=TERM 6m time ./adpcm-rawcaudio.exe  <  ../data/clinton.pcm  > /dev/null
82	:	1522454355.238	   360.522	0	0	124	0	cd /home/guilhermel/Programs/tf_faun/Benchs/Shootout/sieve && timeout --signal=TERM 6m time ./sieve.exe   < /dev/stdin > /dev/null
99	:	1522454684.547	    38.084	0	0	0	0	cd /home/guilhermel/Programs/tf_faun/Benchs/mediabench/jpeg/jpeg-6a && timeout --signal=TERM 6m time ./g721.exe  -dct int -progressive -opt ../data/testimg.ppm  < /dev/stdin > /dev/null
84	:	1522454448.557	   309.855	0	0	0	0	cd /home/guilhermel/Programs/tf_faun/Benchs/Stanford/Bubblesort && timeout --signal=TERM 6m time ./Bubblesort.exe   < /dev/stdin > /dev/null
102	:	1522454758.431	     0.528	0	0	139	0	cd /home/guilhermel/Programs/tf_faun/Benchs/cpu2006/400.perlbench/rbc && timeout --signal=TERM 6m time ./perlbench.exe -I../data/all/input/lib ../data/all/input/diffmail.pl < /dev/stdin > /dev/null
93	:	1522454591.623	   212.565	0	0	0	0	cd /home/guilhermel/Programs/tf_faun/Benchs/Stanford/Treesort && timeout --signal=TERM 6m time ./Treesort.exe   < /dev/stdin > /dev/null
85	:	1522454448.562	   360.402	0	0	124	0	cd /home/guilhermel/Programs/tf_faun/Benchs/Stanford/FloatMM && timeout --signal=TERM 6m time ./FloatMM.exe   < /dev/stdin > /dev/null
105	:	1522454808.970	     0.489	0	0	0	0	cd /home/guilhermel/Programs/tf_faun/Benchs/cpu2006/433.milc/rbc && timeout --signal=TERM 6m time ./milc.exe  ../data/test/input/su3imp.in  < /dev/stdin > /dev/null
88	:	1522454465.519	   360.641	0	0	124	0	cd /home/guilhermel/Programs/tf_faun/Benchs/Stanford/Puzzle && timeout --signal=TERM 6m time ./Puzzle.exe   < /dev/stdin > /dev/null
92	:	1522454530.600	   360.436	0	0	124	0	cd /home/guilhermel/Programs/tf_faun/Benchs/Stanford/Towers && timeout --signal=TERM 6m time ./Towers.exe   < /dev/stdin > /dev/null
101	:	1522454722.651	   257.740	0	0	0	0	cd /home/guilhermel/Programs/tf_faun/Benchs/mediabench/mpeg2/mpeg2dec && timeout --signal=TERM 6m time ./mpeg2.exe  -b ../data/mei16v2.m2v -r -f -o0 tmp  < /dev/stdin > /dev/null
109	:	1522454980.408	     0.532	0	0	44	0	cd /home/guilhermel/Programs/tf_faun/Benchs/cpu2006/464.h264ref/rbc && timeout --signal=TERM 6m time ./h264ref.exe  1397 8  < /dev/stdin > /dev/null
94	:	1522454621.011	   360.241	0	0	124	0	cd /home/guilhermel/Programs/tf_faun/Benchs/Fhourstones && timeout --signal=TERM 6m time ./Fhourstones.exe  <  input  > /dev/null
95	:	1522454642.860	   360.648	0	0	124	0	cd /home/guilhermel/Programs/tf_faun/Benchs/Linpack && timeout --signal=TERM 6m time ./Linpack.exe   < /dev/stdin > /dev/null
98	:	1522454678.439	   360.851	0	0	124	0	cd /home/guilhermel/Programs/tf_faun/Benchs/mediabench/g721/g721encode && timeout --signal=TERM 6m time ./g721.exe  <  ../data/clinton.pcm  > /dev/null
100	:	1522454715.766	   360.463	0	0	124	0	cd /home/guilhermel/Programs/tf_faun/Benchs/mediabench/gsm/toast && timeout --signal=TERM 6m time ./gsm.exe  -c ../data/clinton.pcm  < /dev/stdin > /dev/null
103	:	1522454758.979	   360.241	0	0	124	0	cd /home/guilhermel/Programs/tf_faun/Benchs/cpu2006/401.bzip2/rbc && timeout --signal=TERM 6m time ./bzip2.exe  ../data/ref/input/input.source 5  < /dev/stdin > /dev/null
104	:	1522454804.207	   360.519	0	0	124	0	cd /home/guilhermel/Programs/tf_faun/Benchs/cpu2006/429.mcf/rbc && timeout --signal=TERM 6m time ./mcf.exe  ../data/ref/input/inp.in  < /dev/stdin > /dev/null
106	:	1522454809.465	   360.381	0	0	124	0	cd /home/guilhermel/Programs/tf_faun/Benchs/cpu2006/456.hmmer/rbc && timeout --signal=TERM 6m time ./hmmer.exe  --fixed 0 --mean 425 --num 85000 --sd 300 --seed 0 ../data/train/input/leng100.hmm  < /dev/stdin > /dev/null
107	:	1522454826.179	   360.878	0	0	124	0	cd /home/guilhermel/Programs/tf_faun/Benchs/cpu2006/458.sjeng/rbc && timeout --signal=TERM 6m time ./sjeng.exe  test  < /dev/stdin > /dev/null
108	:	1522454891.057	   360.887	0	0	124	0	cd /home/guilhermel/Programs/tf_faun/Benchs/cpu2006/462.libquantum/rbc && timeout --signal=TERM 6m time ./libquantum.exe  1397 8  < /dev/stdin > /dev/null
119	:	1522455251.963	     0.546	0	0	1	0	cd /home/guilhermel/Programs/tf_faun/Benchs/Ptrdist/anagram && timeout --signal=TERM 6m time ./anagram.exe  words 2  < input.OUT > /dev/null
110	:	1522454980.959	   360.949	0	0	124	0	cd /home/guilhermel/Programs/tf_faun/Benchs/cpu2006/470.lbm/rbc && timeout --signal=TERM 6m time ./lbm.exe  20 reference.dat 0 1 ../data/test/input/100_100_130_cf_a.of  < /dev/stdin > /dev/null
111	:	1522454981.271	   360.643	0	0	124	0	cd /home/guilhermel/Programs/tf_faun/Benchs/ASCI_Purple && timeout --signal=TERM 6m time ./smg2000.exe  -n 30 15 30 -c 0.1 1.0 10.0  < /dev/stdin > /dev/null
112	:	1522455003.519	   360.524	0	0	124	0	cd /home/guilhermel/Programs/tf_faun/Benchs/Fhourstones_31 && timeout --signal=TERM 6m time ./Fhourstones_31.exe  <  inputs  > /dev/null
113	:	1522455039.295	   360.889	0	0	124	0	cd /home/guilhermel/Programs/tf_faun/Benchs/SciMark2-C && timeout --signal=TERM 6m time ./SciMark2-C.exe   < /dev/stdin > /dev/null
114	:	1522455076.233	   360.784	0	0	124	0	cd /home/guilhermel/Programs/tf_faun/Benchs/sim && timeout --signal=TERM 6m time ./sim.exe  8 tob.38-44 liv.42-48  < /dev/stdin > /dev/null
115	:	1522455119.226	   360.898	0	0	124	0	cd /home/guilhermel/Programs/tf_faun/Benchs/mafft && timeout --signal=TERM 6m time ./mafft.exe  -b 62 -g 0.100 -f 2.00 -h 0.100 -L  <  pyruvate_decarboxylase.fasta  > /dev/null
116	:	1522455164.747	   360.401	0	0	124	0	cd /home/guilhermel/Programs/tf_faun/Benchs/tramp3d-v4 && timeout --signal=TERM 6m time ./tramp3d-v4.exe  --cartvis 1.0 0.0 --rhomin 1e-8 -n 4 --domain 32 32 32 < /dev/stdin > /dev/null
117	:	1522455169.849	   360.075	0	0	124	0	cd /home/guilhermel/Programs/tf_faun/Benchs/llubenchmark && timeout --signal=TERM 6m time ./llu.exe -i 6000 < /dev/stdin > /dev/null
118	:	1522455187.062	   361.027	0	0	124	0	cd /home/guilhermel/Programs/tf_faun/Benchs/nbench && timeout --signal=TERM 6m time ./nbench.exe  < /dev/stdin > /dev/null
120	:	1522455252.515	   360.738	0	0	124	0	cd /home/guilhermel/Programs/tf_faun/Benchs/Ptrdist/bc && timeout --signal=TERM 6m time ./bc.exe   < primes.b > /dev/null
121	:	1522455341.914	   360.335	0	0	124	0	cd /home/guilhermel/Programs/tf_faun/Benchs/Ptrdist/ft && timeout --signal=TERM 6m time ./ft.exe  1500 100000  < /dev/stdin > /dev/null
122	:	1522455341.922	   360.332	0	0	124	0	cd /home/guilhermel/Programs/tf_faun/Benchs/Ptrdist/ks && timeout --signal=TERM 6m time ./ks.exe  KL-4.in  < /dev/stdin > /dev/null
123	:	1522455364.049	   360.450	0	0	124	0	cd /home/guilhermel/Programs/tf_faun/Benchs/Ptrdist/yacr2 && timeout --signal=TERM 6m time ./yacr2.exe  input2.in  < /dev/stdin > /dev/null
124	:	1522455400.188	   360.533	0	0	124	0	cd /home/guilhermel/Programs/tf_faun/Benchs/Trimaran/enc-3des && timeout --signal=TERM 6m time ./enc-3des.exe 100 < /dev/stdin > /dev/null
125	:	1522455437.022	   360.062	0	0	124	0	cd /home/guilhermel/Programs/tf_faun/Benchs/Trimaran/enc-md5 && timeout --signal=TERM 6m time ./enc-md5.exe 10 < /dev/stdin > /dev/null
126	:	1522455480.143	   360.707	0	0	124	0	cd /home/guilhermel/Programs/tf_faun/Benchs/Trimaran/enc-pc1 && timeout --signal=TERM 6m time ./enc-pc1.exe 5000000 < /dev/stdin > /dev/null
127	:	1522455525.167	   361.013	0	0	124	0	cd /home/guilhermel/Programs/tf_faun/Benchs/Trimaran/enc-rc4 && timeout --signal=TERM 6m time ./enc-rc4.exe 200000 < /dev/stdin > /dev/null
128	:	1522455529.929	   360.334	0	0	124	0	cd /home/guilhermel/Programs/tf_faun/Benchs/Trimaran/netbench-crc && timeout --signal=TERM 6m time ./netbench-crc.exe 12000 < /dev/stdin > /dev/null
129	:	1522455548.095	   360.565	0	0	124	0	cd /home/guilhermel/Programs/tf_faun/Benchs/Trimaran/netbench-url && timeout --signal=TERM 6m time ./netbench-url.exe medium_inputs 900 < /dev/stdin > /dev/null
130	:	1522455613.258	   360.273	0	0	124	0	cd /home/guilhermel/Programs/tf_faun/Benchs/TSVC/ControlFlow-dbl && timeout --signal=TERM 6m time ./ControlFlow-dbl.exe  2325 14  < /dev/stdin > /dev/null
131	:	1522455702.254	   360.189	0	0	124	0	cd /home/guilhermel/Programs/tf_faun/Benchs/TSVC/ControlFlow-flt && timeout --signal=TERM 6m time ./ControlFlow-flt.exe  2325 5  < /dev/stdin > /dev/null
132	:	1522455702.260	   360.188	0	0	124	0	cd /home/guilhermel/Programs/tf_faun/Benchs/TSVC/ControlLoops-dbl && timeout --signal=TERM 6m time ./ControlLoops-dbl.exe  1640 14  < /dev/stdin > /dev/null
133	:	1522455724.519	   360.250	0	0	124	0	cd /home/guilhermel/Programs/tf_faun/Benchs/TSVC/ControlLoops-flt && timeout --signal=TERM 6m time ./ControlLoops-flt.exe  1640 5  < /dev/stdin > /dev/null
134	:	1522455760.727	   360.515	0	0	124	0	cd /home/guilhermel/Programs/tf_faun/Benchs/TSVC/CrossingThresholds-dbl && timeout --signal=TERM 6m time ./CrossingThresholds-dbl.exe  5880 14  < /dev/stdin > /dev/null
135	:	1522455797.090	   360.258	0	0	124	0	cd /home/guilhermel/Programs/tf_faun/Benchs/TSVC/CrossingThresholds-flt && timeout --signal=TERM 6m time ./CrossingThresholds-flt.exe  5880 5  < /dev/stdin > /dev/null
136	:	1522455840.856	   361.019	0	0	124	0	cd /home/guilhermel/Programs/tf_faun/Benchs/TSVC/Equivalencing-dbl && timeout --signal=TERM 6m time ./Equivalencing-dbl.exe  3125 14  < /dev/stdin > /dev/null
137	:	1522455886.187	   360.101	0	0	124	0	cd /home/guilhermel/Programs/tf_faun/Benchs/TSVC/Equivalencing-flt && timeout --signal=TERM 6m time ./Equivalencing-flt.exe  3125 5  < /dev/stdin > /dev/null
138	:	1522455890.269	   360.827	0	0	124	0	cd /home/guilhermel/Programs/tf_faun/Benchs/TSVC/Expansion-dbl && timeout --signal=TERM 6m time ./Expansion-dbl.exe  4160 14  < /dev/stdin > /dev/null
139	:	1522455908.666	   360.751	0	0	124	0	cd /home/guilhermel/Programs/tf_faun/Benchs/TSVC/Expansion-flt && timeout --signal=TERM 6m time ./Expansion-flt.exe  4160 5  < /dev/stdin > /dev/null
140	:	1522455973.536	   360.634	0	0	124	0	cd /home/guilhermel/Programs/tf_faun/Benchs/TSVC/GlobalDataFlow-dbl && timeout --signal=TERM 6m time ./GlobalDataFlow-dbl.exe  3450 14  < /dev/stdin > /dev/null
141	:	1522456062.448	   360.909	0	0	124	0	cd /home/guilhermel/Programs/tf_faun/Benchs/TSVC/GlobalDataFlow-flt && timeout --signal=TERM 6m time ./GlobalDataFlow-flt.exe  3450 5  < /dev/stdin > /dev/null
142	:	1522456062.454	   360.908	0	0	124	0	cd /home/guilhermel/Programs/tf_faun/Benchs/TSVC/IndirectAddressing-dbl && timeout --signal=TERM 6m time ./IndirectAddressing-dbl.exe  12500 14  < /dev/stdin > /dev/null
143	:	1522456084.775	   360.458	0	0	124	0	cd /home/guilhermel/Programs/tf_faun/Benchs/TSVC/IndirectAddressing-flt && timeout --signal=TERM 6m time ./IndirectAddressing-flt.exe  12500 5  < /dev/stdin > /dev/null
144	:	1522456121.248	   360.538	0	0	124	0	cd /home/guilhermel/Programs/tf_faun/Benchs/TSVC/InductionVariable-dbl && timeout --signal=TERM 6m time ./InductionVariable-dbl.exe  9100 14  < /dev/stdin > /dev/null
145	:	1522456157.354	   360.033	0	0	124	0	cd /home/guilhermel/Programs/tf_faun/Benchs/TSVC/InductionVariable-flt && timeout --signal=TERM 6m time ./InductionVariable-flt.exe  9100 5  < /dev/stdin > /dev/null
146	:	1522456201.895	   360.733	0	0	124	0	cd /home/guilhermel/Programs/tf_faun/Benchs/TSVC/LinearDependence-dbl && timeout --signal=TERM 6m time ./LinearDependence-dbl.exe  3570 14  < /dev/stdin > /dev/null
147	:	1522456246.294	   360.983	0	0	124	0	cd /home/guilhermel/Programs/tf_faun/Benchs/TSVC/LinearDependence-flt && timeout --signal=TERM 6m time ./LinearDependence-flt.exe  3570 5  < /dev/stdin > /dev/null
148	:	1522456251.102	   360.295	0	0	124	0	cd /home/guilhermel/Programs/tf_faun/Benchs/TSVC/LoopRerolling-dbl && timeout --signal=TERM 6m time ./LoopRerolling-dbl.exe  5260 14  < /dev/stdin > /dev/null
149	:	1522456269.423	   360.543	0	0	124	0	cd /home/guilhermel/Programs/tf_faun/Benchs/TSVC/LoopRerolling-flt && timeout --signal=TERM 6m time ./LoopRerolling-flt.exe  5260 5  < /dev/stdin > /dev/null
150	:	1522456334.191	   360.157	0	0	124	0	cd /home/guilhermel/Programs/tf_faun/Benchs/TSVC/LoopRestructuring-dbl && timeout --signal=TERM 6m time ./LoopRestructuring-dbl.exe  4350 14  < /dev/stdin > /dev/null
151	:	1522456423.363	   360.666	0	0	124	0	cd /home/guilhermel/Programs/tf_faun/Benchs/TSVC/LoopRestructuring-flt && timeout --signal=TERM 6m time ./LoopRestructuring-flt.exe  4350 5  < /dev/stdin > /dev/null
152	:	1522456423.368	   360.667	0	0	124	0	cd /home/guilhermel/Programs/tf_faun/Benchs/TSVC/NodeSplitting-dbl && timeout --signal=TERM 6m time ./NodeSplitting-dbl.exe  10000 14  < /dev/stdin > /dev/null
153	:	1522456445.251	   360.294	0	0	124	0	cd /home/guilhermel/Programs/tf_faun/Benchs/TSVC/NodeSplitting-flt && timeout --signal=TERM 6m time ./NodeSplitting-flt.exe  10000 5  < /dev/stdin > /dev/null
154	:	1522456481.792	   360.756	0	0	124	0	cd /home/guilhermel/Programs/tf_faun/Benchs/TSVC/Packing-dbl && timeout --signal=TERM 6m time ./Packing-dbl.exe  50000 14  < /dev/stdin > /dev/null
155	:	1522456517.394	   361.024	0	0	124	0	cd /home/guilhermel/Programs/tf_faun/Benchs/TSVC/Packing-flt && timeout --signal=TERM 6m time ./Packing-flt.exe  50000 5  < /dev/stdin > /dev/null
156	:	1522456562.635	   360.722	0	0	124	0	cd /home/guilhermel/Programs/tf_faun/Benchs/TSVC/Recurrences-dbl && timeout --signal=TERM 6m time ./Recurrences-dbl.exe  20000 14  < /dev/stdin > /dev/null
157	:	1522456607.284	   360.881	0	0	124	0	cd /home/guilhermel/Programs/tf_faun/Benchs/TSVC/Recurrences-flt && timeout --signal=TERM 6m time ./Recurrences-flt.exe  20000 5  < /dev/stdin > /dev/null
158	:	1522456611.402	   360.707	0	0	124	0	cd /home/guilhermel/Programs/tf_faun/Benchs/TSVC/Reductions-dbl && timeout --signal=TERM 6m time ./Reductions-dbl.exe  1670 14  < /dev/stdin > /dev/null
159	:	1522456629.983	   361.068	0	0	124	0	cd /home/guilhermel/Programs/tf_faun/Benchs/TSVC/Reductions-flt && timeout --signal=TERM 6m time ./Reductions-flt.exe  1670 5  < /dev/stdin > /dev/null
160	:	1522456694.354	   361.004	0	0	124	0	cd /home/guilhermel/Programs/tf_faun/Benchs/TSVC/Searching-dbl && timeout --signal=TERM 6m time ./Searching-dbl.exe  80000 14  < /dev/stdin > /dev/null
161	:	1522456784.035	   360.270	0	0	124	0	cd /home/guilhermel/Programs/tf_faun/Benchs/TSVC/Searching-flt && timeout --signal=TERM 6m time ./Searching-flt.exe  80000 5  < /dev/stdin > /dev/null
162	:	1522456784.051	   360.260	0	0	124	0	cd /home/guilhermel/Programs/tf_faun/Benchs/TSVC/StatementReordering-dbl && timeout --signal=TERM 6m time ./StatementReordering-dbl.exe  20000 14  < /dev/stdin > /dev/null
163	:	1522456805.550	   360.828	0	0	124	0	cd /home/guilhermel/Programs/tf_faun/Benchs/TSVC/StatementReordering-flt && timeout --signal=TERM 6m time ./StatementReordering-flt.exe  20000 5  < /dev/stdin > /dev/null
164	:	1522456842.567	   360.682	0	0	124	0	cd /home/guilhermel/Programs/tf_faun/Benchs/TSVC/Symbolics-dbl && timeout --signal=TERM 6m time ./Symbolics-dbl.exe  9090 14  < /dev/stdin > /dev/null
165	:	1522456878.425	   360.746	0	0	124	0	cd /home/guilhermel/Programs/tf_faun/Benchs/TSVC/Symbolics-flt && timeout --signal=TERM 6m time ./Symbolics-flt.exe  9090 5  < /dev/stdin > /dev/null
166	:	1522456923.363	   360.854	0	0	124	0	cd /home/guilhermel/Programs/tf_faun/Benchs/PAQ8p && timeout --signal=TERM 6m time ./PAQ8p.exe  -1 small.in  < /dev/stdin > /dev/null
167	:	1522456968.170	   360.524	0	0	124	0	cd /home/guilhermel/Programs/tf_faun/Benchs/NPB-serial/dc && timeout --signal=TERM 6m time ./dc.exe  10000000 ADC.par  < /dev/stdin > /dev/null
168	:	1522456972.114	   360.734	0	0	124	0	cd /home/guilhermel/Programs/tf_faun/Benchs/NPB-serial/is && timeout --signal=TERM 6m time ./is.exe  < /dev/stdin > /dev/null
169	:	1522456991.071	   360.516	0	0	124	0	cd /home/guilhermel/Programs/tf_faun/Benchs/VersaBench/8b10b && timeout --signal=TERM 6m time ./8b10b.exe /home/guilhermel/Programs/tf_faun/Benchs/VersaBench/8b10b/input 2000 < /dev/stdin > /dev/null
170	:	1522457055.365	   360.088	0	0	124	0	cd /home/guilhermel/Programs/tf_faun/Benchs/VersaBench/beamformer && timeout --signal=TERM 6m time ./beamformer.exe -i 140 < /dev/stdin > /dev/null
171	:	1522457144.312	   360.621	0	0	124	0	cd /home/guilhermel/Programs/tf_faun/Benchs/VersaBench/bmm && timeout --signal=TERM 6m time ./bmm.exe 1024 64 < /dev/stdin > /dev/null
172	:	1522457144.318	   360.622	0	0	124	0	cd /home/guilhermel/Programs/tf_faun/Benchs/VersaBench/dbms && timeout --signal=TERM 6m time ./dbms.exe -i /home/guilhermel/Programs/tf_faun/Benchs/VersaBench/dbms/dbms.ref.in < /dev/stdin > /dev/null
173	:	1522457166.383	   360.253	0	0	124	0	cd /home/guilhermel/Programs/tf_faun/Benchs/VersaBench/ecbdes && timeout --signal=TERM 6m time ./ecbdes.exe 16 < /dev/stdin > /dev/null
174	:	1522457203.255	   360.722	0	0	124	0	cd /home/guilhermel/Programs/tf_faun/Benchs/FreeBench/analyzer && timeout --signal=TERM 6m time ./analyzer.exe /home/guilhermel/Programs/tf_faun/Benchs/FreeBench/analyzer/test.in < /dev/stdin > /dev/null
184	:	1522457563.984	     2.351	0	0	0	0	cd /home/guilhermel/Programs/tf_faun/Benchs/MallocBench/make && timeout --signal=TERM 6m time ./make.exe -n -f /home/guilhermel/Programs/tf_faun/Benchs/MallocBench/make/INPUT/GNUmakefile.make USEROPT=BWGC VPATH=/home/guilhermel/Programs/tf_faun/Benchs/MallocBench/make < /dev/stdin > /dev/null
175	:	1522457239.177	   360.490	0	0	124	0	cd /home/guilhermel/Programs/tf_faun/Benchs/FreeBench/distray && timeout --signal=TERM 6m time ./distray.exe /home/guilhermel/Programs/tf_faun/Benchs/FreeBench/distray/test.in < /dev/stdin > /dev/null
186	:	1522457599.673	    12.227	0	0	0	0	cd /home/guilhermel/Programs/tf_faun/Benchs/McCat/03-testtrie && timeout --signal=TERM 6m time ./03-testtrie.exe /home/guilhermel/Programs/tf_faun/Benchs/McCat/03-testtrie/testtrie.in2 < /dev/stdin > /dev/null
176	:	1522457284.222	   360.689	0	0	124	0	cd /home/guilhermel/Programs/tf_faun/Benchs/FreeBench/fourinarow && timeout --signal=TERM 6m time ./fourinarow.exe /home/guilhermel/Programs/tf_faun/Benchs/FreeBench/fourinarow/test.in < /dev/stdin > /dev/null
188	:	1522457644.931	    42.325	0	0	0	0	cd /home/guilhermel/Programs/tf_faun/Benchs/McCat/05-eks && timeout --signal=TERM 6m time ./05-eks.exe  < /dev/stdin > /dev/null
177	:	1522457328.700	   360.343	0	0	124	0	cd /home/guilhermel/Programs/tf_faun/Benchs/FreeBench/mason && timeout --signal=TERM 6m time ./mason.exe /home/guilhermel/Programs/tf_faun/Benchs/FreeBench/mason/test.in < /dev/stdin > /dev/null
178	:	1522457332.855	   360.289	0	0	124	0	cd /home/guilhermel/Programs/tf_faun/Benchs/FreeBench/neural && timeout --signal=TERM 6m time ./neural.exe /home/guilhermel/Programs/tf_faun/Benchs/FreeBench/neural/test.in < /dev/stdin > /dev/null
179	:	1522457351.593	   360.713	0	0	124	0	cd /home/guilhermel/Programs/tf_faun/Benchs/FreeBench/pcompress2 && timeout --signal=TERM 6m time ./pcompress2.exe /home/guilhermel/Programs/tf_faun/Benchs/FreeBench/pcompress2/test.in < /dev/stdin > /dev/null
192	:	1522457712.327	     1.150	0	0	0	0	cd /home/guilhermel/Programs/tf_faun/Benchs/McCat/15-trie && timeout --signal=TERM 6m time ./15-trie.exe  trie.in1  < /dev/stdin > /dev/null
185	:	1522457566.340	   188.529	0	0	0	0	cd /home/guilhermel/Programs/tf_faun/Benchs/McCat/01-qbsort && timeout --signal=TERM 6m time ./01-qbsort.exe 1000 < /home/guilhermel/Programs/tf_faun/Benchs/McCat/01-qbsort/benchmark.in3 > /dev/null
194	:	1522457754.875	     0.519	0	0	139	0	cd /home/guilhermel/Programs/tf_faun/Benchs/McCat/18-imp && timeout --signal=TERM 6m time ./18-imp.exe  sg01.imp  < /dev/stdin > /dev/null
180	:	1522457415.460	   360.963	0	0	124	0	cd /home/guilhermel/Programs/tf_faun/Benchs/FreeBench/pifft && timeout --signal=TERM 6m time ./pifft.exe /home/guilhermel/Programs/tf_faun/Benchs/FreeBench/pifft/test.in < /dev/stdin > /dev/null
181	:	1522457504.940	   360.188	0	0	124	0	cd /home/guilhermel/Programs/tf_faun/Benchs/MallocBench/cfrac && timeout --signal=TERM 6m time ./cfrac.exe 41757646344123832613190542166099121 < /dev/stdin > /dev/null
182	:	1522457504.947	   360.187	0	0	124	0	cd /home/guilhermel/Programs/tf_faun/Benchs/MallocBench/espresso && timeout --signal=TERM 6m time ./espresso.exe -t /home/guilhermel/Programs/tf_faun/Benchs/MallocBench/espresso/INPUT/largest.espresso < /dev/stdin > /dev/null
183	:	1522457526.646	   361.031	0	0	124	0	cd /home/guilhermel/Programs/tf_faun/Benchs/MallocBench/gs && timeout --signal=TERM 6m time ./gs.exe -DNODISPLAY /home/guilhermel/Programs/tf_faun/Benchs/MallocBench/gs/INPUT/large.ps < /dev/stdin > /dev/null
187	:	1522457611.907	   282.674	0	0	0	0	cd /home/guilhermel/Programs/tf_faun/Benchs/McCat/04-bisect && timeout --signal=TERM 6m time ./04-bisect.exe  < /home/guilhermel/Programs/tf_faun/Benchs/McCat/04-bisect/bisect_test.in > /dev/null
189	:	1522457687.262	   216.297	0	0	0	0	cd /home/guilhermel/Programs/tf_faun/Benchs/McCat/08-main && timeout --signal=TERM 6m time ./08-main.exe  < /dev/stdin > /dev/null
193	:	1522457713.483	   272.786	0	0	0	0	cd /home/guilhermel/Programs/tf_faun/Benchs/McCat/17-bintr && timeout --signal=TERM 6m time ./17-bintr.exe  <  bnchmrk.in1  > /dev/null
190	:	1522457689.050	   360.444	0	0	124	0	cd /home/guilhermel/Programs/tf_faun/Benchs/McCat/09-vor && timeout --signal=TERM 6m time ./09-vor.exe  < vor.in3 > /dev/null
191	:	1522457693.151	   360.290	0	0	124	0	cd /home/guilhermel/Programs/tf_faun/Benchs/McCat/12-IOtest && timeout --signal=TERM 6m time ./12-IOtest.exe  < /dev/stdin > /dev/null
195	:	1522457755.399	   360.755	0	0	124	0	cd /home/guilhermel/Programs/tf_faun/Benchs/Olden/bh && timeout --signal=TERM 6m time ./bh.exe 20000 20 < /dev/stdin > /dev/null
205	:	1522458116.159	    11.300	0	0	0	0	cd /home/guilhermel/Programs/tf_faun/Benchs/Prolangs-C/agrep && timeout --signal=TERM 6m time ./agrep.exe -2 int InstructionCombining.cpp < /dev/stdin > /dev/null
206	:	1522458127.479	     0.519	0	0	0	0	cd /home/guilhermel/Programs/tf_faun/Benchs/Prolangs-C/allroots && timeout --signal=TERM 6m time ./allroots.exe  < /dev/stdin > /dev/null
207	:	1522458128.004	     0.286	0	0	1	0	cd /home/guilhermel/Programs/tf_faun/Benchs/Prolangs-C/archie-client && timeout --signal=TERM 6m time ./archie-client.exe  < /dev/stdin > /dev/null
208	:	1522458128.311	     0.156	0	0	0	0	cd /home/guilhermel/Programs/tf_faun/Benchs/Prolangs-C/assembler && timeout --signal=TERM 6m time ./assembler.exe assem.lst < /dev/stdin > /dev/null
209	:	1522458128.474	     4.429	0	0	0	0	cd /home/guilhermel/Programs/tf_faun/Benchs/Prolangs-C/bison && timeout --signal=TERM 6m time ./bison.exe parse.y.in -v < /dev/stdin > /dev/null
210	:	1522458132.907	     1.230	0	0	0	0	cd /home/guilhermel/Programs/tf_faun/Benchs/Prolangs-C/cdecl && timeout --signal=TERM 6m time ./cdecl.exe  < testset > /dev/null
211	:	1522458134.144	     0.194	0	0	0	0	cd /home/guilhermel/Programs/tf_faun/Benchs/Prolangs-C/compiler && timeout --signal=TERM 6m time ./compiler.exe  < /dev/stdin > /dev/null
212	:	1522458134.343	     0.107	0	0	0	0	cd /home/guilhermel/Programs/tf_faun/Benchs/Prolangs-C/fixoutput && timeout --signal=TERM 6m time ./fixoutput.exe  < /dev/stdin > /dev/null
213	:	1522458134.456	     0.059	0	0	1	0	cd /home/guilhermel/Programs/tf_faun/Benchs/Prolangs-C/football && timeout --signal=TERM 6m time ./football.exe  < /dev/stdin > /dev/null
196	:	1522457776.428	   360.156	0	0	124	0	cd /home/guilhermel/Programs/tf_faun/Benchs/Olden/bisort && timeout --signal=TERM 6m time ./bisort.exe 700000 < /dev/stdin > /dev/null
215	:	1522458136.603	     0.120	0	0	0	0	cd /home/guilhermel/Programs/tf_faun/Benchs/Prolangs-C/loader && timeout --signal=TERM 6m time ./loader.exe  < /dev/stdin > /dev/null
216	:	1522458136.739	     0.065	0	0	0	0	cd /home/guilhermel/Programs/tf_faun/Benchs/Prolangs-C/plot2fig && timeout --signal=TERM 6m time ./plot2fig.exe  < /dev/stdin > /dev/null
217	:	1522458136.810	     0.036	0	0	0	0	cd /home/guilhermel/Programs/tf_faun/Benchs/Prolangs-C/simulator && timeout --signal=TERM 6m time ./simulator.exe  < /dev/stdin > /dev/null
218	:	1522458136.853	     0.019	0	0	0	0	cd /home/guilhermel/Programs/tf_faun/Benchs/Prolangs-C/TimberWolfMC && timeout --signal=TERM 6m time ./TimberWolfMC.exe  < /dev/stdin > /dev/null
219	:	1522458136.879	     0.023	0	0	0	0	cd /home/guilhermel/Programs/tf_faun/Benchs/Prolangs-C/unix-smail && timeout --signal=TERM 6m time ./unix-smail.exe -v ALL < main.c > /dev/null
220	:	1522458136.908	     0.006	0	0	0	0	cd /home/guilhermel/Programs/tf_faun/Benchs/Prolangs-C/unix-tbl && timeout --signal=TERM 6m time ./unix-tbl.exe  < /dev/stdin > /dev/null
197	:	1522457865.135	   360.227	0	0	124	0	cd /home/guilhermel/Programs/tf_faun/Benchs/Olden/em3d && timeout --signal=TERM 6m time ./em3d.exe 256 250 35 < /dev/stdin > /dev/null
198	:	1522457865.140	   360.222	0	0	124	0	cd /home/guilhermel/Programs/tf_faun/Benchs/Olden/health && timeout --signal=TERM 6m time ./health.exe 9 20 1 < /dev/stdin > /dev/null
199	:	1522457887.683	   360.665	0	0	124	0	cd /home/guilhermel/Programs/tf_faun/Benchs/Olden/mst && timeout --signal=TERM 6m time ./mst.exe 1000 < /dev/stdin > /dev/null
200	:	1522457894.587	   360.974	0	0	124	0	cd /home/guilhermel/Programs/tf_faun/Benchs/Olden/perimeter && timeout --signal=TERM 6m time ./perimeter.exe 10 < /dev/stdin > /dev/null
201	:	1522457903.565	   360.044	0	0	124	0	cd /home/guilhermel/Programs/tf_faun/Benchs/Olden/power && timeout --signal=TERM 6m time ./power.exe  < /dev/stdin > /dev/null
202	:	1522457986.275	   361.030	0	0	124	0	cd /home/guilhermel/Programs/tf_faun/Benchs/Olden/treeadd && timeout --signal=TERM 6m time ./treeadd.exe 20 < /dev/stdin > /dev/null
203	:	1522458049.500	   360.684	0	0	124	0	cd /home/guilhermel/Programs/tf_faun/Benchs/Olden/tsp && timeout --signal=TERM 6m time ./tsp.exe 1024000 < /dev/stdin > /dev/null
204	:	1522458053.448	   360.858	0	0	124	0	cd /home/guilhermel/Programs/tf_faun/Benchs/Olden/voronoi && timeout --signal=TERM 6m time ./voronoi.exe 100000 20 32 7 < /dev/stdin > /dev/null
214	:	1522458134.520	   358.217	0	0	1	0	cd /home/guilhermel/Programs/tf_faun/Benchs/Prolangs-C/gnugo && timeout --signal=TERM 6m time ./gnugo.exe  < stdin > /dev/null
