Seq	Host	Starttime	JobRuntime	Send	Receive	Exitval	Signal	Command
7	:	1522507072.432	   198.963	0	0	0	0	cd /home/guilhermel/Programs/tf_faun/Benchs/BenchmarkGame/partialsums && timeout --signal=TERM 8m time ./partialsums.exe   < /dev/stdin > /dev/null
1	:	1522507072.418	   480.763	0	0	124	0	cd /home/guilhermel/Programs/tf_faun/Benchs/ASC_Sequoia/AMGmk && timeout --signal=TERM 8m time ./AMGmk.exe  < /dev/stdin > /dev/null
2	:	1522507072.419	   480.768	0	0	124	0	cd /home/guilhermel/Programs/tf_faun/Benchs/ASC_Sequoia/CrystalMk && timeout --signal=TERM 8m time ./CrystalMK.exe  < /dev/stdin > /dev/null
3	:	1522507072.422	   480.769	0	0	124	0	cd /home/guilhermel/Programs/tf_faun/Benchs/ASC_Sequoia/IRSmk && timeout --signal=TERM 8m time ./IRSmk.exe  irsmk_input  < /dev/stdin > /dev/null
4	:	1522507072.424	   480.772	0	0	124	0	cd /home/guilhermel/Programs/tf_faun/Benchs/BenchmarkGame/fannkuch && timeout --signal=TERM 8m time ./fannkuch.exe   < /dev/stdin > /dev/null
5	:	1522507072.426	   480.773	0	0	124	0	cd /home/guilhermel/Programs/tf_faun/Benchs/BenchmarkGame/n-body && timeout --signal=TERM 8m time ./nbody.exe   < /dev/stdin > /dev/null
6	:	1522507072.429	   480.776	0	0	124	0	cd /home/guilhermel/Programs/tf_faun/Benchs/BenchmarkGame/nsieve-bits && timeout --signal=TERM 8m time ./nsieve-bits.exe   < /dev/stdin > /dev/null
8	:	1522507072.435	   480.775	0	0	124	0	cd /home/guilhermel/Programs/tf_faun/Benchs/BenchmarkGame/puzzle && timeout --signal=TERM 8m time ./puzzle.exe   < /dev/stdin > /dev/null
9	:	1522507072.438	   480.778	0	0	124	0	cd /home/guilhermel/Programs/tf_faun/Benchs/BenchmarkGame/recursive && timeout --signal=TERM 8m time ./recursive.exe   < /dev/stdin > /dev/null
10	:	1522507072.442	   480.794	0	0	124	0	cd /home/guilhermel/Programs/tf_faun/Benchs/BenchmarkGame/spectral-norm && timeout --signal=TERM 8m time ./spectral-norm.exe   < /dev/stdin > /dev/null
11	:	1522507271.415	   480.710	0	0	124	0	cd /home/guilhermel/Programs/tf_faun/Benchs/BitBench/drop3 && timeout --signal=TERM 8m time ./drop3.exe  input-file  < /dev/stdin > /dev/null
12	:	1522507553.186	   480.794	0	0	124	0	cd /home/guilhermel/Programs/tf_faun/Benchs/BitBench/five11 && timeout --signal=TERM 8m time ./five11.exe  input-file  < /dev/stdin > /dev/null
13	:	1522507553.191	   480.793	0	0	124	0	cd /home/guilhermel/Programs/tf_faun/Benchs/BitBench/uudecode && timeout --signal=TERM 8m time ./uudecode.exe  input-file  < /dev/stdin > /dev/null
14	:	1522507553.195	   480.794	0	0	124	0	cd /home/guilhermel/Programs/tf_faun/Benchs/BitBench/uuencode && timeout --signal=TERM 8m time ./uuencode.exe  input  < /dev/stdin > /dev/null
15	:	1522507553.200	   480.792	0	0	124	0	cd /home/guilhermel/Programs/tf_faun/Benchs/CoyoteBench/almabench && timeout --signal=TERM 8m time ./almabench.exe   < /dev/stdin > /dev/null
16	:	1522507553.205	   480.792	0	0	124	0	cd /home/guilhermel/Programs/tf_faun/Benchs/CoyoteBench/huffbench && timeout --signal=TERM 8m time ./huffbench.exe   < /dev/stdin > /dev/null
17	:	1522507553.210	   480.792	0	0	124	0	cd /home/guilhermel/Programs/tf_faun/Benchs/CoyoteBench/lpbench && timeout --signal=TERM 8m time ./lpbench.exe   < /dev/stdin > /dev/null
18	:	1522507553.216	   480.790	0	0	124	0	cd /home/guilhermel/Programs/tf_faun/Benchs/DOE_ProxyApps_C/miniAMR && timeout --signal=TERM 8m time ./miniAMR.exe  --nx 8 --ny 8 --nz 8 --num_tsteps 100  < /dev/stdin > /dev/null
19	:	1522507553.236	   480.776	0	0	124	0	cd /home/guilhermel/Programs/tf_faun/Benchs/DOE_ProxyApps_C/miniGMG && timeout --signal=TERM 8m time ./miniGMG.exe  6  2 2 2  1 1 1  < /dev/stdin > /dev/null
20	:	1522507553.241	   480.785	0	0	124	0	cd /home/guilhermel/Programs/tf_faun/Benchs/DOE_ProxyApps_C/Pathfinder && timeout --signal=TERM 8m time ./Pathfinder.exe  -x medsmall1.adj_list  < /dev/stdin > /dev/null
27	:	1522508034.007	     0.026	0	0	0	0	cd /home/guilhermel/Programs/tf_faun/Benchs/McGill/exptree && timeout --signal=TERM 8m time ./exptree.exe   < /dev/stdin > /dev/null
30	:	1522508034.033	   146.473	0	0	0	0	cd /home/guilhermel/Programs/tf_faun/Benchs/MiBench/automotive-basicmath && timeout --signal=TERM 8m time ./automotive-basicmath.exe  < /dev/stdin > /dev/null
21	:	1522507752.219	   480.569	0	0	124	0	cd /home/guilhermel/Programs/tf_faun/Benchs/DOE_ProxyApps_C/RSBench && timeout --signal=TERM 8m time ./RSBench.exe  -s small -l 100000 -p 1000 -w 1000  < /dev/stdin > /dev/null
33	:	1522508232.807	    72.980	0	0	0	0	cd /home/guilhermel/Programs/tf_faun/Benchs/MiBench/consumer-jpeg && timeout --signal=TERM 8m time ./consumer-jpeg.exe  -dct int -ppm -outfile Output/output_large_decode.ppm input_large.jpg  < /dev/stdin > /dev/null
22	:	1522508033.985	   480.376	0	0	124	0	cd /home/guilhermel/Programs/tf_faun/Benchs/DOE_ProxyApps_C/SimpleMOC && timeout --signal=TERM 8m time ./SimpleMOC.exe  -i default.in  < /dev/stdin > /dev/null
23	:	1522508033.989	   480.375	0	0	124	0	cd /home/guilhermel/Programs/tf_faun/Benchs/DOE_ProxyApps_C/XSBench && timeout --signal=TERM 8m time ./XSBench.exe  -s small -g 1250 -l 1000000  < /dev/stdin > /dev/null
24	:	1522508033.993	   480.375	0	0	124	0	cd /home/guilhermel/Programs/tf_faun/Benchs/Dhrystone/dry && timeout --signal=TERM 8m time ./dry.exe   < /dev/stdin > /dev/null
25	:	1522508033.997	   480.377	0	0	124	0	cd /home/guilhermel/Programs/tf_faun/Benchs/Dhrystone/fldry && timeout --signal=TERM 8m time ./fldry.exe   < /dev/stdin > /dev/null
26	:	1522508034.002	   480.375	0	0	124	0	cd /home/guilhermel/Programs/tf_faun/Benchs/McGill/chomp && timeout --signal=TERM 8m time ./chomp.exe   < /dev/stdin > /dev/null
28	:	1522508034.012	   480.370	0	0	124	0	cd /home/guilhermel/Programs/tf_faun/Benchs/McGill/misr && timeout --signal=TERM 8m time ./misr.exe   < /dev/stdin > /dev/null
29	:	1522508034.025	   480.362	0	0	124	0	cd /home/guilhermel/Programs/tf_faun/Benchs/McGill/queens && timeout --signal=TERM 8m time ./queens.exe   < /dev/stdin > /dev/null
31	:	1522508034.039	   480.355	0	0	124	0	cd /home/guilhermel/Programs/tf_faun/Benchs/MiBench/automotive-bitcount && timeout --signal=TERM 8m time ./automotive-bitcount.exe  1125000  < /dev/stdin > /dev/null
38	:	1522508514.378	     0.027	0	0	0	0	cd /home/guilhermel/Programs/tf_faun/Benchs/MiBench/security-blowfish && timeout --signal=TERM 8m time ./security-blowfish.exe  d output_large.enc output_large.asc 1234567890abcdeffedcba0987654321  < /dev/stdin > /dev/null
37	:	1522508514.373	     7.229	0	0	0	0	cd /home/guilhermel/Programs/tf_faun/Benchs/MiBench/office-stringsearch && timeout --signal=TERM 8m time ./office-stringsearch.exe  < /dev/stdin > /dev/null
36	:	1522508514.369	    39.713	0	0	0	0	cd /home/guilhermel/Programs/tf_faun/Benchs/MiBench/network-patricia && timeout --signal=TERM 8m time ./network-patricia.exe  large.udp  < /dev/stdin > /dev/null
42	:	1522508514.405	    69.543	0	0	0	0	cd /home/guilhermel/Programs/tf_faun/Benchs/MiBench/telecomm-FFT && timeout --signal=TERM 8m time ./telecomm-FFT.exe  8 32768 -i  < /dev/stdin > /dev/null
32	:	1522508180.512	   480.980	0	0	124	0	cd /home/guilhermel/Programs/tf_faun/Benchs/MiBench/automotive-susan && timeout --signal=TERM 8m time ./automotive-susan.exe  input_large.pgm Output/output_large.smoothing.pgm -s  < /dev/stdin > /dev/null
39	:	1522508514.383	   211.251	0	0	0	0	cd /home/guilhermel/Programs/tf_faun/Benchs/MiBench/security-rijndael && timeout --signal=TERM 8m time ./security-rijndael.exe  input_large.asc large.enc e 1234567890abcdeffedcba09876543211234567890abcdeffedcba0987654321  < /dev/stdin > /dev/null
35	:	1522508514.365	   254.578	0	0	0	0	cd /home/guilhermel/Programs/tf_faun/Benchs/MiBench/network-dijkstra && timeout --signal=TERM 8m time ./network-dijkstra.exe  input.dat  < /dev/stdin > /dev/null
34	:	1522508305.793	   480.857	0	0	124	0	cd /home/guilhermel/Programs/tf_faun/Benchs/MiBench/consumer-lame && timeout --signal=TERM 8m time ./consumer-lame.exe  large.wav Output/output_large.mp3  < /dev/stdin > /dev/null
40	:	1522508514.388	   450.414	0	0	0	0	cd /home/guilhermel/Programs/tf_faun/Benchs/MiBench/security-sha && timeout --signal=TERM 8m time ./security-sha.exe  input_large.asc  < /dev/stdin > /dev/null
41	:	1522508514.394	   480.095	0	0	124	0	cd /home/guilhermel/Programs/tf_faun/Benchs/MiBench/telecomm-CRC32 && timeout --signal=TERM 8m time ./telecomm-CRC32.exe  large.pcm  < /dev/stdin > /dev/null
43	:	1522508514.417	   480.077	0	0	124	0	cd /home/guilhermel/Programs/tf_faun/Benchs/Misc/dt && timeout --signal=TERM 8m time ./dt.exe   < /dev/stdin > /dev/null
44	:	1522508521.607	   480.787	0	0	124	0	cd /home/guilhermel/Programs/tf_faun/Benchs/Misc/evalloop && timeout --signal=TERM 8m time ./evalloop.exe   < /dev/stdin > /dev/null
45	:	1522508554.098	   480.886	0	0	124	0	cd /home/guilhermel/Programs/tf_faun/Benchs/Misc/fbench && timeout --signal=TERM 8m time ./fbench.exe   < /dev/stdin > /dev/null
46	:	1522508583.955	   480.187	0	0	124	0	cd /home/guilhermel/Programs/tf_faun/Benchs/Misc/ffbench && timeout --signal=TERM 8m time ./ffbench.exe   < /dev/stdin > /dev/null
47	:	1522508661.502	   481.009	0	0	124	0	cd /home/guilhermel/Programs/tf_faun/Benchs/Misc/flops && timeout --signal=TERM 8m time ./flops.exe   < /dev/stdin > /dev/null
48	:	1522508725.639	   480.594	0	0	124	0	cd /home/guilhermel/Programs/tf_faun/Benchs/Misc/flops-1 && timeout --signal=TERM 8m time ./flops-1.exe   < /dev/stdin > /dev/null
49	:	1522508768.962	   480.771	0	0	124	0	cd /home/guilhermel/Programs/tf_faun/Benchs/Misc/flops-2 && timeout --signal=TERM 8m time ./flops-2.exe   < /dev/stdin > /dev/null
50	:	1522508786.657	   480.569	0	0	124	0	cd /home/guilhermel/Programs/tf_faun/Benchs/Misc/flops-3 && timeout --signal=TERM 8m time ./flops-3.exe   < /dev/stdin > /dev/null
51	:	1522508964.809	   480.119	0	0	124	0	cd /home/guilhermel/Programs/tf_faun/Benchs/Misc/flops-4 && timeout --signal=TERM 8m time ./flops-4.exe   < /dev/stdin > /dev/null
52	:	1522508994.495	   480.048	0	0	124	0	cd /home/guilhermel/Programs/tf_faun/Benchs/Misc/flops-5 && timeout --signal=TERM 8m time ./flops-5.exe   < /dev/stdin > /dev/null
53	:	1522508994.514	   480.034	0	0	124	0	cd /home/guilhermel/Programs/tf_faun/Benchs/Misc/flops-6 && timeout --signal=TERM 8m time ./flops-6.exe   < /dev/stdin > /dev/null
54	:	1522509002.415	   480.444	0	0	124	0	cd /home/guilhermel/Programs/tf_faun/Benchs/Misc/flops-7 && timeout --signal=TERM 8m time ./flops-7.exe   < /dev/stdin > /dev/null
55	:	1522509034.990	   480.640	0	0	124	0	cd /home/guilhermel/Programs/tf_faun/Benchs/Misc/flops-8 && timeout --signal=TERM 8m time ./flops-8.exe   < /dev/stdin > /dev/null
56	:	1522509064.163	   480.401	0	0	124	0	cd /home/guilhermel/Programs/tf_faun/Benchs/Misc/fp-convert && timeout --signal=TERM 8m time ./fp-convert.exe   < /dev/stdin > /dev/null
66	:	1522509544.570	     0.501	0	0	0	0	cd /home/guilhermel/Programs/tf_faun/Benchs/Misc/revertBits && timeout --signal=TERM 8m time ./revertBits.exe   < /dev/stdin > /dev/null
57	:	1522509142.527	   480.353	0	0	124	0	cd /home/guilhermel/Programs/tf_faun/Benchs/Misc/himenobmtxpa && timeout --signal=TERM 8m time ./himenobmtxpa.exe   < /dev/stdin > /dev/null
58	:	1522509206.242	   480.740	0	0	124	0	cd /home/guilhermel/Programs/tf_faun/Benchs/Misc/lowercase && timeout --signal=TERM 8m time ./lowercase.exe   < /dev/stdin > /dev/null
59	:	1522509249.738	   480.243	0	0	124	0	cd /home/guilhermel/Programs/tf_faun/Benchs/Misc/mandel && timeout --signal=TERM 8m time ./mandel.exe   < /dev/stdin > /dev/null
60	:	1522509267.232	   480.708	0	0	124	0	cd /home/guilhermel/Programs/tf_faun/Benchs/Misc/mandel-2 && timeout --signal=TERM 8m time ./mandel-2.exe   < /dev/stdin > /dev/null
70	:	1522509729.985	    80.099	0	0	0	0	cd /home/guilhermel/Programs/tf_faun/Benchs/Shootout/ackermann && timeout --signal=TERM 8m time ./ackermann.exe   < /dev/stdin > /dev/null
61	:	1522509444.935	   480.253	0	0	124	0	cd /home/guilhermel/Programs/tf_faun/Benchs/Misc/matmul_f64_4x4 && timeout --signal=TERM 8m time ./matmul_f64_4x4.exe   < /dev/stdin > /dev/null
62	:	1522509474.548	   480.255	0	0	124	0	cd /home/guilhermel/Programs/tf_faun/Benchs/Misc/oourafft && timeout --signal=TERM 8m time ./oourafft.exe   < /dev/stdin > /dev/null
63	:	1522509474.557	   480.253	0	0	124	0	cd /home/guilhermel/Programs/tf_faun/Benchs/Misc/perlin && timeout --signal=TERM 8m time ./perlin.exe   < /dev/stdin > /dev/null
75	:	1522509954.815	     0.542	0	0	0	0	cd /home/guilhermel/Programs/tf_faun/Benchs/Shootout/hello && timeout --signal=TERM 8m time ./hello.exe   < /dev/stdin > /dev/null
64	:	1522509482.866	   480.830	0	0	124	0	cd /home/guilhermel/Programs/tf_faun/Benchs/Misc/pi && timeout --signal=TERM 8m time ./pi.exe   < /dev/stdin > /dev/null
65	:	1522509515.643	   480.999	0	0	124	0	cd /home/guilhermel/Programs/tf_faun/Benchs/Misc/ReedSolomon && timeout --signal=TERM 8m time ./ReedSolomon.exe   < /dev/stdin > /dev/null
67	:	1522509545.077	   480.929	0	0	124	0	cd /home/guilhermel/Programs/tf_faun/Benchs/Misc/richards_benchmark && timeout --signal=TERM 8m time ./richards_benchmark.exe   < /dev/stdin > /dev/null
68	:	1522509622.885	   480.420	0	0	124	0	cd /home/guilhermel/Programs/tf_faun/Benchs/Misc/salsa20 && timeout --signal=TERM 8m time ./salsa20.exe   < /dev/stdin > /dev/null
69	:	1522509687.002	   480.403	0	0	124	0	cd /home/guilhermel/Programs/tf_faun/Benchs/Misc/whetstone && timeout --signal=TERM 8m time ./whetstone.exe   < /dev/stdin > /dev/null
71	:	1522509747.947	   481.013	0	0	124	0	cd /home/guilhermel/Programs/tf_faun/Benchs/Shootout/ary3 && timeout --signal=TERM 8m time ./ary3.exe   < /dev/stdin > /dev/null
72	:	1522509810.103	   480.470	0	0	124	0	cd /home/guilhermel/Programs/tf_faun/Benchs/Shootout/fib2 && timeout --signal=TERM 8m time ./fib2.exe   < /dev/stdin > /dev/null
73	:	1522509925.194	   480.401	0	0	124	0	cd /home/guilhermel/Programs/tf_faun/Benchs/Shootout/hash && timeout --signal=TERM 8m time ./hash.exe   < /dev/stdin > /dev/null
74	:	1522509954.810	   480.980	0	0	124	0	cd /home/guilhermel/Programs/tf_faun/Benchs/Shootout/heapsort && timeout --signal=TERM 8m time ./heapsort.exe   < /dev/stdin > /dev/null
76	:	1522509955.363	   480.433	0	0	124	0	cd /home/guilhermel/Programs/tf_faun/Benchs/Shootout/lists && timeout --signal=TERM 8m time ./lists.exe   < /dev/stdin > /dev/null
77	:	1522509963.703	   480.044	0	0	124	0	cd /home/guilhermel/Programs/tf_faun/Benchs/Shootout/matrix && timeout --signal=TERM 8m time ./matrix.exe   < /dev/stdin > /dev/null
86	:	1522510435.802	    16.259	0	0	0	0	cd /home/guilhermel/Programs/tf_faun/Benchs/Stanford/IntMM && timeout --signal=TERM 8m time ./IntMM.exe   < /dev/stdin > /dev/null
87	:	1522510443.755	    17.435	0	0	0	0	cd /home/guilhermel/Programs/tf_faun/Benchs/Stanford/Oscar && timeout --signal=TERM 8m time ./Oscar.exe   < /dev/stdin > /dev/null
78	:	1522509996.648	   480.450	0	0	124	0	cd /home/guilhermel/Programs/tf_faun/Benchs/Shootout/methcall && timeout --signal=TERM 8m time ./methcall.exe   < /dev/stdin > /dev/null
83	:	1522510290.578	   194.402	0	0	0	0	cd /home/guilhermel/Programs/tf_faun/Benchs/Shootout/strcat && timeout --signal=TERM 8m time ./strcat.exe   < /dev/stdin > /dev/null
91	:	1522510484.987	    15.569	0	0	0	0	cd /home/guilhermel/Programs/tf_faun/Benchs/Stanford/RealMM && timeout --signal=TERM 8m time ./RealMM.exe   < /dev/stdin > /dev/null
79	:	1522510026.012	   480.536	0	0	124	0	cd /home/guilhermel/Programs/tf_faun/Benchs/Shootout/nestedloop && timeout --signal=TERM 8m time ./nestedloop.exe   < /dev/stdin > /dev/null
80	:	1522510103.310	   480.125	0	0	124	0	cd /home/guilhermel/Programs/tf_faun/Benchs/Shootout/objinst && timeout --signal=TERM 8m time ./objinst.exe   < /dev/stdin > /dev/null
89	:	1522510461.196	   171.080	0	0	0	0	cd /home/guilhermel/Programs/tf_faun/Benchs/Stanford/Queens && timeout --signal=TERM 8m time ./Queens.exe   < /dev/stdin > /dev/null
90	:	1522510477.103	   168.534	0	0	0	0	cd /home/guilhermel/Programs/tf_faun/Benchs/Stanford/Quicksort && timeout --signal=TERM 8m time ./Quicksort.exe   < /dev/stdin > /dev/null
81	:	1522510167.412	   480.640	0	0	124	0	cd /home/guilhermel/Programs/tf_faun/Benchs/Shootout/random && timeout --signal=TERM 8m time ./random.exe   < /dev/stdin > /dev/null
97	:	1522510648.058	    18.959	0	0	0	0	cd /home/guilhermel/Programs/tf_faun/Benchs/mediabench/adpcm/rawdaudio && timeout --signal=TERM 8m time ./adpcm-rawdaudio.exe  <  ../data/clinton.adpcm  > /dev/null
96	:	1522510645.643	    28.633	0	0	0	0	cd /home/guilhermel/Programs/tf_faun/Benchs/mediabench/adpcm/rawcaudio && timeout --signal=TERM 8m time ./adpcm-rawcaudio.exe  <  ../data/clinton.pcm  > /dev/null
82	:	1522510228.967	   480.141	0	0	124	0	cd /home/guilhermel/Programs/tf_faun/Benchs/Shootout/sieve && timeout --signal=TERM 8m time ./sieve.exe   < /dev/stdin > /dev/null
99	:	1522510674.281	    39.726	0	0	0	0	cd /home/guilhermel/Programs/tf_faun/Benchs/mediabench/jpeg/jpeg-6a && timeout --signal=TERM 8m time ./g721.exe  -dct int -progressive -opt ../data/testimg.ppm  < /dev/stdin > /dev/null
93	:	1522510506.554	   207.959	0	0	0	0	cd /home/guilhermel/Programs/tf_faun/Benchs/Stanford/Treesort && timeout --signal=TERM 8m time ./Treesort.exe   < /dev/stdin > /dev/null
102	:	1522510714.519	     0.276	0	0	139	0	cd /home/guilhermel/Programs/tf_faun/Benchs/cpu2006/400.perlbench/rbc && timeout --signal=TERM 8m time ./perlbench.exe -I../data/all/input/lib ../data/all/input/diffmail.pl < /dev/stdin > /dev/null
84	:	1522510405.601	   316.962	0	0	0	0	cd /home/guilhermel/Programs/tf_faun/Benchs/Stanford/Bubblesort && timeout --signal=TERM 8m time ./Bubblesort.exe   < /dev/stdin > /dev/null
92	:	1522510500.565	   373.715	0	0	0	0	cd /home/guilhermel/Programs/tf_faun/Benchs/Stanford/Towers && timeout --signal=TERM 8m time ./Towers.exe   < /dev/stdin > /dev/null
105	:	1522510874.288	     0.546	0	0	0	0	cd /home/guilhermel/Programs/tf_faun/Benchs/cpu2006/433.milc/rbc && timeout --signal=TERM 8m time ./milc.exe  ../data/test/input/su3imp.in  < /dev/stdin > /dev/null
85	:	1522510435.796	   480.674	0	0	124	0	cd /home/guilhermel/Programs/tf_faun/Benchs/Stanford/FloatMM && timeout --signal=TERM 8m time ./FloatMM.exe   < /dev/stdin > /dev/null
88	:	1522510452.069	   480.467	0	0	124	0	cd /home/guilhermel/Programs/tf_faun/Benchs/Stanford/Puzzle && timeout --signal=TERM 8m time ./Puzzle.exe   < /dev/stdin > /dev/null
101	:	1522510714.012	   255.746	0	0	0	0	cd /home/guilhermel/Programs/tf_faun/Benchs/mediabench/mpeg2/mpeg2dec && timeout --signal=TERM 8m time ./mpeg2.exe  -b ../data/mei16v2.m2v -r -f -o0 tmp  < /dev/stdin > /dev/null
109	:	1522510969.764	     0.545	0	0	44	0	cd /home/guilhermel/Programs/tf_faun/Benchs/cpu2006/464.h264ref/rbc && timeout --signal=TERM 8m time ./h264ref.exe  1397 8  < /dev/stdin > /dev/null
94	:	1522510583.441	   480.628	0	0	124	0	cd /home/guilhermel/Programs/tf_faun/Benchs/Fhourstones && timeout --signal=TERM 8m time ./Fhourstones.exe  <  input  > /dev/null
95	:	1522510632.283	   480.792	0	0	124	0	cd /home/guilhermel/Programs/tf_faun/Benchs/Linpack && timeout --signal=TERM 8m time ./Linpack.exe   < /dev/stdin > /dev/null
98	:	1522510667.024	   480.817	0	0	124	0	cd /home/guilhermel/Programs/tf_faun/Benchs/mediabench/g721/g721encode && timeout --signal=TERM 8m time ./g721.exe  <  ../data/clinton.pcm  > /dev/null
100	:	1522510709.126	   480.469	0	0	124	0	cd /home/guilhermel/Programs/tf_faun/Benchs/mediabench/gsm/toast && timeout --signal=TERM 8m time ./gsm.exe  -c ../data/clinton.pcm  < /dev/stdin > /dev/null
103	:	1522510714.802	   480.799	0	0	124	0	cd /home/guilhermel/Programs/tf_faun/Benchs/cpu2006/401.bzip2/rbc && timeout --signal=TERM 8m time ./bzip2.exe  ../data/ref/input/input.source 5  < /dev/stdin > /dev/null
104	:	1522510722.570	   481.061	0	0	124	0	cd /home/guilhermel/Programs/tf_faun/Benchs/cpu2006/429.mcf/rbc && timeout --signal=TERM 8m time ./mcf.exe  ../data/ref/input/inp.in  < /dev/stdin > /dev/null
106	:	1522510874.841	   481.010	0	0	124	0	cd /home/guilhermel/Programs/tf_faun/Benchs/cpu2006/456.hmmer/rbc && timeout --signal=TERM 8m time ./hmmer.exe  --fixed 0 --mean 425 --num 85000 --sd 300 --seed 0 ../data/train/input/leng100.hmm  < /dev/stdin > /dev/null
107	:	1522510916.490	   480.769	0	0	124	0	cd /home/guilhermel/Programs/tf_faun/Benchs/cpu2006/458.sjeng/rbc && timeout --signal=TERM 8m time ./sjeng.exe  test  < /dev/stdin > /dev/null
108	:	1522510932.543	   480.789	0	0	124	0	cd /home/guilhermel/Programs/tf_faun/Benchs/cpu2006/462.libquantum/rbc && timeout --signal=TERM 8m time ./libquantum.exe  1397 8  < /dev/stdin > /dev/null
119	:	1522511413.338	     0.506	0	0	1	0	cd /home/guilhermel/Programs/tf_faun/Benchs/Ptrdist/anagram && timeout --signal=TERM 8m time ./anagram.exe  words 2  < input.OUT > /dev/null
110	:	1522510970.314	   480.907	0	0	124	0	cd /home/guilhermel/Programs/tf_faun/Benchs/cpu2006/470.lbm/rbc && timeout --signal=TERM 8m time ./lbm.exe  20 reference.dat 0 1 ../data/test/input/100_100_130_cf_a.of  < /dev/stdin > /dev/null
111	:	1522511064.074	   480.679	0	0	124	0	cd /home/guilhermel/Programs/tf_faun/Benchs/ASCI_Purple && timeout --signal=TERM 8m time ./smg2000.exe  -n 30 15 30 -c 0.1 1.0 10.0  < /dev/stdin > /dev/null
112	:	1522511113.094	   480.672	0	0	124	0	cd /home/guilhermel/Programs/tf_faun/Benchs/Fhourstones_31 && timeout --signal=TERM 8m time ./Fhourstones_31.exe  <  inputs  > /dev/null
113	:	1522511147.845	   480.700	0	0	124	0	cd /home/guilhermel/Programs/tf_faun/Benchs/SciMark2-C && timeout --signal=TERM 8m time ./SciMark2-C.exe   < /dev/stdin > /dev/null
114	:	1522511189.615	   480.700	0	0	124	0	cd /home/guilhermel/Programs/tf_faun/Benchs/sim && timeout --signal=TERM 8m time ./sim.exe  8 tob.38-44 liv.42-48  < /dev/stdin > /dev/null
115	:	1522511195.607	   480.699	0	0	124	0	cd /home/guilhermel/Programs/tf_faun/Benchs/mafft && timeout --signal=TERM 8m time ./mafft.exe  -b 62 -g 0.100 -f 2.00 -h 0.100 -L  <  pyruvate_decarboxylase.fasta  > /dev/null
116	:	1522511203.635	   480.713	0	0	124	0	cd /home/guilhermel/Programs/tf_faun/Benchs/tramp3d-v4 && timeout --signal=TERM 8m time ./tramp3d-v4.exe  --cartvis 1.0 0.0 --rhomin 1e-8 -n 4 --domain 32 32 32 < /dev/stdin > /dev/null
117	:	1522511355.870	   480.714	0	0	124	0	cd /home/guilhermel/Programs/tf_faun/Benchs/llubenchmark && timeout --signal=TERM 8m time ./llu.exe -i 6000 < /dev/stdin > /dev/null
118	:	1522511397.278	   480.710	0	0	124	0	cd /home/guilhermel/Programs/tf_faun/Benchs/nbench && timeout --signal=TERM 8m time ./nbench.exe  < /dev/stdin > /dev/null
120	:	1522511413.862	   480.187	0	0	124	0	cd /home/guilhermel/Programs/tf_faun/Benchs/Ptrdist/bc && timeout --signal=TERM 8m time ./bc.exe   < primes.b > /dev/null
121	:	1522511451.225	   480.052	0	0	124	0	cd /home/guilhermel/Programs/tf_faun/Benchs/Ptrdist/ft && timeout --signal=TERM 8m time ./ft.exe  1500 100000  < /dev/stdin > /dev/null
122	:	1522511544.757	   480.404	0	0	124	0	cd /home/guilhermel/Programs/tf_faun/Benchs/Ptrdist/ks && timeout --signal=TERM 8m time ./ks.exe  KL-4.in  < /dev/stdin > /dev/null
123	:	1522511593.786	   480.661	0	0	124	0	cd /home/guilhermel/Programs/tf_faun/Benchs/Ptrdist/yacr2 && timeout --signal=TERM 8m time ./yacr2.exe  input2.in  < /dev/stdin > /dev/null
124	:	1522511628.562	   480.868	0	0	124	0	cd /home/guilhermel/Programs/tf_faun/Benchs/Trimaran/enc-3des && timeout --signal=TERM 8m time ./enc-3des.exe 100 < /dev/stdin > /dev/null
125	:	1522511670.318	   480.335	0	0	124	0	cd /home/guilhermel/Programs/tf_faun/Benchs/Trimaran/enc-md5 && timeout --signal=TERM 8m time ./enc-md5.exe 10 < /dev/stdin > /dev/null
126	:	1522511676.326	   480.482	0	0	124	0	cd /home/guilhermel/Programs/tf_faun/Benchs/Trimaran/enc-pc1 && timeout --signal=TERM 8m time ./enc-pc1.exe 5000000 < /dev/stdin > /dev/null
127	:	1522511684.353	   480.504	0	0	124	0	cd /home/guilhermel/Programs/tf_faun/Benchs/Trimaran/enc-rc4 && timeout --signal=TERM 8m time ./enc-rc4.exe 200000 < /dev/stdin > /dev/null
128	:	1522511836.598	   480.700	0	0	124	0	cd /home/guilhermel/Programs/tf_faun/Benchs/Trimaran/netbench-crc && timeout --signal=TERM 8m time ./netbench-crc.exe 12000 < /dev/stdin > /dev/null
129	:	1522511877.992	   480.756	0	0	124	0	cd /home/guilhermel/Programs/tf_faun/Benchs/Trimaran/netbench-url && timeout --signal=TERM 8m time ./netbench-url.exe medium_inputs 900 < /dev/stdin > /dev/null
130	:	1522511894.054	   480.142	0	0	124	0	cd /home/guilhermel/Programs/tf_faun/Benchs/TSVC/ControlFlow-dbl && timeout --signal=TERM 8m time ./ControlFlow-dbl.exe  2325 14  < /dev/stdin > /dev/null
131	:	1522511931.283	   480.236	0	0	124	0	cd /home/guilhermel/Programs/tf_faun/Benchs/TSVC/ControlFlow-flt && timeout --signal=TERM 8m time ./ControlFlow-flt.exe  2325 5  < /dev/stdin > /dev/null
132	:	1522512025.166	   481.069	0	0	124	0	cd /home/guilhermel/Programs/tf_faun/Benchs/TSVC/ControlLoops-dbl && timeout --signal=TERM 8m time ./ControlLoops-dbl.exe  1640 14  < /dev/stdin > /dev/null
133	:	1522512074.454	   480.259	0	0	124	0	cd /home/guilhermel/Programs/tf_faun/Benchs/TSVC/ControlLoops-flt && timeout --signal=TERM 8m time ./ControlLoops-flt.exe  1640 5  < /dev/stdin > /dev/null
134	:	1522512109.436	   480.156	0	0	124	0	cd /home/guilhermel/Programs/tf_faun/Benchs/TSVC/CrossingThresholds-dbl && timeout --signal=TERM 8m time ./CrossingThresholds-dbl.exe  5880 14  < /dev/stdin > /dev/null
135	:	1522512150.658	   480.963	0	0	124	0	cd /home/guilhermel/Programs/tf_faun/Benchs/TSVC/CrossingThresholds-flt && timeout --signal=TERM 8m time ./CrossingThresholds-flt.exe  5880 5  < /dev/stdin > /dev/null
136	:	1522512156.826	   480.545	0	0	124	0	cd /home/guilhermel/Programs/tf_faun/Benchs/TSVC/Equivalencing-dbl && timeout --signal=TERM 8m time ./Equivalencing-dbl.exe  3125 14  < /dev/stdin > /dev/null
137	:	1522512164.863	   480.758	0	0	124	0	cd /home/guilhermel/Programs/tf_faun/Benchs/TSVC/Equivalencing-flt && timeout --signal=TERM 8m time ./Equivalencing-flt.exe  3125 5  < /dev/stdin > /dev/null
138	:	1522512317.318	   480.263	0	0	124	0	cd /home/guilhermel/Programs/tf_faun/Benchs/TSVC/Expansion-dbl && timeout --signal=TERM 8m time ./Expansion-dbl.exe  4160 14  < /dev/stdin > /dev/null
139	:	1522512358.755	   480.787	0	0	124	0	cd /home/guilhermel/Programs/tf_faun/Benchs/TSVC/Expansion-flt && timeout --signal=TERM 8m time ./Expansion-flt.exe  4160 5  < /dev/stdin > /dev/null
140	:	1522512374.202	   480.149	0	0	124	0	cd /home/guilhermel/Programs/tf_faun/Benchs/TSVC/GlobalDataFlow-dbl && timeout --signal=TERM 8m time ./GlobalDataFlow-dbl.exe  3450 14  < /dev/stdin > /dev/null
141	:	1522512411.538	   480.076	0	0	124	0	cd /home/guilhermel/Programs/tf_faun/Benchs/TSVC/GlobalDataFlow-flt && timeout --signal=TERM 8m time ./GlobalDataFlow-flt.exe  3450 5  < /dev/stdin > /dev/null
142	:	1522512506.255	   480.436	0	0	124	0	cd /home/guilhermel/Programs/tf_faun/Benchs/TSVC/IndirectAddressing-dbl && timeout --signal=TERM 8m time ./IndirectAddressing-dbl.exe  12500 14  < /dev/stdin > /dev/null
143	:	1522512554.719	   480.073	0	0	124	0	cd /home/guilhermel/Programs/tf_faun/Benchs/TSVC/IndirectAddressing-flt && timeout --signal=TERM 8m time ./IndirectAddressing-flt.exe  12500 5  < /dev/stdin > /dev/null
144	:	1522512589.611	   480.983	0	0	124	0	cd /home/guilhermel/Programs/tf_faun/Benchs/TSVC/InductionVariable-dbl && timeout --signal=TERM 8m time ./InductionVariable-dbl.exe  9100 14  < /dev/stdin > /dev/null
145	:	1522512631.634	   480.029	0	0	124	0	cd /home/guilhermel/Programs/tf_faun/Benchs/TSVC/InductionVariable-flt && timeout --signal=TERM 8m time ./InductionVariable-flt.exe  9100 5  < /dev/stdin > /dev/null
146	:	1522512637.374	   480.182	0	0	124	0	cd /home/guilhermel/Programs/tf_faun/Benchs/TSVC/LinearDependence-dbl && timeout --signal=TERM 8m time ./LinearDependence-dbl.exe  3570 14  < /dev/stdin > /dev/null
147	:	1522512645.625	   480.900	0	0	124	0	cd /home/guilhermel/Programs/tf_faun/Benchs/TSVC/LinearDependence-flt && timeout --signal=TERM 8m time ./LinearDependence-flt.exe  3570 5  < /dev/stdin > /dev/null
148	:	1522512797.598	   480.799	0	0	124	0	cd /home/guilhermel/Programs/tf_faun/Benchs/TSVC/LoopRerolling-dbl && timeout --signal=TERM 8m time ./LoopRerolling-dbl.exe  5260 14  < /dev/stdin > /dev/null
149	:	1522512839.563	   480.568	0	0	124	0	cd /home/guilhermel/Programs/tf_faun/Benchs/TSVC/LoopRerolling-flt && timeout --signal=TERM 8m time ./LoopRerolling-flt.exe  5260 5  < /dev/stdin > /dev/null
150	:	1522512854.355	   480.374	0	0	124	0	cd /home/guilhermel/Programs/tf_faun/Benchs/TSVC/LoopRestructuring-dbl && timeout --signal=TERM 8m time ./LoopRestructuring-dbl.exe  4350 14  < /dev/stdin > /dev/null
151	:	1522512891.634	   480.274	0	0	124	0	cd /home/guilhermel/Programs/tf_faun/Benchs/TSVC/LoopRestructuring-flt && timeout --signal=TERM 8m time ./LoopRestructuring-flt.exe  4350 5  < /dev/stdin > /dev/null
152	:	1522512986.706	   480.684	0	0	124	0	cd /home/guilhermel/Programs/tf_faun/Benchs/TSVC/NodeSplitting-dbl && timeout --signal=TERM 8m time ./NodeSplitting-dbl.exe  10000 14  < /dev/stdin > /dev/null
153	:	1522513034.797	   480.044	0	0	124	0	cd /home/guilhermel/Programs/tf_faun/Benchs/TSVC/NodeSplitting-flt && timeout --signal=TERM 8m time ./NodeSplitting-flt.exe  10000 5  < /dev/stdin > /dev/null
154	:	1522513070.599	   480.410	0	0	124	0	cd /home/guilhermel/Programs/tf_faun/Benchs/TSVC/Packing-dbl && timeout --signal=TERM 8m time ./Packing-dbl.exe  50000 14  < /dev/stdin > /dev/null
155	:	1522513111.667	   480.438	0	0	124	0	cd /home/guilhermel/Programs/tf_faun/Benchs/TSVC/Packing-flt && timeout --signal=TERM 8m time ./Packing-flt.exe  50000 5  < /dev/stdin > /dev/null
156	:	1522513117.560	   480.615	0	0	124	0	cd /home/guilhermel/Programs/tf_faun/Benchs/TSVC/Recurrences-dbl && timeout --signal=TERM 8m time ./Recurrences-dbl.exe  20000 14  < /dev/stdin > /dev/null
157	:	1522513126.542	   480.539	0	0	124	0	cd /home/guilhermel/Programs/tf_faun/Benchs/TSVC/Recurrences-flt && timeout --signal=TERM 8m time ./Recurrences-flt.exe  20000 5  < /dev/stdin > /dev/null
158	:	1522513278.400	   480.734	0	0	124	0	cd /home/guilhermel/Programs/tf_faun/Benchs/TSVC/Reductions-dbl && timeout --signal=TERM 8m time ./Reductions-dbl.exe  1670 14  < /dev/stdin > /dev/null
159	:	1522513320.136	   480.804	0	0	124	0	cd /home/guilhermel/Programs/tf_faun/Benchs/TSVC/Reductions-flt && timeout --signal=TERM 8m time ./Reductions-flt.exe  1670 5  < /dev/stdin > /dev/null
160	:	1522513334.733	   480.389	0	0	124	0	cd /home/guilhermel/Programs/tf_faun/Benchs/TSVC/Searching-dbl && timeout --signal=TERM 8m time ./Searching-dbl.exe  80000 14  < /dev/stdin > /dev/null
161	:	1522513371.912	   480.818	0	0	124	0	cd /home/guilhermel/Programs/tf_faun/Benchs/TSVC/Searching-flt && timeout --signal=TERM 8m time ./Searching-flt.exe  80000 5  < /dev/stdin > /dev/null
162	:	1522513467.398	   480.134	0	0	124	0	cd /home/guilhermel/Programs/tf_faun/Benchs/TSVC/StatementReordering-dbl && timeout --signal=TERM 8m time ./StatementReordering-dbl.exe  20000 14  < /dev/stdin > /dev/null
163	:	1522513514.846	   480.375	0	0	124	0	cd /home/guilhermel/Programs/tf_faun/Benchs/TSVC/StatementReordering-flt && timeout --signal=TERM 8m time ./StatementReordering-flt.exe  20000 5  < /dev/stdin > /dev/null
164	:	1522513551.013	   480.519	0	0	124	0	cd /home/guilhermel/Programs/tf_faun/Benchs/TSVC/Symbolics-dbl && timeout --signal=TERM 8m time ./Symbolics-dbl.exe  9090 14  < /dev/stdin > /dev/null
165	:	1522513592.126	   481.022	0	0	124	0	cd /home/guilhermel/Programs/tf_faun/Benchs/TSVC/Symbolics-flt && timeout --signal=TERM 8m time ./Symbolics-flt.exe  9090 5  < /dev/stdin > /dev/null
166	:	1522513598.178	   480.138	0	0	124	0	cd /home/guilhermel/Programs/tf_faun/Benchs/PAQ8p && timeout --signal=TERM 8m time ./PAQ8p.exe  -1 small.in  < /dev/stdin > /dev/null
167	:	1522513607.084	   480.376	0	0	124	0	cd /home/guilhermel/Programs/tf_faun/Benchs/NPB-serial/dc && timeout --signal=TERM 8m time ./dc.exe  10000000 ADC.par  < /dev/stdin > /dev/null
168	:	1522513759.139	   480.812	0	0	124	0	cd /home/guilhermel/Programs/tf_faun/Benchs/NPB-serial/is && timeout --signal=TERM 8m time ./is.exe  < /dev/stdin > /dev/null
169	:	1522513800.958	   480.253	0	0	124	0	cd /home/guilhermel/Programs/tf_faun/Benchs/VersaBench/8b10b && timeout --signal=TERM 8m time ./8b10b.exe /home/guilhermel/Programs/tf_faun/Benchs/VersaBench/8b10b/input 2000 < /dev/stdin > /dev/null
170	:	1522513815.127	   480.628	0	0	124	0	cd /home/guilhermel/Programs/tf_faun/Benchs/VersaBench/beamformer && timeout --signal=TERM 8m time ./beamformer.exe -i 140 < /dev/stdin > /dev/null
171	:	1522513852.750	   480.676	0	0	124	0	cd /home/guilhermel/Programs/tf_faun/Benchs/VersaBench/bmm && timeout --signal=TERM 8m time ./bmm.exe 1024 64 < /dev/stdin > /dev/null
172	:	1522513947.550	   480.403	0	0	124	0	cd /home/guilhermel/Programs/tf_faun/Benchs/VersaBench/dbms && timeout --signal=TERM 8m time ./dbms.exe -i /home/guilhermel/Programs/tf_faun/Benchs/VersaBench/dbms/dbms.ref.in < /dev/stdin > /dev/null
173	:	1522513995.226	   480.596	0	0	124	0	cd /home/guilhermel/Programs/tf_faun/Benchs/VersaBench/ecbdes && timeout --signal=TERM 8m time ./ecbdes.exe 16 < /dev/stdin > /dev/null
174	:	1522514031.539	   480.549	0	0	124	0	cd /home/guilhermel/Programs/tf_faun/Benchs/FreeBench/analyzer && timeout --signal=TERM 8m time ./analyzer.exe /home/guilhermel/Programs/tf_faun/Benchs/FreeBench/analyzer/test.in < /dev/stdin > /dev/null
184	:	1522514512.106	     3.174	0	0	0	0	cd /home/guilhermel/Programs/tf_faun/Benchs/MallocBench/make && timeout --signal=TERM 8m time ./make.exe -n -f /home/guilhermel/Programs/tf_faun/Benchs/MallocBench/make/INPUT/GNUmakefile.make USEROPT=BWGC VPATH=/home/guilhermel/Programs/tf_faun/Benchs/MallocBench/make < /dev/stdin > /dev/null
175	:	1522514073.166	   480.279	0	0	124	0	cd /home/guilhermel/Programs/tf_faun/Benchs/FreeBench/distray && timeout --signal=TERM 8m time ./distray.exe /home/guilhermel/Programs/tf_faun/Benchs/FreeBench/distray/test.in < /dev/stdin > /dev/null
176	:	1522514078.322	   480.286	0	0	124	0	cd /home/guilhermel/Programs/tf_faun/Benchs/FreeBench/fourinarow && timeout --signal=TERM 8m time ./fourinarow.exe /home/guilhermel/Programs/tf_faun/Benchs/FreeBench/fourinarow/test.in < /dev/stdin > /dev/null
186	:	1522514553.451	    12.246	0	0	0	0	cd /home/guilhermel/Programs/tf_faun/Benchs/McCat/03-testtrie && timeout --signal=TERM 8m time ./03-testtrie.exe /home/guilhermel/Programs/tf_faun/Benchs/McCat/03-testtrie/testtrie.in2 < /dev/stdin > /dev/null
177	:	1522514087.466	   480.629	0	0	124	0	cd /home/guilhermel/Programs/tf_faun/Benchs/FreeBench/mason && timeout --signal=TERM 8m time ./mason.exe /home/guilhermel/Programs/tf_faun/Benchs/FreeBench/mason/test.in < /dev/stdin > /dev/null
188	:	1522514565.703	    41.689	0	0	0	0	cd /home/guilhermel/Programs/tf_faun/Benchs/McCat/05-eks && timeout --signal=TERM 8m time ./05-eks.exe  < /dev/stdin > /dev/null
185	:	1522514515.298	   187.367	0	0	0	0	cd /home/guilhermel/Programs/tf_faun/Benchs/McCat/01-qbsort && timeout --signal=TERM 8m time ./01-qbsort.exe 1000 < /home/guilhermel/Programs/tf_faun/Benchs/McCat/01-qbsort/benchmark.in3 > /dev/null
178	:	1522514239.957	   480.973	0	0	124	0	cd /home/guilhermel/Programs/tf_faun/Benchs/FreeBench/neural && timeout --signal=TERM 8m time ./neural.exe /home/guilhermel/Programs/tf_faun/Benchs/FreeBench/neural/test.in < /dev/stdin > /dev/null
192	:	1522514720.935	     1.074	0	0	0	0	cd /home/guilhermel/Programs/tf_faun/Benchs/McCat/15-trie && timeout --signal=TERM 8m time ./15-trie.exe  trie.in1  < /dev/stdin > /dev/null
179	:	1522514281.217	   480.388	0	0	124	0	cd /home/guilhermel/Programs/tf_faun/Benchs/FreeBench/pcompress2 && timeout --signal=TERM 8m time ./pcompress2.exe /home/guilhermel/Programs/tf_faun/Benchs/FreeBench/pcompress2/test.in < /dev/stdin > /dev/null
194	:	1522514761.612	     0.532	0	0	139	0	cd /home/guilhermel/Programs/tf_faun/Benchs/McCat/18-imp && timeout --signal=TERM 8m time ./18-imp.exe  sg01.imp  < /dev/stdin > /dev/null
180	:	1522514295.760	   480.680	0	0	124	0	cd /home/guilhermel/Programs/tf_faun/Benchs/FreeBench/pifft && timeout --signal=TERM 8m time ./pifft.exe /home/guilhermel/Programs/tf_faun/Benchs/FreeBench/pifft/test.in < /dev/stdin > /dev/null
189	:	1522514568.114	   214.125	0	0	0	0	cd /home/guilhermel/Programs/tf_faun/Benchs/McCat/08-main && timeout --signal=TERM 8m time ./08-main.exe  < /dev/stdin > /dev/null
181	:	1522514333.432	   480.414	0	0	124	0	cd /home/guilhermel/Programs/tf_faun/Benchs/MallocBench/cfrac && timeout --signal=TERM 8m time ./cfrac.exe 41757646344123832613190542166099121 < /dev/stdin > /dev/null
183	:	1522514475.842	   356.430	0	0	0	0	cd /home/guilhermel/Programs/tf_faun/Benchs/MallocBench/gs && timeout --signal=TERM 8m time ./gs.exe -DNODISPLAY /home/guilhermel/Programs/tf_faun/Benchs/MallocBench/gs/INPUT/large.ps < /dev/stdin > /dev/null
187	:	1522514558.616	   281.577	0	0	0	0	cd /home/guilhermel/Programs/tf_faun/Benchs/McCat/04-bisect && timeout --signal=TERM 8m time ./04-bisect.exe  < /home/guilhermel/Programs/tf_faun/Benchs/McCat/04-bisect/bisect_test.in > /dev/null
182	:	1522514427.959	   480.399	0	0	124	0	cd /home/guilhermel/Programs/tf_faun/Benchs/MallocBench/espresso && timeout --signal=TERM 8m time ./espresso.exe -t /home/guilhermel/Programs/tf_faun/Benchs/MallocBench/espresso/INPUT/largest.espresso < /dev/stdin > /dev/null
190	:	1522514607.399	   386.837	0	0	0	0	cd /home/guilhermel/Programs/tf_faun/Benchs/McCat/09-vor && timeout --signal=TERM 8m time ./09-vor.exe  < vor.in3 > /dev/null
193	:	1522514722.015	   278.225	0	0	0	0	cd /home/guilhermel/Programs/tf_faun/Benchs/McCat/17-bintr && timeout --signal=TERM 8m time ./17-bintr.exe  <  bnchmrk.in1  > /dev/null
191	:	1522514702.671	   480.867	0	0	124	0	cd /home/guilhermel/Programs/tf_faun/Benchs/McCat/12-IOtest && timeout --signal=TERM 8m time ./12-IOtest.exe  < /dev/stdin > /dev/null
195	:	1522514762.150	   481.026	0	0	124	0	cd /home/guilhermel/Programs/tf_faun/Benchs/Olden/bh && timeout --signal=TERM 8m time ./bh.exe 20000 20 < /dev/stdin > /dev/null
205	:	1522515243.194	    11.302	0	0	0	0	cd /home/guilhermel/Programs/tf_faun/Benchs/Prolangs-C/agrep && timeout --signal=TERM 8m time ./agrep.exe -2 int InstructionCombining.cpp < /dev/stdin > /dev/null
206	:	1522515254.502	     0.519	0	0	0	0	cd /home/guilhermel/Programs/tf_faun/Benchs/Prolangs-C/allroots && timeout --signal=TERM 8m time ./allroots.exe  < /dev/stdin > /dev/null
207	:	1522515255.027	     0.286	0	0	1	0	cd /home/guilhermel/Programs/tf_faun/Benchs/Prolangs-C/archie-client && timeout --signal=TERM 8m time ./archie-client.exe  < /dev/stdin > /dev/null
208	:	1522515255.320	     0.157	0	0	0	0	cd /home/guilhermel/Programs/tf_faun/Benchs/Prolangs-C/assembler && timeout --signal=TERM 8m time ./assembler.exe assem.lst < /dev/stdin > /dev/null
196	:	1522514776.447	   480.029	0	0	124	0	cd /home/guilhermel/Programs/tf_faun/Benchs/Olden/bisort && timeout --signal=TERM 8m time ./bisort.exe 700000 < /dev/stdin > /dev/null
210	:	1522515256.483	     1.062	0	0	0	0	cd /home/guilhermel/Programs/tf_faun/Benchs/Prolangs-C/cdecl && timeout --signal=TERM 8m time ./cdecl.exe  < testset > /dev/null
211	:	1522515257.558	     0.099	0	0	0	0	cd /home/guilhermel/Programs/tf_faun/Benchs/Prolangs-C/compiler && timeout --signal=TERM 8m time ./compiler.exe  < /dev/stdin > /dev/null
212	:	1522515257.663	     0.054	0	0	0	0	cd /home/guilhermel/Programs/tf_faun/Benchs/Prolangs-C/fixoutput && timeout --signal=TERM 8m time ./fixoutput.exe  < /dev/stdin > /dev/null
213	:	1522515257.724	     0.029	0	0	1	0	cd /home/guilhermel/Programs/tf_faun/Benchs/Prolangs-C/football && timeout --signal=TERM 8m time ./football.exe  < /dev/stdin > /dev/null
209	:	1522515255.484	     4.283	0	0	0	0	cd /home/guilhermel/Programs/tf_faun/Benchs/Prolangs-C/bison && timeout --signal=TERM 8m time ./bison.exe parse.y.in -v < /dev/stdin > /dev/null
215	:	1522515259.786	     0.108	0	0	0	0	cd /home/guilhermel/Programs/tf_faun/Benchs/Prolangs-C/loader && timeout --signal=TERM 8m time ./loader.exe  < /dev/stdin > /dev/null
216	:	1522515259.906	     0.060	0	0	0	0	cd /home/guilhermel/Programs/tf_faun/Benchs/Prolangs-C/plot2fig && timeout --signal=TERM 8m time ./plot2fig.exe  < /dev/stdin > /dev/null
217	:	1522515259.971	     0.032	0	0	0	0	cd /home/guilhermel/Programs/tf_faun/Benchs/Prolangs-C/simulator && timeout --signal=TERM 8m time ./simulator.exe  < /dev/stdin > /dev/null
218	:	1522515260.010	     0.018	0	0	0	0	cd /home/guilhermel/Programs/tf_faun/Benchs/Prolangs-C/TimberWolfMC && timeout --signal=TERM 8m time ./TimberWolfMC.exe  < /dev/stdin > /dev/null
219	:	1522515260.034	     0.022	0	0	0	0	cd /home/guilhermel/Programs/tf_faun/Benchs/Prolangs-C/unix-smail && timeout --signal=TERM 8m time ./unix-smail.exe -v ALL < main.c > /dev/null
220	:	1522515260.062	     0.006	0	0	0	0	cd /home/guilhermel/Programs/tf_faun/Benchs/Prolangs-C/unix-tbl && timeout --signal=TERM 8m time ./unix-tbl.exe  < /dev/stdin > /dev/null
197	:	1522514782.246	   480.203	0	0	124	0	cd /home/guilhermel/Programs/tf_faun/Benchs/Olden/em3d && timeout --signal=TERM 8m time ./em3d.exe 256 250 35 < /dev/stdin > /dev/null
198	:	1522514813.853	   480.811	0	0	124	0	cd /home/guilhermel/Programs/tf_faun/Benchs/Olden/health && timeout --signal=TERM 8m time ./health.exe 9 20 1 < /dev/stdin > /dev/null
199	:	1522514832.290	   471.689	0	0	0	0	cd /home/guilhermel/Programs/tf_faun/Benchs/Olden/mst && timeout --signal=TERM 8m time ./mst.exe 1000 < /dev/stdin > /dev/null
200	:	1522514840.198	   480.021	0	0	124	0	cd /home/guilhermel/Programs/tf_faun/Benchs/Olden/perimeter && timeout --signal=TERM 8m time ./perimeter.exe 10 < /dev/stdin > /dev/null
201	:	1522514908.378	   480.201	0	0	124	0	cd /home/guilhermel/Programs/tf_faun/Benchs/Olden/power && timeout --signal=TERM 8m time ./power.exe  < /dev/stdin > /dev/null
202	:	1522514994.242	   480.757	0	0	124	0	cd /home/guilhermel/Programs/tf_faun/Benchs/Olden/treeadd && timeout --signal=TERM 8m time ./treeadd.exe 20 < /dev/stdin > /dev/null
203	:	1522515000.258	   480.851	0	0	124	0	cd /home/guilhermel/Programs/tf_faun/Benchs/Olden/tsp && timeout --signal=TERM 8m time ./tsp.exe 1024000 < /dev/stdin > /dev/null
214	:	1522515257.761	   346.985	0	0	1	0	cd /home/guilhermel/Programs/tf_faun/Benchs/Prolangs-C/gnugo && timeout --signal=TERM 8m time ./gnugo.exe  < stdin > /dev/null
204	:	1522515183.544	   480.282	0	0	124	0	cd /home/guilhermel/Programs/tf_faun/Benchs/Olden/voronoi && timeout --signal=TERM 8m time ./voronoi.exe 100000 20 32 7 < /dev/stdin > /dev/null
